[0.556s] Invoking command in '/root/ros_workspace/build/turtlebot3_msgs': CMAKE_PREFIX_PATH=${CMAKE_PREFIX_PATH}:/root/ros_workspace/install/turtlebot3_teleop:/root/ros_workspace/install/turtlebot3_example:/root/ros_workspace/install/doom_nodes:/opt/ros/jazzy /usr/bin/cmake /root/ros_workspace/src/turtlebot3_msgs -DAMENT_CMAKE_SYMLINK_INSTALL=1 -DCMAKE_INSTALL_PREFIX=/root/ros_workspace/install/turtlebot3_msgs
[1.891s] -- The C compiler identification is GNU 13.3.0
[2.845s] -- The CXX compiler identification is GNU 13.3.0
[3.120s] -- Detecting C compiler ABI info
[5.874s] -- Detecting C compiler ABI info - done
[5.988s] -- Check for working C compiler: /usr/bin/cc - skipped
[5.994s] -- Detecting C compile features
[6.005s] -- Detecting C compile features - done
[6.197s] -- Detecting CXX compiler ABI info
[9.751s] -- Detecting CXX compiler ABI info - done
[9.894s] -- Check for working CXX compiler: /usr/bin/c++ - skipped
[9.897s] -- Detecting CXX compile features
[9.901s] -- Detecting CXX compile features - done
[10.229s] -- Found action_msgs: 2.0.3 (/opt/ros/jazzy/share/action_msgs/cmake)
[20.143s] -- Found Python3: /usr/bin/python3 (found version "3.12.3") found components: Interpreter 
[21.417s] -- Override CMake install command with custom implementation using symlinks instead of copying resources
[29.495s] -- Found rosidl_generator_c: 4.6.6 (/opt/ros/jazzy/share/rosidl_generator_c/cmake)
[30.516s] -- Found rosidl_generator_cpp: 4.6.6 (/opt/ros/jazzy/share/rosidl_generator_cpp/cmake)
[31.703s] -- Using all available rosidl_typesupport_c: rosidl_typesupport_fastrtps_c;rosidl_typesupport_introspection_c
[33.329s] -- Using all available rosidl_typesupport_cpp: rosidl_typesupport_fastrtps_cpp;rosidl_typesupport_introspection_cpp
[36.106s] -- Found rosidl_default_generators: 1.6.0 (/opt/ros/jazzy/share/rosidl_default_generators/cmake)
[38.306s] -- Found rosidl_adapter: 4.6.6 (/opt/ros/jazzy/share/rosidl_adapter/cmake)
[38.823s] -- Found std_msgs: 5.3.6 (/opt/ros/jazzy/share/std_msgs/cmake)
[39.760s] -- Found geometry_msgs: 5.3.6 (/opt/ros/jazzy/share/geometry_msgs/cmake)
[64.680s] -- Found ament_cmake_cppcheck: 0.17.3 (/opt/ros/jazzy/share/ament_cmake_cppcheck/cmake)
[67.403s] -- Found ament_cmake_cpplint: 0.17.3 (/opt/ros/jazzy/share/ament_cmake_cpplint/cmake)
[68.984s] -- Found ament_cmake_uncrustify: 0.17.3 (/opt/ros/jazzy/share/ament_cmake_uncrustify/cmake)
[70.715s] -- Found ament_cmake_ros: 0.12.0 (/opt/ros/jazzy/share/ament_cmake_ros/cmake)
[110.782s] -- Using all available rosidl_typesupport_c: rosidl_typesupport_fastrtps_c;rosidl_typesupport_introspection_c
[127.188s] -- Using all available rosidl_typesupport_cpp: rosidl_typesupport_fastrtps_cpp;rosidl_typesupport_introspection_cpp
[128.300s] -- Found python_cmake_module: 0.11.1 (/opt/ros/jazzy/share/python_cmake_module/cmake)
[134.206s] -- Found PythonExtra: /usr/bin/python3  
[142.493s] -- Found Python3: /usr/bin/python3 (found version "3.12.3") found components: Interpreter Development NumPy Development.Module Development.Embed 
[151.197s] -- Found ament_cmake_flake8: 0.17.3 (/opt/ros/jazzy/share/ament_cmake_flake8/cmake)
[154.246s] -- Found ament_cmake_pep257: 0.17.3 (/opt/ros/jazzy/share/ament_cmake_pep257/cmake)
[163.152s] -- Configuring done (162.5s)
[170.047s] -- Generating done (5.3s)
[171.889s] -- Build files have been written to: /root/ros_workspace/build/turtlebot3_msgs
[171.923s] Invoked command in '/root/ros_workspace/build/turtlebot3_msgs' returned '0': CMAKE_PREFIX_PATH=${CMAKE_PREFIX_PATH}:/root/ros_workspace/install/turtlebot3_teleop:/root/ros_workspace/install/turtlebot3_example:/root/ros_workspace/install/doom_nodes:/opt/ros/jazzy /usr/bin/cmake /root/ros_workspace/src/turtlebot3_msgs -DAMENT_CMAKE_SYMLINK_INSTALL=1 -DCMAKE_INSTALL_PREFIX=/root/ros_workspace/install/turtlebot3_msgs
[171.942s] Invoking command in '/root/ros_workspace/build/turtlebot3_msgs': CMAKE_PREFIX_PATH=${CMAKE_PREFIX_PATH}:/root/ros_workspace/install/turtlebot3_teleop:/root/ros_workspace/install/turtlebot3_example:/root/ros_workspace/install/doom_nodes:/opt/ros/jazzy /usr/bin/cmake --build /root/ros_workspace/build/turtlebot3_msgs -- -j8 -l8
[173.922s] [  1%] [34m[1mGenerating type hashes for ROS interfaces[0m
[174.090s] [  1%] Built target ament_cmake_python_symlink_turtlebot3_msgs
[177.158s] running egg_info
[177.162s] creating turtlebot3_msgs.egg-info
[177.320s] writing turtlebot3_msgs.egg-info/PKG-INFO
[177.337s] writing dependency_links to turtlebot3_msgs.egg-info/dependency_links.txt
[177.356s] writing top-level names to turtlebot3_msgs.egg-info/top_level.txt
[177.369s] writing manifest file 'turtlebot3_msgs.egg-info/SOURCES.txt'
[177.867s] reading manifest file 'turtlebot3_msgs.egg-info/SOURCES.txt'
[177.951s] writing manifest file 'turtlebot3_msgs.egg-info/SOURCES.txt'
[178.286s] [  1%] Built target turtlebot3_msgs__rosidl_generator_type_description
[178.381s] [  1%] Built target ament_cmake_python_build_turtlebot3_msgs_egg
[179.460s] [  2%] [34m[1mGenerating C code for ROS interfaces[0m
[180.100s] [  3%] [34m[1mGenerating C++ code for ROS interfaces[0m
[190.798s] [  3%] Built target turtlebot3_msgs__cpp
[199.061s] [  4%] [32mBuilding C object CMakeFiles/turtlebot3_msgs__rosidl_generator_c.dir/rosidl_generator_c/turtlebot3_msgs/msg/detail/sensor_state__description.c.o[0m
[199.075s] [  5%] [32mBuilding C object CMakeFiles/turtlebot3_msgs__rosidl_generator_c.dir/rosidl_generator_c/turtlebot3_msgs/msg/detail/sensor_state__functions.c.o[0m
[199.912s] [  7%] [32mBuilding C object CMakeFiles/turtlebot3_msgs__rosidl_generator_c.dir/rosidl_generator_c/turtlebot3_msgs/msg/detail/version_info__type_support.c.o[0m
[199.916s] [  7%] [32mBuilding C object CMakeFiles/turtlebot3_msgs__rosidl_generator_c.dir/rosidl_generator_c/turtlebot3_msgs/msg/detail/version_info__functions.c.o[0m
[200.948s] [  8%] [32mBuilding C object CMakeFiles/turtlebot3_msgs__rosidl_generator_c.dir/rosidl_generator_c/turtlebot3_msgs/srv/detail/sound__description.c.o[0m
[201.015s] [  9%] [32mBuilding C object CMakeFiles/turtlebot3_msgs__rosidl_generator_c.dir/rosidl_generator_c/turtlebot3_msgs/srv/detail/sound__functions.c.o[0m
[201.992s] [ 10%] [32mBuilding C object CMakeFiles/turtlebot3_msgs__rosidl_generator_c.dir/rosidl_generator_c/turtlebot3_msgs/srv/detail/sound__type_support.c.o[0m
[202.063s] [ 11%] [32mBuilding C object CMakeFiles/turtlebot3_msgs__rosidl_generator_c.dir/rosidl_generator_c/turtlebot3_msgs/srv/detail/dqn__description.c.o[0m
[202.926s] [ 12%] [32mBuilding C object CMakeFiles/turtlebot3_msgs__rosidl_generator_c.dir/rosidl_generator_c/turtlebot3_msgs/srv/detail/dqn__functions.c.o[0m
[203.013s] [ 13%] [32mBuilding C object CMakeFiles/turtlebot3_msgs__rosidl_generator_c.dir/rosidl_generator_c/turtlebot3_msgs/srv/detail/dqn__type_support.c.o[0m
[204.135s] [ 14%] [32mBuilding C object CMakeFiles/turtlebot3_msgs__rosidl_generator_c.dir/rosidl_generator_c/turtlebot3_msgs/srv/detail/goal__description.c.o[0m
[204.202s] [ 15%] [32mBuilding C object CMakeFiles/turtlebot3_msgs__rosidl_generator_c.dir/rosidl_generator_c/turtlebot3_msgs/srv/detail/goal__functions.c.o[0m
[205.466s] [ 17%] [32mBuilding C object CMakeFiles/turtlebot3_msgs__rosidl_generator_c.dir/rosidl_generator_c/turtlebot3_msgs/srv/detail/goal__type_support.c.o[0m
[205.627s] [ 18%] [32mBuilding C object CMakeFiles/turtlebot3_msgs__rosidl_generator_c.dir/rosidl_generator_c/turtlebot3_msgs/action/detail/patrol__description.c.o[0m
[205.852s] [ 19%] [32mBuilding C object CMakeFiles/turtlebot3_msgs__rosidl_generator_c.dir/rosidl_generator_c/turtlebot3_msgs/action/detail/patrol__functions.c.o[0m
[206.036s] [ 20%] [32mBuilding C object CMakeFiles/turtlebot3_msgs__rosidl_generator_c.dir/rosidl_generator_c/turtlebot3_msgs/msg/detail/version_info__description.c.o[0m
[206.652s] [ 21%] [32mBuilding C object CMakeFiles/turtlebot3_msgs__rosidl_generator_c.dir/rosidl_generator_c/turtlebot3_msgs/msg/detail/sound__type_support.c.o[0m
[207.088s] [ 22%] [32mBuilding C object CMakeFiles/turtlebot3_msgs__rosidl_generator_c.dir/rosidl_generator_c/turtlebot3_msgs/msg/detail/sound__functions.c.o[0m
[207.120s] [ 23%] [32mBuilding C object CMakeFiles/turtlebot3_msgs__rosidl_generator_c.dir/rosidl_generator_c/turtlebot3_msgs/action/detail/patrol__type_support.c.o[0m
[207.240s] [ 24%] [32mBuilding C object CMakeFiles/turtlebot3_msgs__rosidl_generator_c.dir/rosidl_generator_c/turtlebot3_msgs/msg/detail/sound__description.c.o[0m
[207.370s] [ 25%] [32mBuilding C object CMakeFiles/turtlebot3_msgs__rosidl_generator_c.dir/rosidl_generator_c/turtlebot3_msgs/msg/detail/sensor_state__type_support.c.o[0m
[208.773s] [ 26%] [32m[1mLinking C shared library libturtlebot3_msgs__rosidl_generator_c.so[0m
[212.228s] [ 26%] Built target turtlebot3_msgs__rosidl_generator_c
[213.288s] [ 27%] [34m[1mGenerating C++ type support dispatch for ROS interfaces[0m
[213.391s] [ 30%] [34m[1mGenerating C type support for eProsima Fast-RTPS[0m
[213.399s] [ 30%] [34m[1mGenerating C introspection for ROS interfaces[0m
[213.405s] [ 30%] [34m[1mGenerating C++ type support for eProsima Fast-RTPS[0m
[222.857s] [ 31%] [32mBuilding CXX object CMakeFiles/turtlebot3_msgs__rosidl_typesupport_cpp.dir/rosidl_typesupport_cpp/turtlebot3_msgs/msg/sensor_state__type_support.cpp.o[0m
[223.218s] [ 32%] [32mBuilding CXX object CMakeFiles/turtlebot3_msgs__rosidl_typesupport_cpp.dir/rosidl_typesupport_cpp/turtlebot3_msgs/msg/sound__type_support.cpp.o[0m
[225.953s] [ 34%] [32mBuilding CXX object CMakeFiles/turtlebot3_msgs__rosidl_typesupport_cpp.dir/rosidl_typesupport_cpp/turtlebot3_msgs/msg/version_info__type_support.cpp.o[0m
[227.197s] [ 35%] [32mBuilding C object CMakeFiles/turtlebot3_msgs__rosidl_typesupport_introspection_c.dir/rosidl_typesupport_introspection_c/turtlebot3_msgs/msg/detail/sensor_state__type_support.c.o[0m
[228.225s] [ 36%] [32mBuilding CXX object CMakeFiles/turtlebot3_msgs__rosidl_typesupport_fastrtps_c.dir/rosidl_typesupport_fastrtps_c/turtlebot3_msgs/msg/detail/sensor_state__type_support_c.cpp.o[0m
[228.243s] [ 37%] [32mBuilding CXX object CMakeFiles/turtlebot3_msgs__rosidl_typesupport_fastrtps_cpp.dir/rosidl_typesupport_fastrtps_cpp/turtlebot3_msgs/msg/detail/dds_fastrtps/sensor_state__type_support.cpp.o[0m
[228.884s] [ 38%] [32mBuilding C object CMakeFiles/turtlebot3_msgs__rosidl_typesupport_introspection_c.dir/rosidl_typesupport_introspection_c/turtlebot3_msgs/msg/detail/sound__type_support.c.o[0m
[228.964s] [ 39%] [32mBuilding CXX object CMakeFiles/turtlebot3_msgs__rosidl_typesupport_cpp.dir/rosidl_typesupport_cpp/turtlebot3_msgs/srv/dqn__type_support.cpp.o[0m
[230.541s] [ 40%] [32mBuilding C object CMakeFiles/turtlebot3_msgs__rosidl_typesupport_introspection_c.dir/rosidl_typesupport_introspection_c/turtlebot3_msgs/msg/detail/version_info__type_support.c.o[0m
[231.948s] [ 41%] [32mBuilding CXX object CMakeFiles/turtlebot3_msgs__rosidl_typesupport_fastrtps_c.dir/rosidl_typesupport_fastrtps_c/turtlebot3_msgs/msg/detail/sound__type_support_c.cpp.o[0m
[232.206s] [ 42%] [32mBuilding C object CMakeFiles/turtlebot3_msgs__rosidl_typesupport_introspection_c.dir/rosidl_typesupport_introspection_c/turtlebot3_msgs/srv/detail/sound__type_support.c.o[0m
[232.333s] [ 43%] [32mBuilding CXX object CMakeFiles/turtlebot3_msgs__rosidl_typesupport_cpp.dir/rosidl_typesupport_cpp/turtlebot3_msgs/srv/sound__type_support.cpp.o[0m
[232.449s] [ 44%] [32mBuilding CXX object CMakeFiles/turtlebot3_msgs__rosidl_typesupport_fastrtps_cpp.dir/rosidl_typesupport_fastrtps_cpp/turtlebot3_msgs/msg/detail/dds_fastrtps/sound__type_support.cpp.o[0m
[233.626s] [ 45%] [32mBuilding C object CMakeFiles/turtlebot3_msgs__rosidl_typesupport_introspection_c.dir/rosidl_typesupport_introspection_c/turtlebot3_msgs/srv/detail/dqn__type_support.c.o[0m
[234.939s] [ 46%] [32mBuilding CXX object CMakeFiles/turtlebot3_msgs__rosidl_typesupport_fastrtps_c.dir/rosidl_typesupport_fastrtps_c/turtlebot3_msgs/msg/detail/version_info__type_support_c.cpp.o[0m
[234.958s] [ 47%] [32mBuilding C object CMakeFiles/turtlebot3_msgs__rosidl_typesupport_introspection_c.dir/rosidl_typesupport_introspection_c/turtlebot3_msgs/srv/detail/goal__type_support.c.o[0m
[235.157s] [ 48%] [32mBuilding CXX object CMakeFiles/turtlebot3_msgs__rosidl_typesupport_cpp.dir/rosidl_typesupport_cpp/turtlebot3_msgs/action/patrol__type_support.cpp.o[0m
[236.223s] [ 50%] [32mBuilding CXX object CMakeFiles/turtlebot3_msgs__rosidl_typesupport_fastrtps_cpp.dir/rosidl_typesupport_fastrtps_cpp/turtlebot3_msgs/msg/detail/dds_fastrtps/version_info__type_support.cpp.o[0m
[236.641s] [ 51%] [32mBuilding C object CMakeFiles/turtlebot3_msgs__rosidl_typesupport_introspection_c.dir/rosidl_typesupport_introspection_c/turtlebot3_msgs/action/detail/patrol__type_support.c.o[0m
[238.682s] [ 52%] [32mBuilding CXX object CMakeFiles/turtlebot3_msgs__rosidl_typesupport_fastrtps_c.dir/rosidl_typesupport_fastrtps_c/turtlebot3_msgs/srv/detail/sound__type_support_c.cpp.o[0m
[238.779s] [ 53%] [32m[1mLinking C shared library libturtlebot3_msgs__rosidl_typesupport_introspection_c.so[0m
[240.533s] [ 54%] [32mBuilding CXX object CMakeFiles/turtlebot3_msgs__rosidl_typesupport_cpp.dir/rosidl_typesupport_cpp/turtlebot3_msgs/srv/goal__type_support.cpp.o[0m
[240.977s] [ 55%] [32mBuilding CXX object CMakeFiles/turtlebot3_msgs__rosidl_typesupport_fastrtps_cpp.dir/rosidl_typesupport_fastrtps_cpp/turtlebot3_msgs/srv/detail/dds_fastrtps/dqn__type_support.cpp.o[0m
[241.499s] [ 55%] Built target turtlebot3_msgs__rosidl_typesupport_introspection_c
[243.715s] [ 56%] [32mBuilding CXX object CMakeFiles/turtlebot3_msgs__rosidl_typesupport_fastrtps_c.dir/rosidl_typesupport_fastrtps_c/turtlebot3_msgs/srv/detail/goal__type_support_c.cpp.o[0m
[244.394s] [ 57%] [32m[1mLinking CXX shared library libturtlebot3_msgs__rosidl_typesupport_cpp.so[0m
[247.194s] [ 58%] [32mBuilding CXX object CMakeFiles/turtlebot3_msgs__rosidl_typesupport_fastrtps_cpp.dir/rosidl_typesupport_fastrtps_cpp/turtlebot3_msgs/srv/detail/dds_fastrtps/goal__type_support.cpp.o[0m
[247.907s] [ 58%] Built target turtlebot3_msgs__rosidl_typesupport_cpp
[247.985s] [ 59%] [32mBuilding CXX object CMakeFiles/turtlebot3_msgs__rosidl_typesupport_fastrtps_c.dir/rosidl_typesupport_fastrtps_c/turtlebot3_msgs/action/detail/patrol__type_support_c.cpp.o[0m
[252.902s] [ 60%] [32mBuilding CXX object CMakeFiles/turtlebot3_msgs__rosidl_typesupport_fastrtps_c.dir/rosidl_typesupport_fastrtps_c/turtlebot3_msgs/srv/detail/dqn__type_support_c.cpp.o[0m
[252.931s] [ 61%] [32mBuilding CXX object CMakeFiles/turtlebot3_msgs__rosidl_typesupport_fastrtps_cpp.dir/rosidl_typesupport_fastrtps_cpp/turtlebot3_msgs/action/detail/dds_fastrtps/patrol__type_support.cpp.o[0m
[256.228s] [ 62%] [32m[1mLinking CXX shared library libturtlebot3_msgs__rosidl_typesupport_fastrtps_c.so[0m
[258.261s] [ 62%] Built target turtlebot3_msgs__rosidl_typesupport_fastrtps_c
[258.785s] [ 63%] [34m[1mGenerating C++ introspection for ROS interfaces[0m
[258.860s] [ 64%] [32mBuilding CXX object CMakeFiles/turtlebot3_msgs__rosidl_typesupport_fastrtps_cpp.dir/rosidl_typesupport_fastrtps_cpp/turtlebot3_msgs/srv/detail/dds_fastrtps/sound__type_support.cpp.o[0m
[262.536s] [ 65%] [32m[1mLinking CXX shared library libturtlebot3_msgs__rosidl_typesupport_fastrtps_cpp.so[0m
[265.420s] [ 68%] [32mBuilding CXX object CMakeFiles/turtlebot3_msgs__rosidl_typesupport_introspection_cpp.dir/rosidl_typesupport_introspection_cpp/turtlebot3_msgs/msg/detail/sound__type_support.cpp.o[0m
[265.422s] [ 68%] [32mBuilding CXX object CMakeFiles/turtlebot3_msgs__rosidl_typesupport_introspection_cpp.dir/rosidl_typesupport_introspection_cpp/turtlebot3_msgs/msg/detail/sensor_state__type_support.cpp.o[0m
[265.450s] [ 69%] [32mBuilding CXX object CMakeFiles/turtlebot3_msgs__rosidl_typesupport_introspection_cpp.dir/rosidl_typesupport_introspection_cpp/turtlebot3_msgs/msg/detail/version_info__type_support.cpp.o[0m
[265.470s] [ 69%] Built target turtlebot3_msgs__rosidl_typesupport_fastrtps_cpp
[266.191s] [ 70%] [34m[1mGenerating C type support dispatch for ROS interfaces[0m
[268.314s] [ 71%] [32mBuilding CXX object CMakeFiles/turtlebot3_msgs__rosidl_typesupport_introspection_cpp.dir/rosidl_typesupport_introspection_cpp/turtlebot3_msgs/action/detail/patrol__type_support.cpp.o[0m
[268.339s] [ 72%] [32mBuilding CXX object CMakeFiles/turtlebot3_msgs__rosidl_typesupport_introspection_cpp.dir/rosidl_typesupport_introspection_cpp/turtlebot3_msgs/srv/detail/goal__type_support.cpp.o[0m
[268.360s] [ 73%] [32mBuilding CXX object CMakeFiles/turtlebot3_msgs__rosidl_typesupport_introspection_cpp.dir/rosidl_typesupport_introspection_cpp/turtlebot3_msgs/srv/detail/dqn__type_support.cpp.o[0m
[268.440s] [ 74%] [32mBuilding CXX object CMakeFiles/turtlebot3_msgs__rosidl_typesupport_introspection_cpp.dir/rosidl_typesupport_introspection_cpp/turtlebot3_msgs/srv/detail/sound__type_support.cpp.o[0m
[274.176s] [ 75%] [32mBuilding CXX object CMakeFiles/turtlebot3_msgs__rosidl_typesupport_c.dir/rosidl_typesupport_c/turtlebot3_msgs/msg/sensor_state__type_support.cpp.o[0m
[274.195s] [ 76%] [32mBuilding CXX object CMakeFiles/turtlebot3_msgs__rosidl_typesupport_c.dir/rosidl_typesupport_c/turtlebot3_msgs/msg/sound__type_support.cpp.o[0m
[274.221s] [ 77%] [32mBuilding CXX object CMakeFiles/turtlebot3_msgs__rosidl_typesupport_c.dir/rosidl_typesupport_c/turtlebot3_msgs/msg/version_info__type_support.cpp.o[0m
[274.361s] [ 78%] [32m[1mLinking CXX shared library libturtlebot3_msgs__rosidl_typesupport_introspection_cpp.so[0m
[275.274s] [ 79%] [32mBuilding CXX object CMakeFiles/turtlebot3_msgs__rosidl_typesupport_c.dir/rosidl_typesupport_c/turtlebot3_msgs/action/patrol__type_support.cpp.o[0m
[275.309s] [ 80%] [32mBuilding CXX object CMakeFiles/turtlebot3_msgs__rosidl_typesupport_c.dir/rosidl_typesupport_c/turtlebot3_msgs/srv/dqn__type_support.cpp.o[0m
[275.329s] [ 81%] [32mBuilding CXX object CMakeFiles/turtlebot3_msgs__rosidl_typesupport_c.dir/rosidl_typesupport_c/turtlebot3_msgs/srv/goal__type_support.cpp.o[0m
[275.483s] [ 82%] [32mBuilding CXX object CMakeFiles/turtlebot3_msgs__rosidl_typesupport_c.dir/rosidl_typesupport_c/turtlebot3_msgs/srv/sound__type_support.cpp.o[0m
[276.935s] [ 84%] [32m[1mLinking CXX shared library libturtlebot3_msgs__rosidl_typesupport_c.so[0m
[277.778s] [ 84%] Built target turtlebot3_msgs__rosidl_typesupport_introspection_cpp
[278.482s] [ 84%] Built target turtlebot3_msgs__rosidl_typesupport_c
[279.506s] [ 84%] Built target turtlebot3_msgs
[280.489s] [ 85%] [34m[1mGenerating Python code for ROS interfaces[0m
[287.836s] [ 85%] Built target turtlebot3_msgs__py
[288.793s] [ 86%] [32mBuilding C object CMakeFiles/turtlebot3_msgs__rosidl_generator_py.dir/rosidl_generator_py/turtlebot3_msgs/msg/_sound_s.c.o[0m
[288.806s] [ 87%] [32mBuilding C object CMakeFiles/turtlebot3_msgs__rosidl_generator_py.dir/rosidl_generator_py/turtlebot3_msgs/msg/_sensor_state_s.c.o[0m
[288.826s] [ 88%] [32mBuilding C object CMakeFiles/turtlebot3_msgs__rosidl_generator_py.dir/rosidl_generator_py/turtlebot3_msgs/srv/_sound_s.c.o[0m
[288.855s] [ 89%] [32mBuilding C object CMakeFiles/turtlebot3_msgs__rosidl_generator_py.dir/rosidl_generator_py/turtlebot3_msgs/msg/_version_info_s.c.o[0m
[288.904s] [ 90%] [32mBuilding C object CMakeFiles/turtlebot3_msgs__rosidl_generator_py.dir/rosidl_generator_py/turtlebot3_msgs/srv/_dqn_s.c.o[0m
[288.915s] [ 92%] [32mBuilding C object CMakeFiles/turtlebot3_msgs__rosidl_generator_py.dir/rosidl_generator_py/turtlebot3_msgs/action/_patrol_s.c.o[0m
[288.920s] [ 92%] [32mBuilding C object CMakeFiles/turtlebot3_msgs__rosidl_generator_py.dir/rosidl_generator_py/turtlebot3_msgs/srv/_goal_s.c.o[0m
[290.771s] [ 93%] [32m[1mLinking C shared library libturtlebot3_msgs__rosidl_generator_py.so[0m
[291.989s] [ 93%] Built target turtlebot3_msgs__rosidl_generator_py
[292.804s] [ 94%] [32mBuilding C object CMakeFiles/turtlebot3_msgs_s__rosidl_typesupport_c.dir/rosidl_generator_py/turtlebot3_msgs/_turtlebot3_msgs_s.ep.rosidl_typesupport_c.c.o[0m
[292.829s] [ 95%] [32mBuilding C object CMakeFiles/turtlebot3_msgs_s__rosidl_typesupport_fastrtps_c.dir/rosidl_generator_py/turtlebot3_msgs/_turtlebot3_msgs_s.ep.rosidl_typesupport_fastrtps_c.c.o[0m
[292.848s] [ 96%] [32mBuilding C object CMakeFiles/turtlebot3_msgs_s__rosidl_typesupport_introspection_c.dir/rosidl_generator_py/turtlebot3_msgs/_turtlebot3_msgs_s.ep.rosidl_typesupport_introspection_c.c.o[0m
[294.807s] [ 97%] [32m[1mLinking C shared module rosidl_generator_py/turtlebot3_msgs/turtlebot3_msgs_s__rosidl_typesupport_c.so[0m
[294.926s] [ 98%] [32m[1mLinking C shared module rosidl_generator_py/turtlebot3_msgs/turtlebot3_msgs_s__rosidl_typesupport_fastrtps_c.so[0m
[294.965s] [100%] [32m[1mLinking C shared module rosidl_generator_py/turtlebot3_msgs/turtlebot3_msgs_s__rosidl_typesupport_introspection_c.so[0m
[296.191s] [100%] Built target turtlebot3_msgs_s__rosidl_typesupport_c
[296.226s] [100%] Built target turtlebot3_msgs_s__rosidl_typesupport_fastrtps_c
[296.283s] [100%] Built target turtlebot3_msgs_s__rosidl_typesupport_introspection_c
[297.107s] Invoked command in '/root/ros_workspace/build/turtlebot3_msgs' returned '0': CMAKE_PREFIX_PATH=${CMAKE_PREFIX_PATH}:/root/ros_workspace/install/turtlebot3_teleop:/root/ros_workspace/install/turtlebot3_example:/root/ros_workspace/install/doom_nodes:/opt/ros/jazzy /usr/bin/cmake --build /root/ros_workspace/build/turtlebot3_msgs -- -j8 -l8
[297.140s] Invoking command in '/root/ros_workspace/build/turtlebot3_msgs': CMAKE_PREFIX_PATH=${CMAKE_PREFIX_PATH}:/root/ros_workspace/install/turtlebot3_teleop:/root/ros_workspace/install/turtlebot3_example:/root/ros_workspace/install/doom_nodes:/opt/ros/jazzy /usr/bin/cmake --install /root/ros_workspace/build/turtlebot3_msgs
[297.404s] -- Install configuration: ""
[297.421s] -- Execute custom install script
[297.461s] -- Symlinking: /root/ros_workspace/install/turtlebot3_msgs/share/ament_index/resource_index/rosidl_interfaces/turtlebot3_msgs
[297.850s] -- Symlinking: /root/ros_workspace/install/turtlebot3_msgs/share/turtlebot3_msgs/msg/SensorState.json
[298.296s] -- Symlinking: /root/ros_workspace/install/turtlebot3_msgs/share/turtlebot3_msgs/msg/Sound.json
[298.711s] -- Symlinking: /root/ros_workspace/install/turtlebot3_msgs/share/turtlebot3_msgs/msg/VersionInfo.json
[299.267s] -- Symlinking: /root/ros_workspace/install/turtlebot3_msgs/share/turtlebot3_msgs/srv/Sound.json
[299.728s] -- Symlinking: /root/ros_workspace/install/turtlebot3_msgs/share/turtlebot3_msgs/srv/Dqn.json
[300.098s] -- Symlinking: /root/ros_workspace/install/turtlebot3_msgs/share/turtlebot3_msgs/srv/Goal.json
[300.483s] -- Symlinking: /root/ros_workspace/install/turtlebot3_msgs/share/turtlebot3_msgs/action/Patrol.json
[301.463s] -- Symlinking: /root/ros_workspace/install/turtlebot3_msgs/include/turtlebot3_msgs/turtlebot3_msgs/action/detail/patrol__functions.h
[301.975s] -- Symlinking: /root/ros_workspace/install/turtlebot3_msgs/include/turtlebot3_msgs/turtlebot3_msgs/action/detail/patrol__struct.h
[302.426s] -- Symlinking: /root/ros_workspace/install/turtlebot3_msgs/include/turtlebot3_msgs/turtlebot3_msgs/action/detail/patrol__type_support.h
[302.806s] -- Symlinking: /root/ros_workspace/install/turtlebot3_msgs/include/turtlebot3_msgs/turtlebot3_msgs/action/patrol.h
[303.296s] -- Symlinking: /root/ros_workspace/install/turtlebot3_msgs/include/turtlebot3_msgs/turtlebot3_msgs/msg/detail/sensor_state__functions.h
[303.671s] -- Symlinking: /root/ros_workspace/install/turtlebot3_msgs/include/turtlebot3_msgs/turtlebot3_msgs/msg/detail/sensor_state__struct.h
[303.948s] -- Symlinking: /root/ros_workspace/install/turtlebot3_msgs/include/turtlebot3_msgs/turtlebot3_msgs/msg/detail/sensor_state__type_support.h
[304.220s] -- Symlinking: /root/ros_workspace/install/turtlebot3_msgs/include/turtlebot3_msgs/turtlebot3_msgs/msg/detail/sound__functions.h
[304.537s] -- Symlinking: /root/ros_workspace/install/turtlebot3_msgs/include/turtlebot3_msgs/turtlebot3_msgs/msg/detail/sound__struct.h
[304.861s] -- Symlinking: /root/ros_workspace/install/turtlebot3_msgs/include/turtlebot3_msgs/turtlebot3_msgs/msg/detail/sound__type_support.h
[305.184s] -- Symlinking: /root/ros_workspace/install/turtlebot3_msgs/include/turtlebot3_msgs/turtlebot3_msgs/msg/detail/version_info__functions.h
[305.497s] -- Symlinking: /root/ros_workspace/install/turtlebot3_msgs/include/turtlebot3_msgs/turtlebot3_msgs/msg/detail/version_info__struct.h
[305.830s] -- Symlinking: /root/ros_workspace/install/turtlebot3_msgs/include/turtlebot3_msgs/turtlebot3_msgs/msg/detail/version_info__type_support.h
[306.314s] -- Symlinking: /root/ros_workspace/install/turtlebot3_msgs/include/turtlebot3_msgs/turtlebot3_msgs/msg/rosidl_generator_c__visibility_control.h
[306.653s] -- Symlinking: /root/ros_workspace/install/turtlebot3_msgs/include/turtlebot3_msgs/turtlebot3_msgs/msg/sensor_state.h
[306.964s] -- Symlinking: /root/ros_workspace/install/turtlebot3_msgs/include/turtlebot3_msgs/turtlebot3_msgs/msg/sound.h
[307.267s] -- Symlinking: /root/ros_workspace/install/turtlebot3_msgs/include/turtlebot3_msgs/turtlebot3_msgs/msg/version_info.h
[307.626s] -- Symlinking: /root/ros_workspace/install/turtlebot3_msgs/include/turtlebot3_msgs/turtlebot3_msgs/srv/detail/dqn__functions.h
[308.025s] -- Symlinking: /root/ros_workspace/install/turtlebot3_msgs/include/turtlebot3_msgs/turtlebot3_msgs/srv/detail/dqn__struct.h
[308.395s] -- Symlinking: /root/ros_workspace/install/turtlebot3_msgs/include/turtlebot3_msgs/turtlebot3_msgs/srv/detail/dqn__type_support.h
[308.854s] -- Symlinking: /root/ros_workspace/install/turtlebot3_msgs/include/turtlebot3_msgs/turtlebot3_msgs/srv/detail/goal__functions.h
[309.248s] -- Symlinking: /root/ros_workspace/install/turtlebot3_msgs/include/turtlebot3_msgs/turtlebot3_msgs/srv/detail/goal__struct.h
[309.682s] -- Symlinking: /root/ros_workspace/install/turtlebot3_msgs/include/turtlebot3_msgs/turtlebot3_msgs/srv/detail/goal__type_support.h
[310.114s] -- Symlinking: /root/ros_workspace/install/turtlebot3_msgs/include/turtlebot3_msgs/turtlebot3_msgs/srv/detail/sound__functions.h
[310.479s] -- Symlinking: /root/ros_workspace/install/turtlebot3_msgs/include/turtlebot3_msgs/turtlebot3_msgs/srv/detail/sound__struct.h
[310.806s] -- Symlinking: /root/ros_workspace/install/turtlebot3_msgs/include/turtlebot3_msgs/turtlebot3_msgs/srv/detail/sound__type_support.h
[311.171s] -- Symlinking: /root/ros_workspace/install/turtlebot3_msgs/include/turtlebot3_msgs/turtlebot3_msgs/srv/dqn.h
[311.512s] -- Symlinking: /root/ros_workspace/install/turtlebot3_msgs/include/turtlebot3_msgs/turtlebot3_msgs/srv/goal.h
[311.847s] -- Symlinking: /root/ros_workspace/install/turtlebot3_msgs/include/turtlebot3_msgs/turtlebot3_msgs/srv/sound.h
[312.156s] -- Symlinking: /root/ros_workspace/install/turtlebot3_msgs/share/turtlebot3_msgs/environment/library_path.sh
[312.467s] -- Symlinking: /root/ros_workspace/install/turtlebot3_msgs/share/turtlebot3_msgs/environment/library_path.dsv
[313.205s] -- Symlinking: /root/ros_workspace/install/turtlebot3_msgs/include/turtlebot3_msgs/turtlebot3_msgs/action/detail/patrol__rosidl_typesupport_fastrtps_c.h
[313.585s] -- Symlinking: /root/ros_workspace/install/turtlebot3_msgs/include/turtlebot3_msgs/turtlebot3_msgs/msg/detail/sensor_state__rosidl_typesupport_fastrtps_c.h
[313.940s] -- Symlinking: /root/ros_workspace/install/turtlebot3_msgs/include/turtlebot3_msgs/turtlebot3_msgs/msg/detail/sound__rosidl_typesupport_fastrtps_c.h
[314.325s] -- Symlinking: /root/ros_workspace/install/turtlebot3_msgs/include/turtlebot3_msgs/turtlebot3_msgs/msg/detail/version_info__rosidl_typesupport_fastrtps_c.h
[314.715s] -- Symlinking: /root/ros_workspace/install/turtlebot3_msgs/include/turtlebot3_msgs/turtlebot3_msgs/msg/rosidl_typesupport_fastrtps_c__visibility_control.h
[315.076s] -- Symlinking: /root/ros_workspace/install/turtlebot3_msgs/include/turtlebot3_msgs/turtlebot3_msgs/srv/detail/dqn__rosidl_typesupport_fastrtps_c.h
[315.430s] -- Symlinking: /root/ros_workspace/install/turtlebot3_msgs/include/turtlebot3_msgs/turtlebot3_msgs/srv/detail/goal__rosidl_typesupport_fastrtps_c.h
[315.835s] -- Symlinking: /root/ros_workspace/install/turtlebot3_msgs/include/turtlebot3_msgs/turtlebot3_msgs/srv/detail/sound__rosidl_typesupport_fastrtps_c.h
[316.484s] -- Symlinking: /root/ros_workspace/install/turtlebot3_msgs/include/turtlebot3_msgs/turtlebot3_msgs/action/detail/patrol__builder.hpp
[316.784s] -- Symlinking: /root/ros_workspace/install/turtlebot3_msgs/include/turtlebot3_msgs/turtlebot3_msgs/action/detail/patrol__struct.hpp
[317.087s] -- Symlinking: /root/ros_workspace/install/turtlebot3_msgs/include/turtlebot3_msgs/turtlebot3_msgs/action/detail/patrol__traits.hpp
[317.404s] -- Symlinking: /root/ros_workspace/install/turtlebot3_msgs/include/turtlebot3_msgs/turtlebot3_msgs/action/detail/patrol__type_support.hpp
[317.740s] -- Symlinking: /root/ros_workspace/install/turtlebot3_msgs/include/turtlebot3_msgs/turtlebot3_msgs/action/patrol.hpp
[318.042s] -- Symlinking: /root/ros_workspace/install/turtlebot3_msgs/include/turtlebot3_msgs/turtlebot3_msgs/msg/detail/sensor_state__builder.hpp
[318.407s] -- Symlinking: /root/ros_workspace/install/turtlebot3_msgs/include/turtlebot3_msgs/turtlebot3_msgs/msg/detail/sensor_state__struct.hpp
[318.729s] -- Symlinking: /root/ros_workspace/install/turtlebot3_msgs/include/turtlebot3_msgs/turtlebot3_msgs/msg/detail/sensor_state__traits.hpp
[319.036s] -- Symlinking: /root/ros_workspace/install/turtlebot3_msgs/include/turtlebot3_msgs/turtlebot3_msgs/msg/detail/sensor_state__type_support.hpp
[319.333s] -- Symlinking: /root/ros_workspace/install/turtlebot3_msgs/include/turtlebot3_msgs/turtlebot3_msgs/msg/detail/sound__builder.hpp
[319.672s] -- Symlinking: /root/ros_workspace/install/turtlebot3_msgs/include/turtlebot3_msgs/turtlebot3_msgs/msg/detail/sound__struct.hpp
[320.084s] -- Symlinking: /root/ros_workspace/install/turtlebot3_msgs/include/turtlebot3_msgs/turtlebot3_msgs/msg/detail/sound__traits.hpp
[320.454s] -- Symlinking: /root/ros_workspace/install/turtlebot3_msgs/include/turtlebot3_msgs/turtlebot3_msgs/msg/detail/sound__type_support.hpp
[320.846s] -- Symlinking: /root/ros_workspace/install/turtlebot3_msgs/include/turtlebot3_msgs/turtlebot3_msgs/msg/detail/version_info__builder.hpp
[321.253s] -- Symlinking: /root/ros_workspace/install/turtlebot3_msgs/include/turtlebot3_msgs/turtlebot3_msgs/msg/detail/version_info__struct.hpp
[321.750s] -- Symlinking: /root/ros_workspace/install/turtlebot3_msgs/include/turtlebot3_msgs/turtlebot3_msgs/msg/detail/version_info__traits.hpp
[322.214s] -- Symlinking: /root/ros_workspace/install/turtlebot3_msgs/include/turtlebot3_msgs/turtlebot3_msgs/msg/detail/version_info__type_support.hpp
[322.667s] -- Symlinking: /root/ros_workspace/install/turtlebot3_msgs/include/turtlebot3_msgs/turtlebot3_msgs/msg/rosidl_generator_cpp__visibility_control.hpp
[323.198s] -- Symlinking: /root/ros_workspace/install/turtlebot3_msgs/include/turtlebot3_msgs/turtlebot3_msgs/msg/sensor_state.hpp
[323.840s] -- Symlinking: /root/ros_workspace/install/turtlebot3_msgs/include/turtlebot3_msgs/turtlebot3_msgs/msg/sound.hpp
[324.423s] -- Symlinking: /root/ros_workspace/install/turtlebot3_msgs/include/turtlebot3_msgs/turtlebot3_msgs/msg/version_info.hpp
[324.810s] -- Symlinking: /root/ros_workspace/install/turtlebot3_msgs/include/turtlebot3_msgs/turtlebot3_msgs/srv/detail/dqn__builder.hpp
[325.208s] -- Symlinking: /root/ros_workspace/install/turtlebot3_msgs/include/turtlebot3_msgs/turtlebot3_msgs/srv/detail/dqn__struct.hpp
[325.628s] -- Symlinking: /root/ros_workspace/install/turtlebot3_msgs/include/turtlebot3_msgs/turtlebot3_msgs/srv/detail/dqn__traits.hpp
[326.063s] -- Symlinking: /root/ros_workspace/install/turtlebot3_msgs/include/turtlebot3_msgs/turtlebot3_msgs/srv/detail/dqn__type_support.hpp
[326.470s] -- Symlinking: /root/ros_workspace/install/turtlebot3_msgs/include/turtlebot3_msgs/turtlebot3_msgs/srv/detail/goal__builder.hpp
[326.902s] -- Symlinking: /root/ros_workspace/install/turtlebot3_msgs/include/turtlebot3_msgs/turtlebot3_msgs/srv/detail/goal__struct.hpp
[327.312s] -- Symlinking: /root/ros_workspace/install/turtlebot3_msgs/include/turtlebot3_msgs/turtlebot3_msgs/srv/detail/goal__traits.hpp
[327.707s] -- Symlinking: /root/ros_workspace/install/turtlebot3_msgs/include/turtlebot3_msgs/turtlebot3_msgs/srv/detail/goal__type_support.hpp
[328.120s] -- Symlinking: /root/ros_workspace/install/turtlebot3_msgs/include/turtlebot3_msgs/turtlebot3_msgs/srv/detail/sound__builder.hpp
[328.611s] -- Symlinking: /root/ros_workspace/install/turtlebot3_msgs/include/turtlebot3_msgs/turtlebot3_msgs/srv/detail/sound__struct.hpp
[329.096s] -- Symlinking: /root/ros_workspace/install/turtlebot3_msgs/include/turtlebot3_msgs/turtlebot3_msgs/srv/detail/sound__traits.hpp
[329.517s] -- Symlinking: /root/ros_workspace/install/turtlebot3_msgs/include/turtlebot3_msgs/turtlebot3_msgs/srv/detail/sound__type_support.hpp
[329.919s] -- Symlinking: /root/ros_workspace/install/turtlebot3_msgs/include/turtlebot3_msgs/turtlebot3_msgs/srv/dqn.hpp
[330.390s] -- Symlinking: /root/ros_workspace/install/turtlebot3_msgs/include/turtlebot3_msgs/turtlebot3_msgs/srv/goal.hpp
[330.837s] -- Symlinking: /root/ros_workspace/install/turtlebot3_msgs/include/turtlebot3_msgs/turtlebot3_msgs/srv/sound.hpp
[331.702s] -- Symlinking: /root/ros_workspace/install/turtlebot3_msgs/include/turtlebot3_msgs/turtlebot3_msgs/action/detail/patrol__rosidl_typesupport_fastrtps_cpp.hpp
[332.128s] -- Symlinking: /root/ros_workspace/install/turtlebot3_msgs/include/turtlebot3_msgs/turtlebot3_msgs/msg/detail/sensor_state__rosidl_typesupport_fastrtps_cpp.hpp
[332.570s] -- Symlinking: /root/ros_workspace/install/turtlebot3_msgs/include/turtlebot3_msgs/turtlebot3_msgs/msg/detail/sound__rosidl_typesupport_fastrtps_cpp.hpp
[333.015s] -- Symlinking: /root/ros_workspace/install/turtlebot3_msgs/include/turtlebot3_msgs/turtlebot3_msgs/msg/detail/version_info__rosidl_typesupport_fastrtps_cpp.hpp
[333.993s] -- Symlinking: /root/ros_workspace/install/turtlebot3_msgs/include/turtlebot3_msgs/turtlebot3_msgs/msg/rosidl_typesupport_fastrtps_cpp__visibility_control.h
[334.569s] -- Symlinking: /root/ros_workspace/install/turtlebot3_msgs/include/turtlebot3_msgs/turtlebot3_msgs/srv/detail/dqn__rosidl_typesupport_fastrtps_cpp.hpp
[335.086s] -- Symlinking: /root/ros_workspace/install/turtlebot3_msgs/include/turtlebot3_msgs/turtlebot3_msgs/srv/detail/goal__rosidl_typesupport_fastrtps_cpp.hpp
[335.633s] -- Symlinking: /root/ros_workspace/install/turtlebot3_msgs/include/turtlebot3_msgs/turtlebot3_msgs/srv/detail/sound__rosidl_typesupport_fastrtps_cpp.hpp
[336.354s] -- Symlinking: /root/ros_workspace/install/turtlebot3_msgs/include/turtlebot3_msgs/turtlebot3_msgs/action/detail/patrol__rosidl_typesupport_introspection_c.h
[337.000s] -- Symlinking: /root/ros_workspace/install/turtlebot3_msgs/include/turtlebot3_msgs/turtlebot3_msgs/msg/detail/sensor_state__rosidl_typesupport_introspection_c.h
[337.478s] -- Symlinking: /root/ros_workspace/install/turtlebot3_msgs/include/turtlebot3_msgs/turtlebot3_msgs/msg/detail/sound__rosidl_typesupport_introspection_c.h
[337.986s] -- Symlinking: /root/ros_workspace/install/turtlebot3_msgs/include/turtlebot3_msgs/turtlebot3_msgs/msg/detail/version_info__rosidl_typesupport_introspection_c.h
[338.313s] -- Symlinking: /root/ros_workspace/install/turtlebot3_msgs/include/turtlebot3_msgs/turtlebot3_msgs/msg/rosidl_typesupport_introspection_c__visibility_control.h
[338.612s] -- Symlinking: /root/ros_workspace/install/turtlebot3_msgs/include/turtlebot3_msgs/turtlebot3_msgs/srv/detail/dqn__rosidl_typesupport_introspection_c.h
[339.242s] -- Symlinking: /root/ros_workspace/install/turtlebot3_msgs/include/turtlebot3_msgs/turtlebot3_msgs/srv/detail/goal__rosidl_typesupport_introspection_c.h
[340.220s] -- Symlinking: /root/ros_workspace/install/turtlebot3_msgs/include/turtlebot3_msgs/turtlebot3_msgs/srv/detail/sound__rosidl_typesupport_introspection_c.h
[341.362s] -- Symlinking: /root/ros_workspace/install/turtlebot3_msgs/include/turtlebot3_msgs/turtlebot3_msgs/action/detail/patrol__rosidl_typesupport_introspection_cpp.hpp
[341.804s] -- Symlinking: /root/ros_workspace/install/turtlebot3_msgs/include/turtlebot3_msgs/turtlebot3_msgs/msg/detail/sensor_state__rosidl_typesupport_introspection_cpp.hpp
[342.036s] -- Symlinking: /root/ros_workspace/install/turtlebot3_msgs/include/turtlebot3_msgs/turtlebot3_msgs/msg/detail/sound__rosidl_typesupport_introspection_cpp.hpp
[342.218s] -- Symlinking: /root/ros_workspace/install/turtlebot3_msgs/include/turtlebot3_msgs/turtlebot3_msgs/msg/detail/version_info__rosidl_typesupport_introspection_cpp.hpp
[342.450s] -- Symlinking: /root/ros_workspace/install/turtlebot3_msgs/include/turtlebot3_msgs/turtlebot3_msgs/srv/detail/dqn__rosidl_typesupport_introspection_cpp.hpp
[342.659s] -- Symlinking: /root/ros_workspace/install/turtlebot3_msgs/include/turtlebot3_msgs/turtlebot3_msgs/srv/detail/goal__rosidl_typesupport_introspection_cpp.hpp
[342.857s] -- Symlinking: /root/ros_workspace/install/turtlebot3_msgs/include/turtlebot3_msgs/turtlebot3_msgs/srv/detail/sound__rosidl_typesupport_introspection_cpp.hpp
[343.098s] -- Symlinking: /root/ros_workspace/install/turtlebot3_msgs/share/turtlebot3_msgs/environment/pythonpath.sh
[343.300s] -- Symlinking: /root/ros_workspace/install/turtlebot3_msgs/share/turtlebot3_msgs/environment/pythonpath.dsv
[343.524s] -- Symlinking: /root/ros_workspace/install/turtlebot3_msgs/lib/python3.12/site-packages/turtlebot3_msgs-2.4.0-py3.12.egg-info/PKG-INFO
[343.774s] -- Symlinking: /root/ros_workspace/install/turtlebot3_msgs/lib/python3.12/site-packages/turtlebot3_msgs-2.4.0-py3.12.egg-info/SOURCES.txt
[344.029s] -- Symlinking: /root/ros_workspace/install/turtlebot3_msgs/lib/python3.12/site-packages/turtlebot3_msgs-2.4.0-py3.12.egg-info/dependency_links.txt
[344.271s] -- Symlinking: /root/ros_workspace/install/turtlebot3_msgs/lib/python3.12/site-packages/turtlebot3_msgs-2.4.0-py3.12.egg-info/top_level.txt
[345.004s] -- Symlinking: /root/ros_workspace/install/turtlebot3_msgs/lib/python3.12/site-packages/turtlebot3_msgs/__init__.py
[345.268s] -- Symlinking: /root/ros_workspace/install/turtlebot3_msgs/lib/python3.12/site-packages/turtlebot3_msgs/_turtlebot3_msgs_s.ep.rosidl_typesupport_c.c
[345.537s] -- Symlinking: /root/ros_workspace/install/turtlebot3_msgs/lib/python3.12/site-packages/turtlebot3_msgs/_turtlebot3_msgs_s.ep.rosidl_typesupport_fastrtps_c.c
[345.852s] -- Symlinking: /root/ros_workspace/install/turtlebot3_msgs/lib/python3.12/site-packages/turtlebot3_msgs/_turtlebot3_msgs_s.ep.rosidl_typesupport_introspection_c.c
[346.209s] -- Symlinking: /root/ros_workspace/install/turtlebot3_msgs/lib/python3.12/site-packages/turtlebot3_msgs/action/__init__.py
[346.529s] -- Symlinking: /root/ros_workspace/install/turtlebot3_msgs/lib/python3.12/site-packages/turtlebot3_msgs/action/_patrol.py
[346.871s] -- Symlinking: /root/ros_workspace/install/turtlebot3_msgs/lib/python3.12/site-packages/turtlebot3_msgs/action/_patrol_s.c
[347.201s] -- Symlinking: /root/ros_workspace/install/turtlebot3_msgs/lib/python3.12/site-packages/turtlebot3_msgs/msg/__init__.py
[347.457s] -- Symlinking: /root/ros_workspace/install/turtlebot3_msgs/lib/python3.12/site-packages/turtlebot3_msgs/msg/_sensor_state.py
[347.772s] -- Symlinking: /root/ros_workspace/install/turtlebot3_msgs/lib/python3.12/site-packages/turtlebot3_msgs/msg/_sensor_state_s.c
[348.113s] -- Symlinking: /root/ros_workspace/install/turtlebot3_msgs/lib/python3.12/site-packages/turtlebot3_msgs/msg/_sound.py
[348.436s] -- Symlinking: /root/ros_workspace/install/turtlebot3_msgs/lib/python3.12/site-packages/turtlebot3_msgs/msg/_sound_s.c
[348.921s] -- Symlinking: /root/ros_workspace/install/turtlebot3_msgs/lib/python3.12/site-packages/turtlebot3_msgs/msg/_version_info.py
[349.563s] -- Symlinking: /root/ros_workspace/install/turtlebot3_msgs/lib/python3.12/site-packages/turtlebot3_msgs/msg/_version_info_s.c
[350.099s] -- Symlinking: /root/ros_workspace/install/turtlebot3_msgs/lib/python3.12/site-packages/turtlebot3_msgs/srv/__init__.py
[350.590s] -- Symlinking: /root/ros_workspace/install/turtlebot3_msgs/lib/python3.12/site-packages/turtlebot3_msgs/srv/_dqn.py
[350.957s] -- Symlinking: /root/ros_workspace/install/turtlebot3_msgs/lib/python3.12/site-packages/turtlebot3_msgs/srv/_dqn_s.c
[351.369s] -- Symlinking: /root/ros_workspace/install/turtlebot3_msgs/lib/python3.12/site-packages/turtlebot3_msgs/srv/_goal.py
[351.702s] -- Symlinking: /root/ros_workspace/install/turtlebot3_msgs/lib/python3.12/site-packages/turtlebot3_msgs/srv/_goal_s.c
[352.032s] -- Symlinking: /root/ros_workspace/install/turtlebot3_msgs/lib/python3.12/site-packages/turtlebot3_msgs/srv/_sound.py
[352.384s] -- Symlinking: /root/ros_workspace/install/turtlebot3_msgs/lib/python3.12/site-packages/turtlebot3_msgs/srv/_sound_s.c
[352.718s] -- Symlinking: /root/ros_workspace/install/turtlebot3_msgs/lib/python3.12/site-packages/turtlebot3_msgs/turtlebot3_msgs_s__rosidl_typesupport_c.so
[353.071s] -- Symlinking: /root/ros_workspace/install/turtlebot3_msgs/lib/python3.12/site-packages/turtlebot3_msgs/turtlebot3_msgs_s__rosidl_typesupport_fastrtps_c.so
[353.380s] -- Symlinking: /root/ros_workspace/install/turtlebot3_msgs/lib/python3.12/site-packages/turtlebot3_msgs/turtlebot3_msgs_s__rosidl_typesupport_introspection_c.so
[353.731s] -- Up-to-date symlink: /root/ros_workspace/install/turtlebot3_msgs/lib/python3.12/site-packages/turtlebot3_msgs/turtlebot3_msgs_s__rosidl_typesupport_fastrtps_c.so
[353.773s] -- Up-to-date symlink: /root/ros_workspace/install/turtlebot3_msgs/lib/python3.12/site-packages/turtlebot3_msgs/turtlebot3_msgs_s__rosidl_typesupport_introspection_c.so
[353.837s] -- Up-to-date symlink: /root/ros_workspace/install/turtlebot3_msgs/lib/python3.12/site-packages/turtlebot3_msgs/turtlebot3_msgs_s__rosidl_typesupport_c.so
[353.868s] -- Symlinking: /root/ros_workspace/install/turtlebot3_msgs/share/turtlebot3_msgs/msg/SensorState.idl
[354.252s] -- Symlinking: /root/ros_workspace/install/turtlebot3_msgs/share/turtlebot3_msgs/msg/Sound.idl
[354.595s] -- Symlinking: /root/ros_workspace/install/turtlebot3_msgs/share/turtlebot3_msgs/msg/VersionInfo.idl
[354.929s] -- Symlinking: /root/ros_workspace/install/turtlebot3_msgs/share/turtlebot3_msgs/srv/Sound.idl
[355.323s] -- Symlinking: /root/ros_workspace/install/turtlebot3_msgs/share/turtlebot3_msgs/srv/Dqn.idl
[355.739s] -- Symlinking: /root/ros_workspace/install/turtlebot3_msgs/share/turtlebot3_msgs/srv/Goal.idl
[356.190s] -- Symlinking: /root/ros_workspace/install/turtlebot3_msgs/share/turtlebot3_msgs/action/Patrol.idl
[356.628s] -- Symlinking: /root/ros_workspace/install/turtlebot3_msgs/share/turtlebot3_msgs/msg/SensorState.msg
[357.024s] -- Symlinking: /root/ros_workspace/install/turtlebot3_msgs/share/turtlebot3_msgs/msg/Sound.msg
[357.478s] -- Symlinking: /root/ros_workspace/install/turtlebot3_msgs/share/turtlebot3_msgs/msg/VersionInfo.msg
[357.918s] -- Symlinking: /root/ros_workspace/install/turtlebot3_msgs/share/turtlebot3_msgs/srv/Sound.srv
[358.310s] -- Symlinking: /root/ros_workspace/install/turtlebot3_msgs/share/turtlebot3_msgs/srv/Dqn.srv
[358.679s] -- Symlinking: /root/ros_workspace/install/turtlebot3_msgs/share/turtlebot3_msgs/srv/Goal.srv
[359.065s] -- Symlinking: /root/ros_workspace/install/turtlebot3_msgs/share/turtlebot3_msgs/action/Patrol.action
[359.542s] -- Symlinking: /root/ros_workspace/install/turtlebot3_msgs/share/ament_index/resource_index/package_run_dependencies/turtlebot3_msgs
[359.948s] -- Symlinking: /root/ros_workspace/install/turtlebot3_msgs/share/ament_index/resource_index/parent_prefix_path/turtlebot3_msgs
[360.342s] -- Symlinking: /root/ros_workspace/install/turtlebot3_msgs/share/turtlebot3_msgs/environment/ament_prefix_path.sh
[360.725s] -- Symlinking: /root/ros_workspace/install/turtlebot3_msgs/share/turtlebot3_msgs/environment/ament_prefix_path.dsv
[361.095s] -- Symlinking: /root/ros_workspace/install/turtlebot3_msgs/share/turtlebot3_msgs/environment/path.sh
[361.460s] -- Symlinking: /root/ros_workspace/install/turtlebot3_msgs/share/turtlebot3_msgs/environment/path.dsv
[361.819s] -- Symlinking: /root/ros_workspace/install/turtlebot3_msgs/share/turtlebot3_msgs/local_setup.bash
[362.184s] -- Symlinking: /root/ros_workspace/install/turtlebot3_msgs/share/turtlebot3_msgs/local_setup.sh
[362.550s] -- Symlinking: /root/ros_workspace/install/turtlebot3_msgs/share/turtlebot3_msgs/local_setup.zsh
[362.934s] -- Symlinking: /root/ros_workspace/install/turtlebot3_msgs/share/turtlebot3_msgs/local_setup.dsv
[363.379s] -- Symlinking: /root/ros_workspace/install/turtlebot3_msgs/share/turtlebot3_msgs/package.dsv
[363.829s] -- Symlinking: /root/ros_workspace/install/turtlebot3_msgs/share/ament_index/resource_index/packages/turtlebot3_msgs
[364.313s] -- Symlinking: /root/ros_workspace/install/turtlebot3_msgs/share/turtlebot3_msgs/cmake/rosidl_cmake-extras.cmake
[365.029s] -- Symlinking: /root/ros_workspace/install/turtlebot3_msgs/share/turtlebot3_msgs/cmake/ament_cmake_export_dependencies-extras.cmake
[365.613s] -- Symlinking: /root/ros_workspace/install/turtlebot3_msgs/share/turtlebot3_msgs/cmake/ament_cmake_export_include_directories-extras.cmake
[366.201s] -- Symlinking: /root/ros_workspace/install/turtlebot3_msgs/share/turtlebot3_msgs/cmake/ament_cmake_export_libraries-extras.cmake
[366.767s] -- Symlinking: /root/ros_workspace/install/turtlebot3_msgs/share/turtlebot3_msgs/cmake/ament_cmake_export_targets-extras.cmake
[367.380s] -- Symlinking: /root/ros_workspace/install/turtlebot3_msgs/share/turtlebot3_msgs/cmake/rosidl_cmake_export_typesupport_targets-extras.cmake
[367.903s] -- Symlinking: /root/ros_workspace/install/turtlebot3_msgs/share/turtlebot3_msgs/cmake/rosidl_cmake_export_typesupport_libraries-extras.cmake
[368.342s] -- Symlinking: /root/ros_workspace/install/turtlebot3_msgs/share/turtlebot3_msgs/cmake/turtlebot3_msgsConfig.cmake
[368.815s] -- Symlinking: /root/ros_workspace/install/turtlebot3_msgs/share/turtlebot3_msgs/cmake/turtlebot3_msgsConfig-version.cmake
[369.317s] -- Symlinking: /root/ros_workspace/install/turtlebot3_msgs/share/turtlebot3_msgs/package.xml
[369.799s] -- Installing: /root/ros_workspace/install/turtlebot3_msgs/lib/libturtlebot3_msgs__rosidl_generator_c.so
[369.927s] -- Set non-toolchain portion of runtime path of "/root/ros_workspace/install/turtlebot3_msgs/lib/libturtlebot3_msgs__rosidl_generator_c.so" to ""
[369.950s] -- Installing: /root/ros_workspace/install/turtlebot3_msgs/lib/libturtlebot3_msgs__rosidl_typesupport_fastrtps_c.so
[370.094s] -- Set non-toolchain portion of runtime path of "/root/ros_workspace/install/turtlebot3_msgs/lib/libturtlebot3_msgs__rosidl_typesupport_fastrtps_c.so" to ""
[370.112s] -- Installing: /root/ros_workspace/install/turtlebot3_msgs/lib/libturtlebot3_msgs__rosidl_typesupport_fastrtps_cpp.so
[370.295s] -- Set non-toolchain portion of runtime path of "/root/ros_workspace/install/turtlebot3_msgs/lib/libturtlebot3_msgs__rosidl_typesupport_fastrtps_cpp.so" to ""
[370.325s] -- Installing: /root/ros_workspace/install/turtlebot3_msgs/lib/libturtlebot3_msgs__rosidl_typesupport_introspection_c.so
[370.467s] -- Set non-toolchain portion of runtime path of "/root/ros_workspace/install/turtlebot3_msgs/lib/libturtlebot3_msgs__rosidl_typesupport_introspection_c.so" to ""
[370.488s] -- Installing: /root/ros_workspace/install/turtlebot3_msgs/lib/libturtlebot3_msgs__rosidl_typesupport_c.so
[370.612s] -- Set non-toolchain portion of runtime path of "/root/ros_workspace/install/turtlebot3_msgs/lib/libturtlebot3_msgs__rosidl_typesupport_c.so" to ""
[370.630s] -- Installing: /root/ros_workspace/install/turtlebot3_msgs/lib/libturtlebot3_msgs__rosidl_typesupport_introspection_cpp.so
[370.793s] -- Set non-toolchain portion of runtime path of "/root/ros_workspace/install/turtlebot3_msgs/lib/libturtlebot3_msgs__rosidl_typesupport_introspection_cpp.so" to ""
[370.812s] -- Installing: /root/ros_workspace/install/turtlebot3_msgs/lib/libturtlebot3_msgs__rosidl_typesupport_cpp.so
[370.937s] -- Set non-toolchain portion of runtime path of "/root/ros_workspace/install/turtlebot3_msgs/lib/libturtlebot3_msgs__rosidl_typesupport_cpp.so" to ""
[375.704s] Listing '/root/ros_workspace/install/turtlebot3_msgs/lib/python3.12/site-packages/turtlebot3_msgs'...
[375.706s] Compiling '/root/ros_workspace/install/turtlebot3_msgs/lib/python3.12/site-packages/turtlebot3_msgs/__init__.py'...
[375.711s] Listing '/root/ros_workspace/install/turtlebot3_msgs/lib/python3.12/site-packages/turtlebot3_msgs/action'...
[375.714s] Compiling '/root/ros_workspace/install/turtlebot3_msgs/lib/python3.12/site-packages/turtlebot3_msgs/action/__init__.py'...
[375.718s] Compiling '/root/ros_workspace/install/turtlebot3_msgs/lib/python3.12/site-packages/turtlebot3_msgs/action/_patrol.py'...
[375.722s] Listing '/root/ros_workspace/install/turtlebot3_msgs/lib/python3.12/site-packages/turtlebot3_msgs/msg'...
[375.728s] Compiling '/root/ros_workspace/install/turtlebot3_msgs/lib/python3.12/site-packages/turtlebot3_msgs/msg/__init__.py'...
[375.731s] Compiling '/root/ros_workspace/install/turtlebot3_msgs/lib/python3.12/site-packages/turtlebot3_msgs/msg/_sensor_state.py'...
[375.733s] Compiling '/root/ros_workspace/install/turtlebot3_msgs/lib/python3.12/site-packages/turtlebot3_msgs/msg/_sound.py'...
[375.736s] Compiling '/root/ros_workspace/install/turtlebot3_msgs/lib/python3.12/site-packages/turtlebot3_msgs/msg/_version_info.py'...
[375.738s] Listing '/root/ros_workspace/install/turtlebot3_msgs/lib/python3.12/site-packages/turtlebot3_msgs/srv'...
[375.743s] Compiling '/root/ros_workspace/install/turtlebot3_msgs/lib/python3.12/site-packages/turtlebot3_msgs/srv/__init__.py'...
[375.746s] Compiling '/root/ros_workspace/install/turtlebot3_msgs/lib/python3.12/site-packages/turtlebot3_msgs/srv/_dqn.py'...
[375.748s] Compiling '/root/ros_workspace/install/turtlebot3_msgs/lib/python3.12/site-packages/turtlebot3_msgs/srv/_goal.py'...
[375.754s] Compiling '/root/ros_workspace/install/turtlebot3_msgs/lib/python3.12/site-packages/turtlebot3_msgs/srv/_sound.py'...
[375.772s] -- Installing: /root/ros_workspace/install/turtlebot3_msgs/lib/libturtlebot3_msgs__rosidl_generator_py.so
[376.223s] -- Set non-toolchain portion of runtime path of "/root/ros_workspace/install/turtlebot3_msgs/lib/libturtlebot3_msgs__rosidl_generator_py.so" to ""
[376.294s] -- Installing: /root/ros_workspace/install/turtlebot3_msgs/share/turtlebot3_msgs/cmake/export_turtlebot3_msgs__rosidl_generator_cExport.cmake
[376.593s] -- Installing: /root/ros_workspace/install/turtlebot3_msgs/share/turtlebot3_msgs/cmake/export_turtlebot3_msgs__rosidl_generator_cExport-noconfig.cmake
[376.821s] -- Installing: /root/ros_workspace/install/turtlebot3_msgs/share/turtlebot3_msgs/cmake/export_turtlebot3_msgs__rosidl_typesupport_fastrtps_cExport.cmake
[377.048s] -- Installing: /root/ros_workspace/install/turtlebot3_msgs/share/turtlebot3_msgs/cmake/export_turtlebot3_msgs__rosidl_typesupport_fastrtps_cExport-noconfig.cmake
[377.255s] -- Installing: /root/ros_workspace/install/turtlebot3_msgs/share/turtlebot3_msgs/cmake/export_turtlebot3_msgs__rosidl_generator_cppExport.cmake
[377.715s] -- Installing: /root/ros_workspace/install/turtlebot3_msgs/share/turtlebot3_msgs/cmake/export_turtlebot3_msgs__rosidl_typesupport_fastrtps_cppExport.cmake
[377.884s] -- Installing: /root/ros_workspace/install/turtlebot3_msgs/share/turtlebot3_msgs/cmake/export_turtlebot3_msgs__rosidl_typesupport_fastrtps_cppExport-noconfig.cmake
[378.013s] -- Installing: /root/ros_workspace/install/turtlebot3_msgs/share/turtlebot3_msgs/cmake/turtlebot3_msgs__rosidl_typesupport_introspection_cExport.cmake
[378.129s] -- Installing: /root/ros_workspace/install/turtlebot3_msgs/share/turtlebot3_msgs/cmake/turtlebot3_msgs__rosidl_typesupport_introspection_cExport-noconfig.cmake
[378.259s] -- Installing: /root/ros_workspace/install/turtlebot3_msgs/share/turtlebot3_msgs/cmake/turtlebot3_msgs__rosidl_typesupport_cExport.cmake
[378.376s] -- Installing: /root/ros_workspace/install/turtlebot3_msgs/share/turtlebot3_msgs/cmake/turtlebot3_msgs__rosidl_typesupport_cExport-noconfig.cmake
[378.507s] -- Installing: /root/ros_workspace/install/turtlebot3_msgs/share/turtlebot3_msgs/cmake/turtlebot3_msgs__rosidl_typesupport_introspection_cppExport.cmake
[378.616s] -- Installing: /root/ros_workspace/install/turtlebot3_msgs/share/turtlebot3_msgs/cmake/turtlebot3_msgs__rosidl_typesupport_introspection_cppExport-noconfig.cmake
[378.778s] -- Installing: /root/ros_workspace/install/turtlebot3_msgs/share/turtlebot3_msgs/cmake/turtlebot3_msgs__rosidl_typesupport_cppExport.cmake
[378.897s] -- Installing: /root/ros_workspace/install/turtlebot3_msgs/share/turtlebot3_msgs/cmake/turtlebot3_msgs__rosidl_typesupport_cppExport-noconfig.cmake
[379.024s] -- Installing: /root/ros_workspace/install/turtlebot3_msgs/share/turtlebot3_msgs/cmake/export_turtlebot3_msgs__rosidl_generator_pyExport.cmake
[379.125s] -- Installing: /root/ros_workspace/install/turtlebot3_msgs/share/turtlebot3_msgs/cmake/export_turtlebot3_msgs__rosidl_generator_pyExport-noconfig.cmake
[379.252s] Invoked command in '/root/ros_workspace/build/turtlebot3_msgs' returned '0': CMAKE_PREFIX_PATH=${CMAKE_PREFIX_PATH}:/root/ros_workspace/install/turtlebot3_teleop:/root/ros_workspace/install/turtlebot3_example:/root/ros_workspace/install/doom_nodes:/opt/ros/jazzy /usr/bin/cmake --install /root/ros_workspace/build/turtlebot3_msgs
