[0.495s] Invoking command in '/root/ros_workspace/build/doom_interfaces': CMAKE_PREFIX_PATH=${CMAKE_PREFIX_PATH}:/root/ros_workspace/install/turtlebot3_teleop:/root/ros_workspace/install/turtlebot3_example:/root/ros_workspace/install/doom_nodes:/opt/ros/jazzy /usr/bin/cmake /root/ros_workspace/src/doom_interfaces -DAMENT_CMAKE_SYMLINK_INSTALL=1 -DCMAKE_INSTALL_PREFIX=/root/ros_workspace/install/doom_interfaces
[1.859s] -- The C compiler identification is GNU 13.3.0
[2.715s] -- The CXX compiler identification is GNU 13.3.0
[2.994s] -- Detecting C compiler ABI info
[5.778s] -- Detecting C compiler ABI info - done
[5.917s] -- Check for working C compiler: /usr/bin/cc - skipped
[5.920s] -- Detecting C compile features
[5.923s] -- Detecting C compile features - done
[6.109s] -- Detecting CXX compiler ABI info
[9.652s] -- Detecting CXX compiler ABI info - done
[9.824s] -- Check for working CXX compiler: /usr/bin/c++ - skipped
[9.829s] -- Detecting CXX compile features
[9.834s] -- Detecting CXX compile features - done
[10.159s] -- Found ament_cmake: 2.5.4 (/opt/ros/jazzy/share/ament_cmake/cmake)
[21.803s] -- Found Python3: /usr/bin/python3 (found version "3.12.3") found components: Interpreter 
[22.946s] -- Override CMake install command with custom implementation using symlinks instead of copying resources
[26.634s] -- Found std_msgs: 5.3.6 (/opt/ros/jazzy/share/std_msgs/cmake)
[30.878s] -- Found rosidl_generator_c: 4.6.6 (/opt/ros/jazzy/share/rosidl_generator_c/cmake)
[32.328s] -- Found rosidl_generator_cpp: 4.6.6 (/opt/ros/jazzy/share/rosidl_generator_cpp/cmake)
[33.654s] -- Using all available rosidl_typesupport_c: rosidl_typesupport_fastrtps_c;rosidl_typesupport_introspection_c
[34.987s] -- Using all available rosidl_typesupport_cpp: rosidl_typesupport_fastrtps_cpp;rosidl_typesupport_introspection_cpp
[37.249s] -- Found rosidl_default_generators: 1.6.0 (/opt/ros/jazzy/share/rosidl_default_generators/cmake)
[39.237s] -- Found rosidl_adapter: 4.6.6 (/opt/ros/jazzy/share/rosidl_adapter/cmake)
[54.797s] -- Found ament_cmake_ros: 0.12.0 (/opt/ros/jazzy/share/ament_cmake_ros/cmake)
[89.053s] -- Using all available rosidl_typesupport_c: rosidl_typesupport_fastrtps_c;rosidl_typesupport_introspection_c
[98.451s] -- Using all available rosidl_typesupport_cpp: rosidl_typesupport_fastrtps_cpp;rosidl_typesupport_introspection_cpp
[98.886s] -- Found python_cmake_module: 0.11.1 (/opt/ros/jazzy/share/python_cmake_module/cmake)
[101.942s] -- Found PythonExtra: /usr/bin/python3  
[110.202s] -- Found Python3: /usr/bin/python3 (found version "3.12.3") found components: Interpreter Development NumPy Development.Module Development.Embed 
[113.421s] -- Found ament_lint_auto: 0.17.3 (/opt/ros/jazzy/share/ament_lint_auto/cmake)
[120.559s] -- Added test 'lint_cmake' to check CMake code style
[124.020s] -- Added test 'xmllint' to check XML markup files
[127.495s] -- Configuring done (126.9s)
[136.217s] -- Generating done (7.5s)
[138.039s] -- Build files have been written to: /root/ros_workspace/build/doom_interfaces
[138.061s] Invoked command in '/root/ros_workspace/build/doom_interfaces' returned '0': CMAKE_PREFIX_PATH=${CMAKE_PREFIX_PATH}:/root/ros_workspace/install/turtlebot3_teleop:/root/ros_workspace/install/turtlebot3_example:/root/ros_workspace/install/doom_nodes:/opt/ros/jazzy /usr/bin/cmake /root/ros_workspace/src/doom_interfaces -DAMENT_CMAKE_SYMLINK_INSTALL=1 -DCMAKE_INSTALL_PREFIX=/root/ros_workspace/install/doom_interfaces
[138.075s] Invoking command in '/root/ros_workspace/build/doom_interfaces': CMAKE_PREFIX_PATH=${CMAKE_PREFIX_PATH}:/root/ros_workspace/install/turtlebot3_teleop:/root/ros_workspace/install/turtlebot3_example:/root/ros_workspace/install/doom_nodes:/opt/ros/jazzy /usr/bin/cmake --build /root/ros_workspace/build/doom_interfaces -- -j8 -l8
[139.339s] [  2%] [34m[1mGenerating type hashes for ROS interfaces[0m
[139.493s] [  2%] Built target ament_cmake_python_symlink_doom_interfaces
[141.515s] [  2%] Built target doom_interfaces__rosidl_generator_type_description
[141.842s] [  5%] [34m[1mGenerating C code for ROS interfaces[0m
[142.033s] [  8%] [34m[1mGenerating C++ code for ROS interfaces[0m
[142.394s] running egg_info
[142.398s] creating doom_interfaces.egg-info
[142.544s] writing doom_interfaces.egg-info/PKG-INFO
[142.555s] writing dependency_links to doom_interfaces.egg-info/dependency_links.txt
[142.571s] writing top-level names to doom_interfaces.egg-info/top_level.txt
[142.584s] writing manifest file 'doom_interfaces.egg-info/SOURCES.txt'
[143.158s] reading manifest file 'doom_interfaces.egg-info/SOURCES.txt'
[143.396s] writing manifest file 'doom_interfaces.egg-info/SOURCES.txt'
[143.702s] [  8%] Built target ament_cmake_python_build_doom_interfaces_egg
[145.520s] [  8%] Built target doom_interfaces__cpp
[145.645s] [ 11%] [32mBuilding C object CMakeFiles/doom_interfaces__rosidl_generator_c.dir/rosidl_generator_c/doom_interfaces/msg/detail/centroid_coords__description.c.o[0m
[145.670s] [ 14%] [32mBuilding C object CMakeFiles/doom_interfaces__rosidl_generator_c.dir/rosidl_generator_c/doom_interfaces/msg/detail/centroid_coords__functions.c.o[0m
[145.686s] [ 17%] [32mBuilding C object CMakeFiles/doom_interfaces__rosidl_generator_c.dir/rosidl_generator_c/doom_interfaces/msg/detail/centroid_coords__type_support.c.o[0m
[147.082s] [ 20%] [32m[1mLinking C shared library libdoom_interfaces__rosidl_generator_c.so[0m
[149.058s] [ 20%] Built target doom_interfaces__rosidl_generator_c
[149.494s] [ 26%] [34m[1mGenerating C type support dispatch for ROS interfaces[0m
[149.512s] [ 29%] [34m[1mGenerating C type support for eProsima Fast-RTPS[0m
[149.522s] [ 29%] [34m[1mGenerating C++ type support for eProsima Fast-RTPS[0m
[149.567s] [ 32%] [34m[1mGenerating C introspection for ROS interfaces[0m
[149.663s] [ 35%] [34m[1mGenerating C++ introspection for ROS interfaces[0m
[155.240s] [ 38%] [32mBuilding CXX object CMakeFiles/doom_interfaces__rosidl_typesupport_c.dir/rosidl_typesupport_c/doom_interfaces/msg/centroid_coords__type_support.cpp.o[0m
[155.635s] [ 41%] [32mBuilding CXX object CMakeFiles/doom_interfaces__rosidl_typesupport_fastrtps_cpp.dir/rosidl_typesupport_fastrtps_cpp/doom_interfaces/msg/detail/dds_fastrtps/centroid_coords__type_support.cpp.o[0m
[155.713s] [ 44%] [32mBuilding CXX object CMakeFiles/doom_interfaces__rosidl_typesupport_introspection_cpp.dir/rosidl_typesupport_introspection_cpp/doom_interfaces/msg/detail/centroid_coords__type_support.cpp.o[0m
[155.794s] [ 47%] [32mBuilding C object CMakeFiles/doom_interfaces__rosidl_typesupport_introspection_c.dir/rosidl_typesupport_introspection_c/doom_interfaces/msg/detail/centroid_coords__type_support.c.o[0m
[156.369s] [ 50%] [32mBuilding CXX object CMakeFiles/doom_interfaces__rosidl_typesupport_fastrtps_c.dir/rosidl_typesupport_fastrtps_c/doom_interfaces/msg/detail/centroid_coords__type_support_c.cpp.o[0m
[158.213s] [ 52%] [32m[1mLinking CXX shared library libdoom_interfaces__rosidl_typesupport_c.so[0m
[158.814s] [ 55%] [32m[1mLinking C shared library libdoom_interfaces__rosidl_typesupport_introspection_c.so[0m
[159.921s] [ 55%] Built target doom_interfaces__rosidl_typesupport_c
[160.697s] [ 55%] Built target doom_interfaces__rosidl_typesupport_introspection_c
[160.766s] [ 58%] [34m[1mGenerating C++ type support dispatch for ROS interfaces[0m
[162.888s] [ 61%] [32m[1mLinking CXX shared library libdoom_interfaces__rosidl_typesupport_introspection_cpp.so[0m
[163.010s] [ 64%] [32m[1mLinking CXX shared library libdoom_interfaces__rosidl_typesupport_fastrtps_c.so[0m
[163.581s] [ 67%] [32m[1mLinking CXX shared library libdoom_interfaces__rosidl_typesupport_fastrtps_cpp.so[0m
[163.949s] [ 67%] Built target doom_interfaces__rosidl_typesupport_introspection_cpp
[164.085s] [ 67%] Built target doom_interfaces__rosidl_typesupport_fastrtps_c
[164.876s] [ 67%] Built target doom_interfaces__rosidl_typesupport_fastrtps_cpp
[165.158s] [ 70%] [32mBuilding CXX object CMakeFiles/doom_interfaces__rosidl_typesupport_cpp.dir/rosidl_typesupport_cpp/doom_interfaces/msg/centroid_coords__type_support.cpp.o[0m
[167.938s] [ 73%] [32m[1mLinking CXX shared library libdoom_interfaces__rosidl_typesupport_cpp.so[0m
[168.863s] [ 73%] Built target doom_interfaces__rosidl_typesupport_cpp
[169.500s] [ 73%] Built target doom_interfaces
[170.173s] [ 76%] [34m[1mGenerating Python code for ROS interfaces[0m
[173.449s] [ 76%] Built target doom_interfaces__py
[174.044s] [ 79%] [32mBuilding C object CMakeFiles/doom_interfaces__rosidl_generator_py.dir/rosidl_generator_py/doom_interfaces/msg/_centroid_coords_s.c.o[0m
[175.415s] [ 82%] [32m[1mLinking C shared library libdoom_interfaces__rosidl_generator_py.so[0m
[176.388s] [ 82%] Built target doom_interfaces__rosidl_generator_py
[177.276s] [ 85%] [32mBuilding C object CMakeFiles/doom_interfaces_s__rosidl_typesupport_c.dir/rosidl_generator_py/doom_interfaces/_doom_interfaces_s.ep.rosidl_typesupport_c.c.o[0m
[177.295s] [ 88%] [32mBuilding C object CMakeFiles/doom_interfaces_s__rosidl_typesupport_introspection_c.dir/rosidl_generator_py/doom_interfaces/_doom_interfaces_s.ep.rosidl_typesupport_introspection_c.c.o[0m
[177.454s] [ 91%] [32mBuilding C object CMakeFiles/doom_interfaces_s__rosidl_typesupport_fastrtps_c.dir/rosidl_generator_py/doom_interfaces/_doom_interfaces_s.ep.rosidl_typesupport_fastrtps_c.c.o[0m
[179.697s] [ 94%] [32m[1mLinking C shared module rosidl_generator_py/doom_interfaces/doom_interfaces_s__rosidl_typesupport_c.so[0m
[179.907s] [ 97%] [32m[1mLinking C shared module rosidl_generator_py/doom_interfaces/doom_interfaces_s__rosidl_typesupport_introspection_c.so[0m
[180.100s] [100%] [32m[1mLinking C shared module rosidl_generator_py/doom_interfaces/doom_interfaces_s__rosidl_typesupport_fastrtps_c.so[0m
[180.844s] [100%] Built target doom_interfaces_s__rosidl_typesupport_c
[180.944s] [100%] Built target doom_interfaces_s__rosidl_typesupport_introspection_c
[181.048s] [100%] Built target doom_interfaces_s__rosidl_typesupport_fastrtps_c
[181.587s] Invoked command in '/root/ros_workspace/build/doom_interfaces' returned '0': CMAKE_PREFIX_PATH=${CMAKE_PREFIX_PATH}:/root/ros_workspace/install/turtlebot3_teleop:/root/ros_workspace/install/turtlebot3_example:/root/ros_workspace/install/doom_nodes:/opt/ros/jazzy /usr/bin/cmake --build /root/ros_workspace/build/doom_interfaces -- -j8 -l8
[181.630s] Invoking command in '/root/ros_workspace/build/doom_interfaces': CMAKE_PREFIX_PATH=${CMAKE_PREFIX_PATH}:/root/ros_workspace/install/turtlebot3_teleop:/root/ros_workspace/install/turtlebot3_example:/root/ros_workspace/install/doom_nodes:/opt/ros/jazzy /usr/bin/cmake --install /root/ros_workspace/build/doom_interfaces
[181.892s] -- Install configuration: ""
[181.920s] -- Execute custom install script
[182.003s] -- Symlinking: /root/ros_workspace/install/doom_interfaces/share/ament_index/resource_index/rosidl_interfaces/doom_interfaces
[182.390s] -- Symlinking: /root/ros_workspace/install/doom_interfaces/share/doom_interfaces/msg/CentroidCoords.json
[183.304s] -- Symlinking: /root/ros_workspace/install/doom_interfaces/include/doom_interfaces/doom_interfaces/msg/centroid_coords.h
[183.934s] -- Symlinking: /root/ros_workspace/install/doom_interfaces/include/doom_interfaces/doom_interfaces/msg/detail/centroid_coords__functions.h
[184.638s] -- Symlinking: /root/ros_workspace/install/doom_interfaces/include/doom_interfaces/doom_interfaces/msg/detail/centroid_coords__struct.h
[185.216s] -- Symlinking: /root/ros_workspace/install/doom_interfaces/include/doom_interfaces/doom_interfaces/msg/detail/centroid_coords__type_support.h
[185.820s] -- Symlinking: /root/ros_workspace/install/doom_interfaces/include/doom_interfaces/doom_interfaces/msg/rosidl_generator_c__visibility_control.h
[186.375s] -- Symlinking: /root/ros_workspace/install/doom_interfaces/share/doom_interfaces/environment/library_path.sh
[186.788s] -- Symlinking: /root/ros_workspace/install/doom_interfaces/share/doom_interfaces/environment/library_path.dsv
[187.555s] -- Symlinking: /root/ros_workspace/install/doom_interfaces/include/doom_interfaces/doom_interfaces/msg/detail/centroid_coords__rosidl_typesupport_fastrtps_c.h
[188.401s] -- Symlinking: /root/ros_workspace/install/doom_interfaces/include/doom_interfaces/doom_interfaces/msg/rosidl_typesupport_fastrtps_c__visibility_control.h
[189.230s] -- Symlinking: /root/ros_workspace/install/doom_interfaces/include/doom_interfaces/doom_interfaces/msg/centroid_coords.hpp
[189.616s] -- Symlinking: /root/ros_workspace/install/doom_interfaces/include/doom_interfaces/doom_interfaces/msg/detail/centroid_coords__builder.hpp
[190.031s] -- Symlinking: /root/ros_workspace/install/doom_interfaces/include/doom_interfaces/doom_interfaces/msg/detail/centroid_coords__struct.hpp
[190.443s] -- Symlinking: /root/ros_workspace/install/doom_interfaces/include/doom_interfaces/doom_interfaces/msg/detail/centroid_coords__traits.hpp
[190.737s] -- Symlinking: /root/ros_workspace/install/doom_interfaces/include/doom_interfaces/doom_interfaces/msg/detail/centroid_coords__type_support.hpp
[191.005s] -- Symlinking: /root/ros_workspace/install/doom_interfaces/include/doom_interfaces/doom_interfaces/msg/rosidl_generator_cpp__visibility_control.hpp
[191.438s] -- Symlinking: /root/ros_workspace/install/doom_interfaces/include/doom_interfaces/doom_interfaces/msg/detail/centroid_coords__rosidl_typesupport_fastrtps_cpp.hpp
[191.703s] -- Symlinking: /root/ros_workspace/install/doom_interfaces/include/doom_interfaces/doom_interfaces/msg/rosidl_typesupport_fastrtps_cpp__visibility_control.h
[192.115s] -- Symlinking: /root/ros_workspace/install/doom_interfaces/include/doom_interfaces/doom_interfaces/msg/detail/centroid_coords__rosidl_typesupport_introspection_c.h
[192.647s] -- Symlinking: /root/ros_workspace/install/doom_interfaces/include/doom_interfaces/doom_interfaces/msg/rosidl_typesupport_introspection_c__visibility_control.h
[193.011s] -- Symlinking: /root/ros_workspace/install/doom_interfaces/include/doom_interfaces/doom_interfaces/msg/detail/centroid_coords__rosidl_typesupport_introspection_cpp.hpp
[193.261s] -- Symlinking: /root/ros_workspace/install/doom_interfaces/share/doom_interfaces/environment/pythonpath.sh
[193.495s] -- Symlinking: /root/ros_workspace/install/doom_interfaces/share/doom_interfaces/environment/pythonpath.dsv
[193.769s] -- Symlinking: /root/ros_workspace/install/doom_interfaces/lib/python3.12/site-packages/doom_interfaces-0.0.0-py3.12.egg-info/PKG-INFO
[194.129s] -- Symlinking: /root/ros_workspace/install/doom_interfaces/lib/python3.12/site-packages/doom_interfaces-0.0.0-py3.12.egg-info/SOURCES.txt
[194.446s] -- Symlinking: /root/ros_workspace/install/doom_interfaces/lib/python3.12/site-packages/doom_interfaces-0.0.0-py3.12.egg-info/dependency_links.txt
[194.780s] -- Symlinking: /root/ros_workspace/install/doom_interfaces/lib/python3.12/site-packages/doom_interfaces-0.0.0-py3.12.egg-info/top_level.txt
[195.415s] -- Symlinking: /root/ros_workspace/install/doom_interfaces/lib/python3.12/site-packages/doom_interfaces/__init__.py
[195.793s] -- Symlinking: /root/ros_workspace/install/doom_interfaces/lib/python3.12/site-packages/doom_interfaces/_doom_interfaces_s.ep.rosidl_typesupport_c.c
[196.309s] -- Symlinking: /root/ros_workspace/install/doom_interfaces/lib/python3.12/site-packages/doom_interfaces/_doom_interfaces_s.ep.rosidl_typesupport_fastrtps_c.c
[196.811s] -- Symlinking: /root/ros_workspace/install/doom_interfaces/lib/python3.12/site-packages/doom_interfaces/_doom_interfaces_s.ep.rosidl_typesupport_introspection_c.c
[197.175s] -- Symlinking: /root/ros_workspace/install/doom_interfaces/lib/python3.12/site-packages/doom_interfaces/doom_interfaces_s__rosidl_typesupport_c.so
[197.556s] -- Symlinking: /root/ros_workspace/install/doom_interfaces/lib/python3.12/site-packages/doom_interfaces/doom_interfaces_s__rosidl_typesupport_fastrtps_c.so
[197.975s] -- Symlinking: /root/ros_workspace/install/doom_interfaces/lib/python3.12/site-packages/doom_interfaces/doom_interfaces_s__rosidl_typesupport_introspection_c.so
[198.404s] -- Symlinking: /root/ros_workspace/install/doom_interfaces/lib/python3.12/site-packages/doom_interfaces/msg/__init__.py
[198.754s] -- Symlinking: /root/ros_workspace/install/doom_interfaces/lib/python3.12/site-packages/doom_interfaces/msg/_centroid_coords.py
[199.191s] -- Symlinking: /root/ros_workspace/install/doom_interfaces/lib/python3.12/site-packages/doom_interfaces/msg/_centroid_coords_s.c
[199.638s] -- Up-to-date symlink: /root/ros_workspace/install/doom_interfaces/lib/python3.12/site-packages/doom_interfaces/doom_interfaces_s__rosidl_typesupport_fastrtps_c.so
[199.732s] -- Up-to-date symlink: /root/ros_workspace/install/doom_interfaces/lib/python3.12/site-packages/doom_interfaces/doom_interfaces_s__rosidl_typesupport_introspection_c.so
[199.970s] -- Up-to-date symlink: /root/ros_workspace/install/doom_interfaces/lib/python3.12/site-packages/doom_interfaces/doom_interfaces_s__rosidl_typesupport_c.so
[200.010s] -- Symlinking: /root/ros_workspace/install/doom_interfaces/share/doom_interfaces/msg/CentroidCoords.idl
[200.504s] -- Symlinking: /root/ros_workspace/install/doom_interfaces/share/doom_interfaces/msg/CentroidCoords.msg
[200.901s] -- Symlinking: /root/ros_workspace/install/doom_interfaces/share/ament_index/resource_index/package_run_dependencies/doom_interfaces
[201.416s] -- Symlinking: /root/ros_workspace/install/doom_interfaces/share/ament_index/resource_index/parent_prefix_path/doom_interfaces
[201.810s] -- Symlinking: /root/ros_workspace/install/doom_interfaces/share/doom_interfaces/environment/ament_prefix_path.sh
[202.193s] -- Symlinking: /root/ros_workspace/install/doom_interfaces/share/doom_interfaces/environment/ament_prefix_path.dsv
[202.587s] -- Symlinking: /root/ros_workspace/install/doom_interfaces/share/doom_interfaces/environment/path.sh
[203.019s] -- Symlinking: /root/ros_workspace/install/doom_interfaces/share/doom_interfaces/environment/path.dsv
[203.627s] -- Symlinking: /root/ros_workspace/install/doom_interfaces/share/doom_interfaces/local_setup.bash
[204.018s] -- Symlinking: /root/ros_workspace/install/doom_interfaces/share/doom_interfaces/local_setup.sh
[204.570s] -- Symlinking: /root/ros_workspace/install/doom_interfaces/share/doom_interfaces/local_setup.zsh
[205.164s] -- Symlinking: /root/ros_workspace/install/doom_interfaces/share/doom_interfaces/local_setup.dsv
[205.528s] -- Symlinking: /root/ros_workspace/install/doom_interfaces/share/doom_interfaces/package.dsv
[205.990s] -- Symlinking: /root/ros_workspace/install/doom_interfaces/share/ament_index/resource_index/packages/doom_interfaces
[206.589s] -- Symlinking: /root/ros_workspace/install/doom_interfaces/share/doom_interfaces/cmake/rosidl_cmake-extras.cmake
[207.031s] -- Symlinking: /root/ros_workspace/install/doom_interfaces/share/doom_interfaces/cmake/ament_cmake_export_dependencies-extras.cmake
[207.601s] -- Symlinking: /root/ros_workspace/install/doom_interfaces/share/doom_interfaces/cmake/ament_cmake_export_include_directories-extras.cmake
[208.211s] -- Symlinking: /root/ros_workspace/install/doom_interfaces/share/doom_interfaces/cmake/ament_cmake_export_libraries-extras.cmake
[208.753s] -- Symlinking: /root/ros_workspace/install/doom_interfaces/share/doom_interfaces/cmake/ament_cmake_export_targets-extras.cmake
[209.302s] -- Symlinking: /root/ros_workspace/install/doom_interfaces/share/doom_interfaces/cmake/rosidl_cmake_export_typesupport_targets-extras.cmake
[209.965s] -- Symlinking: /root/ros_workspace/install/doom_interfaces/share/doom_interfaces/cmake/rosidl_cmake_export_typesupport_libraries-extras.cmake
[210.764s] -- Symlinking: /root/ros_workspace/install/doom_interfaces/share/doom_interfaces/cmake/doom_interfacesConfig.cmake
[211.422s] -- Symlinking: /root/ros_workspace/install/doom_interfaces/share/doom_interfaces/cmake/doom_interfacesConfig-version.cmake
[211.897s] -- Symlinking: /root/ros_workspace/install/doom_interfaces/share/doom_interfaces/package.xml
[212.810s] -- Installing: /root/ros_workspace/install/doom_interfaces/lib/libdoom_interfaces__rosidl_generator_c.so
[213.248s] -- Set non-toolchain portion of runtime path of "/root/ros_workspace/install/doom_interfaces/lib/libdoom_interfaces__rosidl_generator_c.so" to ""
[213.284s] -- Installing: /root/ros_workspace/install/doom_interfaces/lib/libdoom_interfaces__rosidl_typesupport_fastrtps_c.so
[213.663s] -- Set non-toolchain portion of runtime path of "/root/ros_workspace/install/doom_interfaces/lib/libdoom_interfaces__rosidl_typesupport_fastrtps_c.so" to ""
[213.683s] -- Installing: /root/ros_workspace/install/doom_interfaces/lib/libdoom_interfaces__rosidl_typesupport_fastrtps_cpp.so
[214.028s] -- Set non-toolchain portion of runtime path of "/root/ros_workspace/install/doom_interfaces/lib/libdoom_interfaces__rosidl_typesupport_fastrtps_cpp.so" to ""
[214.072s] -- Installing: /root/ros_workspace/install/doom_interfaces/lib/libdoom_interfaces__rosidl_typesupport_introspection_c.so
[214.419s] -- Set non-toolchain portion of runtime path of "/root/ros_workspace/install/doom_interfaces/lib/libdoom_interfaces__rosidl_typesupport_introspection_c.so" to ""
[214.447s] -- Installing: /root/ros_workspace/install/doom_interfaces/lib/libdoom_interfaces__rosidl_typesupport_c.so
[214.729s] -- Set non-toolchain portion of runtime path of "/root/ros_workspace/install/doom_interfaces/lib/libdoom_interfaces__rosidl_typesupport_c.so" to ""
[214.751s] -- Installing: /root/ros_workspace/install/doom_interfaces/lib/libdoom_interfaces__rosidl_typesupport_introspection_cpp.so
[215.027s] -- Set non-toolchain portion of runtime path of "/root/ros_workspace/install/doom_interfaces/lib/libdoom_interfaces__rosidl_typesupport_introspection_cpp.so" to ""
[215.069s] -- Installing: /root/ros_workspace/install/doom_interfaces/lib/libdoom_interfaces__rosidl_typesupport_cpp.so
[215.347s] -- Set non-toolchain portion of runtime path of "/root/ros_workspace/install/doom_interfaces/lib/libdoom_interfaces__rosidl_typesupport_cpp.so" to ""
[220.383s] Listing '/root/ros_workspace/install/doom_interfaces/lib/python3.12/site-packages/doom_interfaces'...
[220.397s] Compiling '/root/ros_workspace/install/doom_interfaces/lib/python3.12/site-packages/doom_interfaces/__init__.py'...
[220.402s] Listing '/root/ros_workspace/install/doom_interfaces/lib/python3.12/site-packages/doom_interfaces/msg'...
[220.409s] Compiling '/root/ros_workspace/install/doom_interfaces/lib/python3.12/site-packages/doom_interfaces/msg/__init__.py'...
[220.415s] Compiling '/root/ros_workspace/install/doom_interfaces/lib/python3.12/site-packages/doom_interfaces/msg/_centroid_coords.py'...
[220.454s] -- Installing: /root/ros_workspace/install/doom_interfaces/lib/libdoom_interfaces__rosidl_generator_py.so
[220.900s] -- Set non-toolchain portion of runtime path of "/root/ros_workspace/install/doom_interfaces/lib/libdoom_interfaces__rosidl_generator_py.so" to ""
[220.995s] -- Installing: /root/ros_workspace/install/doom_interfaces/share/doom_interfaces/cmake/export_doom_interfaces__rosidl_generator_cExport.cmake
[221.247s] -- Installing: /root/ros_workspace/install/doom_interfaces/share/doom_interfaces/cmake/export_doom_interfaces__rosidl_generator_cExport-noconfig.cmake
[221.499s] -- Installing: /root/ros_workspace/install/doom_interfaces/share/doom_interfaces/cmake/export_doom_interfaces__rosidl_typesupport_fastrtps_cExport.cmake
[221.767s] -- Installing: /root/ros_workspace/install/doom_interfaces/share/doom_interfaces/cmake/export_doom_interfaces__rosidl_typesupport_fastrtps_cExport-noconfig.cmake
[222.059s] -- Installing: /root/ros_workspace/install/doom_interfaces/share/doom_interfaces/cmake/export_doom_interfaces__rosidl_generator_cppExport.cmake
[222.307s] -- Installing: /root/ros_workspace/install/doom_interfaces/share/doom_interfaces/cmake/export_doom_interfaces__rosidl_typesupport_fastrtps_cppExport.cmake
[222.693s] -- Installing: /root/ros_workspace/install/doom_interfaces/share/doom_interfaces/cmake/export_doom_interfaces__rosidl_typesupport_fastrtps_cppExport-noconfig.cmake
[222.934s] -- Installing: /root/ros_workspace/install/doom_interfaces/share/doom_interfaces/cmake/doom_interfaces__rosidl_typesupport_introspection_cExport.cmake
[223.230s] -- Installing: /root/ros_workspace/install/doom_interfaces/share/doom_interfaces/cmake/doom_interfaces__rosidl_typesupport_introspection_cExport-noconfig.cmake
[223.482s] -- Installing: /root/ros_workspace/install/doom_interfaces/share/doom_interfaces/cmake/doom_interfaces__rosidl_typesupport_cExport.cmake
[223.713s] -- Installing: /root/ros_workspace/install/doom_interfaces/share/doom_interfaces/cmake/doom_interfaces__rosidl_typesupport_cExport-noconfig.cmake
[223.951s] -- Installing: /root/ros_workspace/install/doom_interfaces/share/doom_interfaces/cmake/doom_interfaces__rosidl_typesupport_introspection_cppExport.cmake
[224.171s] -- Installing: /root/ros_workspace/install/doom_interfaces/share/doom_interfaces/cmake/doom_interfaces__rosidl_typesupport_introspection_cppExport-noconfig.cmake
[224.425s] -- Installing: /root/ros_workspace/install/doom_interfaces/share/doom_interfaces/cmake/doom_interfaces__rosidl_typesupport_cppExport.cmake
[224.662s] -- Installing: /root/ros_workspace/install/doom_interfaces/share/doom_interfaces/cmake/doom_interfaces__rosidl_typesupport_cppExport-noconfig.cmake
[225.015s] -- Installing: /root/ros_workspace/install/doom_interfaces/share/doom_interfaces/cmake/export_doom_interfaces__rosidl_generator_pyExport.cmake
[225.258s] -- Installing: /root/ros_workspace/install/doom_interfaces/share/doom_interfaces/cmake/export_doom_interfaces__rosidl_generator_pyExport-noconfig.cmake
[225.475s] Invoked command in '/root/ros_workspace/build/doom_interfaces' returned '0': CMAKE_PREFIX_PATH=${CMAKE_PREFIX_PATH}:/root/ros_workspace/install/turtlebot3_teleop:/root/ros_workspace/install/turtlebot3_example:/root/ros_workspace/install/doom_nodes:/opt/ros/jazzy /usr/bin/cmake --install /root/ros_workspace/build/doom_interfaces
