running develop
running egg_info
creating doom_nodes.egg-info
writing doom_nodes.egg-info/PKG-INFO
writing dependency_links to doom_nodes.egg-info/dependency_links.txt
writing entry points to doom_nodes.egg-info/entry_points.txt
writing requirements to doom_nodes.egg-info/requires.txt
writing top-level names to doom_nodes.egg-info/top_level.txt
writing manifest file 'doom_nodes.egg-info/SOURCES.txt'
reading manifest file 'doom_nodes.egg-info/SOURCES.txt'
writing manifest file 'doom_nodes.egg-info/SOURCES.txt'
running build_ext
Creating /root/ros_workspace/install/doom_nodes/lib/python3.12/site-packages/doom-nodes.egg-link (link to .)
Installing localizer script to /root/ros_workspace/install/doom_nodes/lib/doom_nodes
Installing perceptor script to /root/ros_workspace/install/doom_nodes/lib/doom_nodes

Installed /root/ros_workspace/build/doom_nodes
running symlink_data
creating /root/ros_workspace/install/doom_nodes/share/ament_index
creating /root/ros_workspace/install/doom_nodes/share/ament_index/resource_index
creating /root/ros_workspace/install/doom_nodes/share/ament_index/resource_index/packages
symbolically linking /root/ros_workspace/build/doom_nodes/resource/doom_nodes -> /root/ros_workspace/install/doom_nodes/share/ament_index/resource_index/packages
symbolically linking /root/ros_workspace/build/doom_nodes/package.xml -> /root/ros_workspace/install/doom_nodes/share/doom_nodes
creating /root/ros_workspace/install/doom_nodes/share/doom_nodes/launch
symbolically linking /root/ros_workspace/build/doom_nodes/launch/doom_project.launch.py -> /root/ros_workspace/install/doom_nodes/share/doom_nodes/launch
