[2.378s] Invoking command in '/root/ros_workspace/build/turtlebot3_description': CMAKE_PREFIX_PATH=${CMAKE_PREFIX_PATH}:/root/ros_workspace/install/turtlebot3_teleop:/root/ros_workspace/install/turtlebot3_example:/root/ros_workspace/install/doom_nodes:/opt/ros/jazzy /usr/bin/cmake --build /root/ros_workspace/build/turtlebot3_description -- -j8 -l8
[4.154s] -- Found ament_cmake: 2.5.4 (/opt/ros/jazzy/share/ament_cmake/cmake)
[12.908s] -- Override CMake install command with custom implementation using symlinks instead of copying resources
[13.296s] -- Found urdf: 2.10.0 (/opt/ros/jazzy/share/urdf/cmake)
[14.032s] -- Found TinyXML2 via Config file: /usr/lib/x86_64-linux-gnu/cmake/tinyxml2
[18.640s] -- Configuring done (14.7s)
[20.106s] -- Generating done (1.1s)
[20.862s] -- Build files have been written to: /root/ros_workspace/build/turtlebot3_description
[22.771s] Invoked command in '/root/ros_workspace/build/turtlebot3_description' returned '0': CMAKE_PREFIX_PATH=${CMAKE_PREFIX_PATH}:/root/ros_workspace/install/turtlebot3_teleop:/root/ros_workspace/install/turtlebot3_example:/root/ros_workspace/install/doom_nodes:/opt/ros/jazzy /usr/bin/cmake --build /root/ros_workspace/build/turtlebot3_description -- -j8 -l8
[23.516s] Invoking command in '/root/ros_workspace/build/turtlebot3_description': CMAKE_PREFIX_PATH=${CMAKE_PREFIX_PATH}:/root/ros_workspace/install/turtlebot3_teleop:/root/ros_workspace/install/turtlebot3_example:/root/ros_workspace/install/doom_nodes:/opt/ros/jazzy /usr/bin/cmake --install /root/ros_workspace/build/turtlebot3_description
[24.364s] -- Install configuration: ""
[24.410s] -- Execute custom install script
[25.009s] -- Up-to-date symlink: /root/ros_workspace/install/turtlebot3_description/share/turtlebot3_description/meshes/bases/burger_base.stl
[25.159s] -- Up-to-date symlink: /root/ros_workspace/install/turtlebot3_description/share/turtlebot3_description/meshes/bases/waffle_base.stl
[25.296s] -- Up-to-date symlink: /root/ros_workspace/install/turtlebot3_description/share/turtlebot3_description/meshes/bases/waffle_pi_base.stl
[25.467s] -- Up-to-date symlink: /root/ros_workspace/install/turtlebot3_description/share/turtlebot3_description/meshes/sensors/astra.dae
[25.660s] -- Up-to-date symlink: /root/ros_workspace/install/turtlebot3_description/share/turtlebot3_description/meshes/sensors/astra.jpg
[25.875s] -- Up-to-date symlink: /root/ros_workspace/install/turtlebot3_description/share/turtlebot3_description/meshes/sensors/lds.stl
[26.037s] -- Up-to-date symlink: /root/ros_workspace/install/turtlebot3_description/share/turtlebot3_description/meshes/sensors/r200.dae
[26.188s] -- Up-to-date symlink: /root/ros_workspace/install/turtlebot3_description/share/turtlebot3_description/meshes/sensors/r200.jpg
[26.343s] -- Up-to-date symlink: /root/ros_workspace/install/turtlebot3_description/share/turtlebot3_description/meshes/wheels/left_tire.stl
[26.522s] -- Up-to-date symlink: /root/ros_workspace/install/turtlebot3_description/share/turtlebot3_description/meshes/wheels/right_tire.stl
[26.706s] -- Up-to-date symlink: /root/ros_workspace/install/turtlebot3_description/share/turtlebot3_description/rviz/model.rviz
[26.965s] -- Up-to-date symlink: /root/ros_workspace/install/turtlebot3_description/share/turtlebot3_description/urdf/common_properties.urdf
[27.109s] -- Up-to-date symlink: /root/ros_workspace/install/turtlebot3_description/share/turtlebot3_description/urdf/turtlebot3_burger.urdf
[27.260s] -- Up-to-date symlink: /root/ros_workspace/install/turtlebot3_description/share/turtlebot3_description/urdf/turtlebot3_waffle.urdf
[27.426s] -- Up-to-date symlink: /root/ros_workspace/install/turtlebot3_description/share/turtlebot3_description/urdf/turtlebot3_waffle_pi.urdf
[27.831s] -- Up-to-date symlink: /root/ros_workspace/install/turtlebot3_description/share/ament_index/resource_index/package_run_dependencies/turtlebot3_description
[28.177s] -- Up-to-date symlink: /root/ros_workspace/install/turtlebot3_description/share/ament_index/resource_index/parent_prefix_path/turtlebot3_description
[28.273s] -- Up-to-date symlink: /root/ros_workspace/install/turtlebot3_description/share/turtlebot3_description/environment/ament_prefix_path.sh
[28.378s] -- Up-to-date symlink: /root/ros_workspace/install/turtlebot3_description/share/turtlebot3_description/environment/ament_prefix_path.dsv
[28.506s] -- Up-to-date symlink: /root/ros_workspace/install/turtlebot3_description/share/turtlebot3_description/environment/path.sh
[28.697s] -- Up-to-date symlink: /root/ros_workspace/install/turtlebot3_description/share/turtlebot3_description/environment/path.dsv
[28.795s] -- Up-to-date symlink: /root/ros_workspace/install/turtlebot3_description/share/turtlebot3_description/local_setup.bash
[28.891s] -- Up-to-date symlink: /root/ros_workspace/install/turtlebot3_description/share/turtlebot3_description/local_setup.sh
[28.952s] -- Up-to-date symlink: /root/ros_workspace/install/turtlebot3_description/share/turtlebot3_description/local_setup.zsh
[29.060s] -- Up-to-date symlink: /root/ros_workspace/install/turtlebot3_description/share/turtlebot3_description/local_setup.dsv
[29.099s] -- Symlinking: /root/ros_workspace/install/turtlebot3_description/share/turtlebot3_description/package.dsv
[30.089s] -- Up-to-date symlink: /root/ros_workspace/install/turtlebot3_description/share/ament_index/resource_index/packages/turtlebot3_description
[30.149s] -- Up-to-date symlink: /root/ros_workspace/install/turtlebot3_description/share/turtlebot3_description/cmake/turtlebot3_descriptionConfig.cmake
[30.208s] -- Up-to-date symlink: /root/ros_workspace/install/turtlebot3_description/share/turtlebot3_description/cmake/turtlebot3_descriptionConfig-version.cmake
[30.284s] -- Up-to-date symlink: /root/ros_workspace/install/turtlebot3_description/share/turtlebot3_description/package.xml
[30.363s] Invoked command in '/root/ros_workspace/build/turtlebot3_description' returned '0': CMAKE_PREFIX_PATH=${CMAKE_PREFIX_PATH}:/root/ros_workspace/install/turtlebot3_teleop:/root/ros_workspace/install/turtlebot3_example:/root/ros_workspace/install/doom_nodes:/opt/ros/jazzy /usr/bin/cmake --install /root/ros_workspace/build/turtlebot3_description
