-- Found ament_cmake: 2.5.4 (/opt/ros/jazzy/share/ament_cmake/cmake)
-- Found Python3: /usr/bin/python3 (found version "3.12.3") found components: Interpreter 
-- Override CMake install command with custom implementation using symlinks instead of copying resources
-- Found std_msgs: 5.3.6 (/opt/ros/jazzy/share/std_msgs/cmake)
-- Found rosidl_generator_c: 4.6.6 (/opt/ros/jazzy/share/rosidl_generator_c/cmake)
-- Found rosidl_generator_cpp: 4.6.6 (/opt/ros/jazzy/share/rosidl_generator_cpp/cmake)
-- Using all available rosidl_typesupport_c: rosidl_typesupport_fastrtps_c;rosidl_typesupport_introspection_c
-- Using all available rosidl_typesupport_cpp: rosidl_typesupport_fastrtps_cpp;rosidl_typesupport_introspection_cpp
-- Found rosidl_default_generators: 1.6.0 (/opt/ros/jazzy/share/rosidl_default_generators/cmake)
-- Found rosidl_adapter: 4.6.6 (/opt/ros/jazzy/share/rosidl_adapter/cmake)
-- Found ament_cmake_ros: 0.12.0 (/opt/ros/jazzy/share/ament_cmake_ros/cmake)
-- Using all available rosidl_typesupport_c: rosidl_typesupport_fastrtps_c;rosidl_typesupport_introspection_c
-- Using all available rosidl_typesupport_cpp: rosidl_typesupport_fastrtps_cpp;rosidl_typesupport_introspection_cpp
-- Found python_cmake_module: 0.11.1 (/opt/ros/jazzy/share/python_cmake_module/cmake)
-- Found Python3: /usr/bin/python3 (found version "3.12.3") found components: Interpreter Development NumPy Development.Module Development.Embed 
-- Found ament_lint_auto: 0.17.3 (/opt/ros/jazzy/share/ament_lint_auto/cmake)
-- Added test 'lint_cmake' to check CMake code style
-- Added test 'xmllint' to check XML markup files
-- Configuring done (71.9s)
-- Generating done (5.1s)
-- Build files have been written to: /root/ros_workspace/build/doom_interfaces
[  2%] Built target doom_interfaces__rosidl_generator_type_description
[  2%] Built target ament_cmake_python_symlink_doom_interfaces
[  5%] Built target doom_interfaces__cpp
[  8%] [32mBuilding C object CMakeFiles/doom_interfaces__rosidl_generator_c.dir/rosidl_generator_c/doom_interfaces/msg/detail/centroid_coords__description.c.o[0m
[ 11%] [32mBuilding C object CMakeFiles/doom_interfaces__rosidl_generator_c.dir/rosidl_generator_c/doom_interfaces/msg/detail/centroid_coords__type_support.c.o[0m
[ 14%] [32mBuilding C object CMakeFiles/doom_interfaces__rosidl_generator_c.dir/rosidl_generator_c/doom_interfaces/msg/detail/centroid_coords__functions.c.o[0m
[ 17%] [32m[1mLinking C shared library libdoom_interfaces__rosidl_generator_c.so[0m
[ 20%] Built target doom_interfaces__rosidl_generator_c
[ 23%] [32mBuilding CXX object CMakeFiles/doom_interfaces__rosidl_typesupport_cpp.dir/rosidl_typesupport_cpp/doom_interfaces/msg/centroid_coords__type_support.cpp.o[0m
[ 26%] [32m[1mLinking CXX shared library libdoom_interfaces__rosidl_typesupport_cpp.so[0m
[ 29%] Built target doom_interfaces__rosidl_typesupport_cpp
running egg_info
writing doom_interfaces.egg-info/PKG-INFO
writing dependency_links to doom_interfaces.egg-info/dependency_links.txt
writing top-level names to doom_interfaces.egg-info/top_level.txt
reading manifest file 'doom_interfaces.egg-info/SOURCES.txt'
writing manifest file 'doom_interfaces.egg-info/SOURCES.txt'
[ 29%] Built target ament_cmake_python_build_doom_interfaces_egg
[ 32%] [32mBuilding CXX object CMakeFiles/doom_interfaces__rosidl_typesupport_introspection_cpp.dir/rosidl_typesupport_introspection_cpp/doom_interfaces/msg/detail/centroid_coords__type_support.cpp.o[0m
[ 35%] [32m[1mLinking CXX shared library libdoom_interfaces__rosidl_typesupport_introspection_cpp.so[0m
[ 38%] Built target doom_interfaces__rosidl_typesupport_introspection_cpp
[ 41%] [32mBuilding CXX object CMakeFiles/doom_interfaces__rosidl_typesupport_c.dir/rosidl_typesupport_c/doom_interfaces/msg/centroid_coords__type_support.cpp.o[0m
[ 44%] [32m[1mLinking CXX shared library libdoom_interfaces__rosidl_typesupport_c.so[0m
[ 47%] Built target doom_interfaces__rosidl_typesupport_c
[ 50%] [32mBuilding C object CMakeFiles/doom_interfaces__rosidl_typesupport_introspection_c.dir/rosidl_typesupport_introspection_c/doom_interfaces/msg/detail/centroid_coords__type_support.c.o[0m
[ 52%] [32m[1mLinking C shared library libdoom_interfaces__rosidl_typesupport_introspection_c.so[0m
[ 55%] Built target doom_interfaces__rosidl_typesupport_introspection_c
[ 58%] [32mBuilding CXX object CMakeFiles/doom_interfaces__rosidl_typesupport_fastrtps_cpp.dir/rosidl_typesupport_fastrtps_cpp/doom_interfaces/msg/detail/dds_fastrtps/centroid_coords__type_support.cpp.o[0m
[ 61%] [32m[1mLinking CXX shared library libdoom_interfaces__rosidl_typesupport_fastrtps_cpp.so[0m
[ 64%] Built target doom_interfaces__rosidl_typesupport_fastrtps_cpp
[ 67%] [32mBuilding CXX object CMakeFiles/doom_interfaces__rosidl_typesupport_fastrtps_c.dir/rosidl_typesupport_fastrtps_c/doom_interfaces/msg/detail/centroid_coords__type_support_c.cpp.o[0m
[ 70%] [32m[1mLinking CXX shared library libdoom_interfaces__rosidl_typesupport_fastrtps_c.so[0m
[ 73%] Built target doom_interfaces__rosidl_typesupport_fastrtps_c
[ 73%] Built target doom_interfaces
[ 76%] Built target doom_interfaces__py
[ 79%] [32mBuilding C object CMakeFiles/doom_interfaces__rosidl_generator_py.dir/rosidl_generator_py/doom_interfaces/msg/_centroid_coords_s.c.o[0m
[ 82%] [32m[1mLinking C shared library libdoom_interfaces__rosidl_generator_py.so[0m
[ 82%] Built target doom_interfaces__rosidl_generator_py
[ 85%] [32mBuilding C object CMakeFiles/doom_interfaces_s__rosidl_typesupport_fastrtps_c.dir/rosidl_generator_py/doom_interfaces/_doom_interfaces_s.ep.rosidl_typesupport_fastrtps_c.c.o[0m
[ 88%] [32mBuilding C object CMakeFiles/doom_interfaces_s__rosidl_typesupport_introspection_c.dir/rosidl_generator_py/doom_interfaces/_doom_interfaces_s.ep.rosidl_typesupport_introspection_c.c.o[0m
[ 91%] [32mBuilding C object CMakeFiles/doom_interfaces_s__rosidl_typesupport_c.dir/rosidl_generator_py/doom_interfaces/_doom_interfaces_s.ep.rosidl_typesupport_c.c.o[0m
[ 94%] [32m[1mLinking C shared module rosidl_generator_py/doom_interfaces/doom_interfaces_s__rosidl_typesupport_c.so[0m
[ 97%] [32m[1mLinking C shared module rosidl_generator_py/doom_interfaces/doom_interfaces_s__rosidl_typesupport_fastrtps_c.so[0m
[100%] [32m[1mLinking C shared module rosidl_generator_py/doom_interfaces/doom_interfaces_s__rosidl_typesupport_introspection_c.so[0m
[100%] Built target doom_interfaces_s__rosidl_typesupport_c
[100%] Built target doom_interfaces_s__rosidl_typesupport_fastrtps_c
[100%] Built target doom_interfaces_s__rosidl_typesupport_introspection_c
-- Install configuration: ""
-- Execute custom install script
-- Up-to-date symlink: /root/ros_workspace/install/doom_interfaces/share/ament_index/resource_index/rosidl_interfaces/doom_interfaces
-- Up-to-date symlink: /root/ros_workspace/install/doom_interfaces/share/doom_interfaces/msg/CentroidCoords.json
-- Up-to-date symlink: /root/ros_workspace/install/doom_interfaces/include/doom_interfaces/doom_interfaces/msg/centroid_coords.h
-- Up-to-date symlink: /root/ros_workspace/install/doom_interfaces/include/doom_interfaces/doom_interfaces/msg/detail/centroid_coords__functions.h
-- Up-to-date symlink: /root/ros_workspace/install/doom_interfaces/include/doom_interfaces/doom_interfaces/msg/detail/centroid_coords__struct.h
-- Up-to-date symlink: /root/ros_workspace/install/doom_interfaces/include/doom_interfaces/doom_interfaces/msg/detail/centroid_coords__type_support.h
-- Up-to-date symlink: /root/ros_workspace/install/doom_interfaces/include/doom_interfaces/doom_interfaces/msg/rosidl_generator_c__visibility_control.h
-- Up-to-date symlink: /root/ros_workspace/install/doom_interfaces/share/doom_interfaces/environment/library_path.sh
-- Up-to-date symlink: /root/ros_workspace/install/doom_interfaces/share/doom_interfaces/environment/library_path.dsv
-- Up-to-date symlink: /root/ros_workspace/install/doom_interfaces/include/doom_interfaces/doom_interfaces/msg/detail/centroid_coords__rosidl_typesupport_fastrtps_c.h
-- Up-to-date symlink: /root/ros_workspace/install/doom_interfaces/include/doom_interfaces/doom_interfaces/msg/rosidl_typesupport_fastrtps_c__visibility_control.h
-- Up-to-date symlink: /root/ros_workspace/install/doom_interfaces/include/doom_interfaces/doom_interfaces/msg/centroid_coords.hpp
-- Up-to-date symlink: /root/ros_workspace/install/doom_interfaces/include/doom_interfaces/doom_interfaces/msg/detail/centroid_coords__builder.hpp
-- Up-to-date symlink: /root/ros_workspace/install/doom_interfaces/include/doom_interfaces/doom_interfaces/msg/detail/centroid_coords__struct.hpp
-- Up-to-date symlink: /root/ros_workspace/install/doom_interfaces/include/doom_interfaces/doom_interfaces/msg/detail/centroid_coords__traits.hpp
-- Up-to-date symlink: /root/ros_workspace/install/doom_interfaces/include/doom_interfaces/doom_interfaces/msg/detail/centroid_coords__type_support.hpp
-- Up-to-date symlink: /root/ros_workspace/install/doom_interfaces/include/doom_interfaces/doom_interfaces/msg/rosidl_generator_cpp__visibility_control.hpp
-- Up-to-date symlink: /root/ros_workspace/install/doom_interfaces/include/doom_interfaces/doom_interfaces/msg/detail/centroid_coords__rosidl_typesupport_fastrtps_cpp.hpp
-- Up-to-date symlink: /root/ros_workspace/install/doom_interfaces/include/doom_interfaces/doom_interfaces/msg/rosidl_typesupport_fastrtps_cpp__visibility_control.h
-- Up-to-date symlink: /root/ros_workspace/install/doom_interfaces/include/doom_interfaces/doom_interfaces/msg/detail/centroid_coords__rosidl_typesupport_introspection_c.h
-- Up-to-date symlink: /root/ros_workspace/install/doom_interfaces/include/doom_interfaces/doom_interfaces/msg/rosidl_typesupport_introspection_c__visibility_control.h
-- Up-to-date symlink: /root/ros_workspace/install/doom_interfaces/include/doom_interfaces/doom_interfaces/msg/detail/centroid_coords__rosidl_typesupport_introspection_cpp.hpp
-- Up-to-date symlink: /root/ros_workspace/install/doom_interfaces/share/doom_interfaces/environment/pythonpath.sh
-- Up-to-date symlink: /root/ros_workspace/install/doom_interfaces/share/doom_interfaces/environment/pythonpath.dsv
-- Up-to-date symlink: /root/ros_workspace/install/doom_interfaces/lib/python3.12/site-packages/doom_interfaces-0.0.0-py3.12.egg-info/PKG-INFO
-- Up-to-date symlink: /root/ros_workspace/install/doom_interfaces/lib/python3.12/site-packages/doom_interfaces-0.0.0-py3.12.egg-info/SOURCES.txt
-- Up-to-date symlink: /root/ros_workspace/install/doom_interfaces/lib/python3.12/site-packages/doom_interfaces-0.0.0-py3.12.egg-info/dependency_links.txt
-- Up-to-date symlink: /root/ros_workspace/install/doom_interfaces/lib/python3.12/site-packages/doom_interfaces-0.0.0-py3.12.egg-info/top_level.txt
-- Up-to-date symlink: /root/ros_workspace/install/doom_interfaces/lib/python3.12/site-packages/doom_interfaces/__init__.py
-- Up-to-date symlink: /root/ros_workspace/install/doom_interfaces/lib/python3.12/site-packages/doom_interfaces/_doom_interfaces_s.ep.rosidl_typesupport_c.c
-- Up-to-date symlink: /root/ros_workspace/install/doom_interfaces/lib/python3.12/site-packages/doom_interfaces/_doom_interfaces_s.ep.rosidl_typesupport_fastrtps_c.c
-- Up-to-date symlink: /root/ros_workspace/install/doom_interfaces/lib/python3.12/site-packages/doom_interfaces/_doom_interfaces_s.ep.rosidl_typesupport_introspection_c.c
-- Up-to-date symlink: /root/ros_workspace/install/doom_interfaces/lib/python3.12/site-packages/doom_interfaces/doom_interfaces_s__rosidl_typesupport_c.so
-- Up-to-date symlink: /root/ros_workspace/install/doom_interfaces/lib/python3.12/site-packages/doom_interfaces/doom_interfaces_s__rosidl_typesupport_fastrtps_c.so
-- Up-to-date symlink: /root/ros_workspace/install/doom_interfaces/lib/python3.12/site-packages/doom_interfaces/doom_interfaces_s__rosidl_typesupport_introspection_c.so
-- Up-to-date symlink: /root/ros_workspace/install/doom_interfaces/lib/python3.12/site-packages/doom_interfaces/msg/__init__.py
-- Up-to-date symlink: /root/ros_workspace/install/doom_interfaces/lib/python3.12/site-packages/doom_interfaces/msg/_centroid_coords.py
-- Up-to-date symlink: /root/ros_workspace/install/doom_interfaces/lib/python3.12/site-packages/doom_interfaces/msg/_centroid_coords_s.c
-- Up-to-date symlink: /root/ros_workspace/install/doom_interfaces/lib/python3.12/site-packages/doom_interfaces/doom_interfaces_s__rosidl_typesupport_fastrtps_c.so
-- Up-to-date symlink: /root/ros_workspace/install/doom_interfaces/lib/python3.12/site-packages/doom_interfaces/doom_interfaces_s__rosidl_typesupport_introspection_c.so
-- Up-to-date symlink: /root/ros_workspace/install/doom_interfaces/lib/python3.12/site-packages/doom_interfaces/doom_interfaces_s__rosidl_typesupport_c.so
-- Up-to-date symlink: /root/ros_workspace/install/doom_interfaces/share/doom_interfaces/msg/CentroidCoords.idl
-- Up-to-date symlink: /root/ros_workspace/install/doom_interfaces/share/doom_interfaces/msg/CentroidCoords.msg
-- Up-to-date symlink: /root/ros_workspace/install/doom_interfaces/share/ament_index/resource_index/package_run_dependencies/doom_interfaces
-- Up-to-date symlink: /root/ros_workspace/install/doom_interfaces/share/ament_index/resource_index/parent_prefix_path/doom_interfaces
-- Up-to-date symlink: /root/ros_workspace/install/doom_interfaces/share/doom_interfaces/environment/ament_prefix_path.sh
-- Up-to-date symlink: /root/ros_workspace/install/doom_interfaces/share/doom_interfaces/environment/ament_prefix_path.dsv
-- Up-to-date symlink: /root/ros_workspace/install/doom_interfaces/share/doom_interfaces/environment/path.sh
-- Up-to-date symlink: /root/ros_workspace/install/doom_interfaces/share/doom_interfaces/environment/path.dsv
-- Up-to-date symlink: /root/ros_workspace/install/doom_interfaces/share/doom_interfaces/local_setup.bash
-- Up-to-date symlink: /root/ros_workspace/install/doom_interfaces/share/doom_interfaces/local_setup.sh
-- Up-to-date symlink: /root/ros_workspace/install/doom_interfaces/share/doom_interfaces/local_setup.zsh
-- Up-to-date symlink: /root/ros_workspace/install/doom_interfaces/share/doom_interfaces/local_setup.dsv
-- Symlinking: /root/ros_workspace/install/doom_interfaces/share/doom_interfaces/package.dsv
-- Up-to-date symlink: /root/ros_workspace/install/doom_interfaces/share/ament_index/resource_index/packages/doom_interfaces
-- Up-to-date symlink: /root/ros_workspace/install/doom_interfaces/share/doom_interfaces/cmake/rosidl_cmake-extras.cmake
-- Up-to-date symlink: /root/ros_workspace/install/doom_interfaces/share/doom_interfaces/cmake/ament_cmake_export_dependencies-extras.cmake
-- Up-to-date symlink: /root/ros_workspace/install/doom_interfaces/share/doom_interfaces/cmake/ament_cmake_export_include_directories-extras.cmake
-- Up-to-date symlink: /root/ros_workspace/install/doom_interfaces/share/doom_interfaces/cmake/ament_cmake_export_libraries-extras.cmake
-- Up-to-date symlink: /root/ros_workspace/install/doom_interfaces/share/doom_interfaces/cmake/ament_cmake_export_targets-extras.cmake
-- Up-to-date symlink: /root/ros_workspace/install/doom_interfaces/share/doom_interfaces/cmake/rosidl_cmake_export_typesupport_targets-extras.cmake
-- Up-to-date symlink: /root/ros_workspace/install/doom_interfaces/share/doom_interfaces/cmake/rosidl_cmake_export_typesupport_libraries-extras.cmake
-- Up-to-date symlink: /root/ros_workspace/install/doom_interfaces/share/doom_interfaces/cmake/doom_interfacesConfig.cmake
-- Up-to-date symlink: /root/ros_workspace/install/doom_interfaces/share/doom_interfaces/cmake/doom_interfacesConfig-version.cmake
-- Up-to-date symlink: /root/ros_workspace/install/doom_interfaces/share/doom_interfaces/package.xml
-- Installing: /root/ros_workspace/install/doom_interfaces/lib/libdoom_interfaces__rosidl_generator_c.so
-- Set non-toolchain portion of runtime path of "/root/ros_workspace/install/doom_interfaces/lib/libdoom_interfaces__rosidl_generator_c.so" to ""
-- Installing: /root/ros_workspace/install/doom_interfaces/lib/libdoom_interfaces__rosidl_typesupport_fastrtps_c.so
-- Set non-toolchain portion of runtime path of "/root/ros_workspace/install/doom_interfaces/lib/libdoom_interfaces__rosidl_typesupport_fastrtps_c.so" to ""
-- Installing: /root/ros_workspace/install/doom_interfaces/lib/libdoom_interfaces__rosidl_typesupport_fastrtps_cpp.so
-- Set non-toolchain portion of runtime path of "/root/ros_workspace/install/doom_interfaces/lib/libdoom_interfaces__rosidl_typesupport_fastrtps_cpp.so" to ""
-- Installing: /root/ros_workspace/install/doom_interfaces/lib/libdoom_interfaces__rosidl_typesupport_introspection_c.so
-- Set non-toolchain portion of runtime path of "/root/ros_workspace/install/doom_interfaces/lib/libdoom_interfaces__rosidl_typesupport_introspection_c.so" to ""
-- Installing: /root/ros_workspace/install/doom_interfaces/lib/libdoom_interfaces__rosidl_typesupport_c.so
-- Set non-toolchain portion of runtime path of "/root/ros_workspace/install/doom_interfaces/lib/libdoom_interfaces__rosidl_typesupport_c.so" to ""
-- Installing: /root/ros_workspace/install/doom_interfaces/lib/libdoom_interfaces__rosidl_typesupport_introspection_cpp.so
-- Set non-toolchain portion of runtime path of "/root/ros_workspace/install/doom_interfaces/lib/libdoom_interfaces__rosidl_typesupport_introspection_cpp.so" to ""
-- Installing: /root/ros_workspace/install/doom_interfaces/lib/libdoom_interfaces__rosidl_typesupport_cpp.so
-- Set non-toolchain portion of runtime path of "/root/ros_workspace/install/doom_interfaces/lib/libdoom_interfaces__rosidl_typesupport_cpp.so" to ""
Listing '/root/ros_workspace/install/doom_interfaces/lib/python3.12/site-packages/doom_interfaces'...
Compiling '/root/ros_workspace/install/doom_interfaces/lib/python3.12/site-packages/doom_interfaces/__init__.py'...
Listing '/root/ros_workspace/install/doom_interfaces/lib/python3.12/site-packages/doom_interfaces/msg'...
Compiling '/root/ros_workspace/install/doom_interfaces/lib/python3.12/site-packages/doom_interfaces/msg/__init__.py'...
Compiling '/root/ros_workspace/install/doom_interfaces/lib/python3.12/site-packages/doom_interfaces/msg/_centroid_coords.py'...
-- Installing: /root/ros_workspace/install/doom_interfaces/lib/libdoom_interfaces__rosidl_generator_py.so
-- Set non-toolchain portion of runtime path of "/root/ros_workspace/install/doom_interfaces/lib/libdoom_interfaces__rosidl_generator_py.so" to ""
-- Installing: /root/ros_workspace/install/doom_interfaces/share/doom_interfaces/cmake/export_doom_interfaces__rosidl_generator_cExport.cmake
-- Installing: /root/ros_workspace/install/doom_interfaces/share/doom_interfaces/cmake/export_doom_interfaces__rosidl_generator_cExport-noconfig.cmake
-- Installing: /root/ros_workspace/install/doom_interfaces/share/doom_interfaces/cmake/export_doom_interfaces__rosidl_typesupport_fastrtps_cExport.cmake
-- Installing: /root/ros_workspace/install/doom_interfaces/share/doom_interfaces/cmake/export_doom_interfaces__rosidl_typesupport_fastrtps_cExport-noconfig.cmake
-- Installing: /root/ros_workspace/install/doom_interfaces/share/doom_interfaces/cmake/export_doom_interfaces__rosidl_generator_cppExport.cmake
-- Installing: /root/ros_workspace/install/doom_interfaces/share/doom_interfaces/cmake/export_doom_interfaces__rosidl_typesupport_fastrtps_cppExport.cmake
-- Installing: /root/ros_workspace/install/doom_interfaces/share/doom_interfaces/cmake/export_doom_interfaces__rosidl_typesupport_fastrtps_cppExport-noconfig.cmake
-- Installing: /root/ros_workspace/install/doom_interfaces/share/doom_interfaces/cmake/doom_interfaces__rosidl_typesupport_introspection_cExport.cmake
-- Installing: /root/ros_workspace/install/doom_interfaces/share/doom_interfaces/cmake/doom_interfaces__rosidl_typesupport_introspection_cExport-noconfig.cmake
-- Installing: /root/ros_workspace/install/doom_interfaces/share/doom_interfaces/cmake/doom_interfaces__rosidl_typesupport_cExport.cmake
-- Installing: /root/ros_workspace/install/doom_interfaces/share/doom_interfaces/cmake/doom_interfaces__rosidl_typesupport_cExport-noconfig.cmake
-- Installing: /root/ros_workspace/install/doom_interfaces/share/doom_interfaces/cmake/doom_interfaces__rosidl_typesupport_introspection_cppExport.cmake
-- Installing: /root/ros_workspace/install/doom_interfaces/share/doom_interfaces/cmake/doom_interfaces__rosidl_typesupport_introspection_cppExport-noconfig.cmake
-- Installing: /root/ros_workspace/install/doom_interfaces/share/doom_interfaces/cmake/doom_interfaces__rosidl_typesupport_cppExport.cmake
-- Installing: /root/ros_workspace/install/doom_interfaces/share/doom_interfaces/cmake/doom_interfaces__rosidl_typesupport_cppExport-noconfig.cmake
-- Installing: /root/ros_workspace/install/doom_interfaces/share/doom_interfaces/cmake/export_doom_interfaces__rosidl_generator_pyExport.cmake
-- Installing: /root/ros_workspace/install/doom_interfaces/share/doom_interfaces/cmake/export_doom_interfaces__rosidl_generator_pyExport-noconfig.cmake
