[2.128s] Invoking command in '/root/ros_workspace/build/doom_interfaces': CMAKE_PREFIX_PATH=${CMAKE_PREFIX_PATH}:/root/ros_workspace/install/turtlebot3_teleop:/root/ros_workspace/install/turtlebot3_example:/root/ros_workspace/install/doom_nodes:/opt/ros/jazzy /usr/bin/cmake --build /root/ros_workspace/build/doom_interfaces -- -j8 -l8
[4.177s] -- Found ament_cmake: 2.5.4 (/opt/ros/jazzy/share/ament_cmake/cmake)
[5.255s] -- Found Python3: /usr/bin/python3 (found version "3.12.3") found components: Interpreter 
[8.373s] -- Override CMake install command with custom implementation using symlinks instead of copying resources
[8.860s] -- Found std_msgs: 5.3.6 (/opt/ros/jazzy/share/std_msgs/cmake)
[9.630s] -- Found rosidl_generator_c: 4.6.6 (/opt/ros/jazzy/share/rosidl_generator_c/cmake)
[9.808s] -- Found rosidl_generator_cpp: 4.6.6 (/opt/ros/jazzy/share/rosidl_generator_cpp/cmake)
[10.035s] -- Using all available rosidl_typesupport_c: rosidl_typesupport_fastrtps_c;rosidl_typesupport_introspection_c
[10.318s] -- Using all available rosidl_typesupport_cpp: rosidl_typesupport_fastrtps_cpp;rosidl_typesupport_introspection_cpp
[10.758s] -- Found rosidl_default_generators: 1.6.0 (/opt/ros/jazzy/share/rosidl_default_generators/cmake)
[11.250s] -- Found rosidl_adapter: 4.6.6 (/opt/ros/jazzy/share/rosidl_adapter/cmake)
[26.856s] -- Found ament_cmake_ros: 0.12.0 (/opt/ros/jazzy/share/ament_cmake_ros/cmake)
[47.653s] -- Using all available rosidl_typesupport_c: rosidl_typesupport_fastrtps_c;rosidl_typesupport_introspection_c
[55.026s] -- Using all available rosidl_typesupport_cpp: rosidl_typesupport_fastrtps_cpp;rosidl_typesupport_introspection_cpp
[55.036s] -- Found python_cmake_module: 0.11.1 (/opt/ros/jazzy/share/python_cmake_module/cmake)
[65.988s] -- Found Python3: /usr/bin/python3 (found version "3.12.3") found components: Interpreter Development NumPy Development.Module Development.Embed 
[69.134s] -- Found ament_lint_auto: 0.17.3 (/opt/ros/jazzy/share/ament_lint_auto/cmake)
[72.881s] -- Added test 'lint_cmake' to check CMake code style
[74.386s] -- Added test 'xmllint' to check XML markup files
[75.955s] -- Configuring done (71.9s)
[81.683s] -- Generating done (5.1s)
[84.433s] -- Build files have been written to: /root/ros_workspace/build/doom_interfaces
[86.659s] [  2%] Built target doom_interfaces__rosidl_generator_type_description
[87.393s] [  2%] Built target ament_cmake_python_symlink_doom_interfaces
[88.590s] [  5%] Built target doom_interfaces__cpp
[89.682s] [  8%] [32mBuilding C object CMakeFiles/doom_interfaces__rosidl_generator_c.dir/rosidl_generator_c/doom_interfaces/msg/detail/centroid_coords__description.c.o[0m
[91.153s] [ 11%] [32mBuilding C object CMakeFiles/doom_interfaces__rosidl_generator_c.dir/rosidl_generator_c/doom_interfaces/msg/detail/centroid_coords__type_support.c.o[0m
[92.497s] [ 14%] [32mBuilding C object CMakeFiles/doom_interfaces__rosidl_generator_c.dir/rosidl_generator_c/doom_interfaces/msg/detail/centroid_coords__functions.c.o[0m
[93.961s] [ 17%] [32m[1mLinking C shared library libdoom_interfaces__rosidl_generator_c.so[0m
[95.680s] [ 20%] Built target doom_interfaces__rosidl_generator_c
[97.762s] [ 23%] [32mBuilding CXX object CMakeFiles/doom_interfaces__rosidl_typesupport_cpp.dir/rosidl_typesupport_cpp/doom_interfaces/msg/centroid_coords__type_support.cpp.o[0m
[100.623s] [ 26%] [32m[1mLinking CXX shared library libdoom_interfaces__rosidl_typesupport_cpp.so[0m
[102.166s] [ 29%] Built target doom_interfaces__rosidl_typesupport_cpp
[102.240s] running egg_info
[102.375s] writing doom_interfaces.egg-info/PKG-INFO
[102.385s] writing dependency_links to doom_interfaces.egg-info/dependency_links.txt
[102.398s] writing top-level names to doom_interfaces.egg-info/top_level.txt
[102.974s] reading manifest file 'doom_interfaces.egg-info/SOURCES.txt'
[103.064s] writing manifest file 'doom_interfaces.egg-info/SOURCES.txt'
[103.825s] [ 29%] Built target ament_cmake_python_build_doom_interfaces_egg
[104.179s] [ 32%] [32mBuilding CXX object CMakeFiles/doom_interfaces__rosidl_typesupport_introspection_cpp.dir/rosidl_typesupport_introspection_cpp/doom_interfaces/msg/detail/centroid_coords__type_support.cpp.o[0m
[108.775s] [ 35%] [32m[1mLinking CXX shared library libdoom_interfaces__rosidl_typesupport_introspection_cpp.so[0m
[111.217s] [ 38%] Built target doom_interfaces__rosidl_typesupport_introspection_cpp
[112.994s] [ 41%] [32mBuilding CXX object CMakeFiles/doom_interfaces__rosidl_typesupport_c.dir/rosidl_typesupport_c/doom_interfaces/msg/centroid_coords__type_support.cpp.o[0m
[114.080s] [ 44%] [32m[1mLinking CXX shared library libdoom_interfaces__rosidl_typesupport_c.so[0m
[115.405s] [ 47%] Built target doom_interfaces__rosidl_typesupport_c
[117.130s] [ 50%] [32mBuilding C object CMakeFiles/doom_interfaces__rosidl_typesupport_introspection_c.dir/rosidl_typesupport_introspection_c/doom_interfaces/msg/detail/centroid_coords__type_support.c.o[0m
[118.618s] [ 52%] [32m[1mLinking C shared library libdoom_interfaces__rosidl_typesupport_introspection_c.so[0m
[119.963s] [ 55%] Built target doom_interfaces__rosidl_typesupport_introspection_c
[121.802s] [ 58%] [32mBuilding CXX object CMakeFiles/doom_interfaces__rosidl_typesupport_fastrtps_cpp.dir/rosidl_typesupport_fastrtps_cpp/doom_interfaces/msg/detail/dds_fastrtps/centroid_coords__type_support.cpp.o[0m
[124.926s] [ 61%] [32m[1mLinking CXX shared library libdoom_interfaces__rosidl_typesupport_fastrtps_cpp.so[0m
[126.211s] [ 64%] Built target doom_interfaces__rosidl_typesupport_fastrtps_cpp
[128.405s] [ 67%] [32mBuilding CXX object CMakeFiles/doom_interfaces__rosidl_typesupport_fastrtps_c.dir/rosidl_typesupport_fastrtps_c/doom_interfaces/msg/detail/centroid_coords__type_support_c.cpp.o[0m
[131.104s] [ 70%] [32m[1mLinking CXX shared library libdoom_interfaces__rosidl_typesupport_fastrtps_c.so[0m
[132.653s] [ 73%] Built target doom_interfaces__rosidl_typesupport_fastrtps_c
[133.685s] [ 73%] Built target doom_interfaces
[134.902s] [ 76%] Built target doom_interfaces__py
[137.445s] [ 79%] [32mBuilding C object CMakeFiles/doom_interfaces__rosidl_generator_py.dir/rosidl_generator_py/doom_interfaces/msg/_centroid_coords_s.c.o[0m
[138.935s] [ 82%] [32m[1mLinking C shared library libdoom_interfaces__rosidl_generator_py.so[0m
[140.489s] [ 82%] Built target doom_interfaces__rosidl_generator_py
[143.669s] [ 85%] [32mBuilding C object CMakeFiles/doom_interfaces_s__rosidl_typesupport_fastrtps_c.dir/rosidl_generator_py/doom_interfaces/_doom_interfaces_s.ep.rosidl_typesupport_fastrtps_c.c.o[0m
[143.751s] [ 88%] [32mBuilding C object CMakeFiles/doom_interfaces_s__rosidl_typesupport_introspection_c.dir/rosidl_generator_py/doom_interfaces/_doom_interfaces_s.ep.rosidl_typesupport_introspection_c.c.o[0m
[143.902s] [ 91%] [32mBuilding C object CMakeFiles/doom_interfaces_s__rosidl_typesupport_c.dir/rosidl_generator_py/doom_interfaces/_doom_interfaces_s.ep.rosidl_typesupport_c.c.o[0m
[146.924s] [ 94%] [32m[1mLinking C shared module rosidl_generator_py/doom_interfaces/doom_interfaces_s__rosidl_typesupport_c.so[0m
[147.105s] [ 97%] [32m[1mLinking C shared module rosidl_generator_py/doom_interfaces/doom_interfaces_s__rosidl_typesupport_fastrtps_c.so[0m
[147.270s] [100%] [32m[1mLinking C shared module rosidl_generator_py/doom_interfaces/doom_interfaces_s__rosidl_typesupport_introspection_c.so[0m
[149.343s] [100%] Built target doom_interfaces_s__rosidl_typesupport_c
[149.540s] [100%] Built target doom_interfaces_s__rosidl_typesupport_fastrtps_c
[149.758s] [100%] Built target doom_interfaces_s__rosidl_typesupport_introspection_c
[150.669s] Invoked command in '/root/ros_workspace/build/doom_interfaces' returned '0': CMAKE_PREFIX_PATH=${CMAKE_PREFIX_PATH}:/root/ros_workspace/install/turtlebot3_teleop:/root/ros_workspace/install/turtlebot3_example:/root/ros_workspace/install/doom_nodes:/opt/ros/jazzy /usr/bin/cmake --build /root/ros_workspace/build/doom_interfaces -- -j8 -l8
[150.727s] Invoking command in '/root/ros_workspace/build/doom_interfaces': CMAKE_PREFIX_PATH=${CMAKE_PREFIX_PATH}:/root/ros_workspace/install/turtlebot3_teleop:/root/ros_workspace/install/turtlebot3_example:/root/ros_workspace/install/doom_nodes:/opt/ros/jazzy /usr/bin/cmake --install /root/ros_workspace/build/doom_interfaces
[151.273s] -- Install configuration: ""
[151.308s] -- Execute custom install script
[151.428s] -- Up-to-date symlink: /root/ros_workspace/install/doom_interfaces/share/ament_index/resource_index/rosidl_interfaces/doom_interfaces
[151.497s] -- Up-to-date symlink: /root/ros_workspace/install/doom_interfaces/share/doom_interfaces/msg/CentroidCoords.json
[151.802s] -- Up-to-date symlink: /root/ros_workspace/install/doom_interfaces/include/doom_interfaces/doom_interfaces/msg/centroid_coords.h
[151.914s] -- Up-to-date symlink: /root/ros_workspace/install/doom_interfaces/include/doom_interfaces/doom_interfaces/msg/detail/centroid_coords__functions.h
[152.032s] -- Up-to-date symlink: /root/ros_workspace/install/doom_interfaces/include/doom_interfaces/doom_interfaces/msg/detail/centroid_coords__struct.h
[152.146s] -- Up-to-date symlink: /root/ros_workspace/install/doom_interfaces/include/doom_interfaces/doom_interfaces/msg/detail/centroid_coords__type_support.h
[152.237s] -- Up-to-date symlink: /root/ros_workspace/install/doom_interfaces/include/doom_interfaces/doom_interfaces/msg/rosidl_generator_c__visibility_control.h
[152.286s] -- Up-to-date symlink: /root/ros_workspace/install/doom_interfaces/share/doom_interfaces/environment/library_path.sh
[152.350s] -- Up-to-date symlink: /root/ros_workspace/install/doom_interfaces/share/doom_interfaces/environment/library_path.dsv
[152.680s] -- Up-to-date symlink: /root/ros_workspace/install/doom_interfaces/include/doom_interfaces/doom_interfaces/msg/detail/centroid_coords__rosidl_typesupport_fastrtps_c.h
[152.787s] -- Up-to-date symlink: /root/ros_workspace/install/doom_interfaces/include/doom_interfaces/doom_interfaces/msg/rosidl_typesupport_fastrtps_c__visibility_control.h
[153.002s] -- Up-to-date symlink: /root/ros_workspace/install/doom_interfaces/include/doom_interfaces/doom_interfaces/msg/centroid_coords.hpp
[153.161s] -- Up-to-date symlink: /root/ros_workspace/install/doom_interfaces/include/doom_interfaces/doom_interfaces/msg/detail/centroid_coords__builder.hpp
[153.330s] -- Up-to-date symlink: /root/ros_workspace/install/doom_interfaces/include/doom_interfaces/doom_interfaces/msg/detail/centroid_coords__struct.hpp
[153.455s] -- Up-to-date symlink: /root/ros_workspace/install/doom_interfaces/include/doom_interfaces/doom_interfaces/msg/detail/centroid_coords__traits.hpp
[153.562s] -- Up-to-date symlink: /root/ros_workspace/install/doom_interfaces/include/doom_interfaces/doom_interfaces/msg/detail/centroid_coords__type_support.hpp
[153.651s] -- Up-to-date symlink: /root/ros_workspace/install/doom_interfaces/include/doom_interfaces/doom_interfaces/msg/rosidl_generator_cpp__visibility_control.hpp
[153.998s] -- Up-to-date symlink: /root/ros_workspace/install/doom_interfaces/include/doom_interfaces/doom_interfaces/msg/detail/centroid_coords__rosidl_typesupport_fastrtps_cpp.hpp
[154.092s] -- Up-to-date symlink: /root/ros_workspace/install/doom_interfaces/include/doom_interfaces/doom_interfaces/msg/rosidl_typesupport_fastrtps_cpp__visibility_control.h
[154.291s] -- Up-to-date symlink: /root/ros_workspace/install/doom_interfaces/include/doom_interfaces/doom_interfaces/msg/detail/centroid_coords__rosidl_typesupport_introspection_c.h
[154.381s] -- Up-to-date symlink: /root/ros_workspace/install/doom_interfaces/include/doom_interfaces/doom_interfaces/msg/rosidl_typesupport_introspection_c__visibility_control.h
[154.590s] -- Up-to-date symlink: /root/ros_workspace/install/doom_interfaces/include/doom_interfaces/doom_interfaces/msg/detail/centroid_coords__rosidl_typesupport_introspection_cpp.hpp
[154.667s] -- Up-to-date symlink: /root/ros_workspace/install/doom_interfaces/share/doom_interfaces/environment/pythonpath.sh
[154.723s] -- Up-to-date symlink: /root/ros_workspace/install/doom_interfaces/share/doom_interfaces/environment/pythonpath.dsv
[154.933s] -- Up-to-date symlink: /root/ros_workspace/install/doom_interfaces/lib/python3.12/site-packages/doom_interfaces-0.0.0-py3.12.egg-info/PKG-INFO
[155.059s] -- Up-to-date symlink: /root/ros_workspace/install/doom_interfaces/lib/python3.12/site-packages/doom_interfaces-0.0.0-py3.12.egg-info/SOURCES.txt
[155.153s] -- Up-to-date symlink: /root/ros_workspace/install/doom_interfaces/lib/python3.12/site-packages/doom_interfaces-0.0.0-py3.12.egg-info/dependency_links.txt
[155.240s] -- Up-to-date symlink: /root/ros_workspace/install/doom_interfaces/lib/python3.12/site-packages/doom_interfaces-0.0.0-py3.12.egg-info/top_level.txt
[155.723s] -- Up-to-date symlink: /root/ros_workspace/install/doom_interfaces/lib/python3.12/site-packages/doom_interfaces/__init__.py
[155.830s] -- Up-to-date symlink: /root/ros_workspace/install/doom_interfaces/lib/python3.12/site-packages/doom_interfaces/_doom_interfaces_s.ep.rosidl_typesupport_c.c
[155.909s] -- Up-to-date symlink: /root/ros_workspace/install/doom_interfaces/lib/python3.12/site-packages/doom_interfaces/_doom_interfaces_s.ep.rosidl_typesupport_fastrtps_c.c
[155.990s] -- Up-to-date symlink: /root/ros_workspace/install/doom_interfaces/lib/python3.12/site-packages/doom_interfaces/_doom_interfaces_s.ep.rosidl_typesupport_introspection_c.c
[156.070s] -- Up-to-date symlink: /root/ros_workspace/install/doom_interfaces/lib/python3.12/site-packages/doom_interfaces/doom_interfaces_s__rosidl_typesupport_c.so
[156.142s] -- Up-to-date symlink: /root/ros_workspace/install/doom_interfaces/lib/python3.12/site-packages/doom_interfaces/doom_interfaces_s__rosidl_typesupport_fastrtps_c.so
[156.225s] -- Up-to-date symlink: /root/ros_workspace/install/doom_interfaces/lib/python3.12/site-packages/doom_interfaces/doom_interfaces_s__rosidl_typesupport_introspection_c.so
[156.333s] -- Up-to-date symlink: /root/ros_workspace/install/doom_interfaces/lib/python3.12/site-packages/doom_interfaces/msg/__init__.py
[156.426s] -- Up-to-date symlink: /root/ros_workspace/install/doom_interfaces/lib/python3.12/site-packages/doom_interfaces/msg/_centroid_coords.py
[156.528s] -- Up-to-date symlink: /root/ros_workspace/install/doom_interfaces/lib/python3.12/site-packages/doom_interfaces/msg/_centroid_coords_s.c
[156.623s] -- Up-to-date symlink: /root/ros_workspace/install/doom_interfaces/lib/python3.12/site-packages/doom_interfaces/doom_interfaces_s__rosidl_typesupport_fastrtps_c.so
[156.723s] -- Up-to-date symlink: /root/ros_workspace/install/doom_interfaces/lib/python3.12/site-packages/doom_interfaces/doom_interfaces_s__rosidl_typesupport_introspection_c.so
[156.810s] -- Up-to-date symlink: /root/ros_workspace/install/doom_interfaces/lib/python3.12/site-packages/doom_interfaces/doom_interfaces_s__rosidl_typesupport_c.so
[156.901s] -- Up-to-date symlink: /root/ros_workspace/install/doom_interfaces/share/doom_interfaces/msg/CentroidCoords.idl
[156.997s] -- Up-to-date symlink: /root/ros_workspace/install/doom_interfaces/share/doom_interfaces/msg/CentroidCoords.msg
[157.123s] -- Up-to-date symlink: /root/ros_workspace/install/doom_interfaces/share/ament_index/resource_index/package_run_dependencies/doom_interfaces
[157.267s] -- Up-to-date symlink: /root/ros_workspace/install/doom_interfaces/share/ament_index/resource_index/parent_prefix_path/doom_interfaces
[157.313s] -- Up-to-date symlink: /root/ros_workspace/install/doom_interfaces/share/doom_interfaces/environment/ament_prefix_path.sh
[157.372s] -- Up-to-date symlink: /root/ros_workspace/install/doom_interfaces/share/doom_interfaces/environment/ament_prefix_path.dsv
[157.420s] -- Up-to-date symlink: /root/ros_workspace/install/doom_interfaces/share/doom_interfaces/environment/path.sh
[157.487s] -- Up-to-date symlink: /root/ros_workspace/install/doom_interfaces/share/doom_interfaces/environment/path.dsv
[157.560s] -- Up-to-date symlink: /root/ros_workspace/install/doom_interfaces/share/doom_interfaces/local_setup.bash
[157.635s] -- Up-to-date symlink: /root/ros_workspace/install/doom_interfaces/share/doom_interfaces/local_setup.sh
[157.695s] -- Up-to-date symlink: /root/ros_workspace/install/doom_interfaces/share/doom_interfaces/local_setup.zsh
[157.752s] -- Up-to-date symlink: /root/ros_workspace/install/doom_interfaces/share/doom_interfaces/local_setup.dsv
[157.777s] -- Symlinking: /root/ros_workspace/install/doom_interfaces/share/doom_interfaces/package.dsv
[158.565s] -- Up-to-date symlink: /root/ros_workspace/install/doom_interfaces/share/ament_index/resource_index/packages/doom_interfaces
[158.665s] -- Up-to-date symlink: /root/ros_workspace/install/doom_interfaces/share/doom_interfaces/cmake/rosidl_cmake-extras.cmake
[158.750s] -- Up-to-date symlink: /root/ros_workspace/install/doom_interfaces/share/doom_interfaces/cmake/ament_cmake_export_dependencies-extras.cmake
[158.825s] -- Up-to-date symlink: /root/ros_workspace/install/doom_interfaces/share/doom_interfaces/cmake/ament_cmake_export_include_directories-extras.cmake
[158.898s] -- Up-to-date symlink: /root/ros_workspace/install/doom_interfaces/share/doom_interfaces/cmake/ament_cmake_export_libraries-extras.cmake
[158.976s] -- Up-to-date symlink: /root/ros_workspace/install/doom_interfaces/share/doom_interfaces/cmake/ament_cmake_export_targets-extras.cmake
[159.045s] -- Up-to-date symlink: /root/ros_workspace/install/doom_interfaces/share/doom_interfaces/cmake/rosidl_cmake_export_typesupport_targets-extras.cmake
[159.112s] -- Up-to-date symlink: /root/ros_workspace/install/doom_interfaces/share/doom_interfaces/cmake/rosidl_cmake_export_typesupport_libraries-extras.cmake
[159.191s] -- Up-to-date symlink: /root/ros_workspace/install/doom_interfaces/share/doom_interfaces/cmake/doom_interfacesConfig.cmake
[159.269s] -- Up-to-date symlink: /root/ros_workspace/install/doom_interfaces/share/doom_interfaces/cmake/doom_interfacesConfig-version.cmake
[159.324s] -- Up-to-date symlink: /root/ros_workspace/install/doom_interfaces/share/doom_interfaces/package.xml
[159.427s] -- Installing: /root/ros_workspace/install/doom_interfaces/lib/libdoom_interfaces__rosidl_generator_c.so
[159.714s] -- Set non-toolchain portion of runtime path of "/root/ros_workspace/install/doom_interfaces/lib/libdoom_interfaces__rosidl_generator_c.so" to ""
[159.834s] -- Installing: /root/ros_workspace/install/doom_interfaces/lib/libdoom_interfaces__rosidl_typesupport_fastrtps_c.so
[160.056s] -- Set non-toolchain portion of runtime path of "/root/ros_workspace/install/doom_interfaces/lib/libdoom_interfaces__rosidl_typesupport_fastrtps_c.so" to ""
[160.140s] -- Installing: /root/ros_workspace/install/doom_interfaces/lib/libdoom_interfaces__rosidl_typesupport_fastrtps_cpp.so
[160.357s] -- Set non-toolchain portion of runtime path of "/root/ros_workspace/install/doom_interfaces/lib/libdoom_interfaces__rosidl_typesupport_fastrtps_cpp.so" to ""
[160.452s] -- Installing: /root/ros_workspace/install/doom_interfaces/lib/libdoom_interfaces__rosidl_typesupport_introspection_c.so
[160.801s] -- Set non-toolchain portion of runtime path of "/root/ros_workspace/install/doom_interfaces/lib/libdoom_interfaces__rosidl_typesupport_introspection_c.so" to ""
[160.897s] -- Installing: /root/ros_workspace/install/doom_interfaces/lib/libdoom_interfaces__rosidl_typesupport_c.so
[161.118s] -- Set non-toolchain portion of runtime path of "/root/ros_workspace/install/doom_interfaces/lib/libdoom_interfaces__rosidl_typesupport_c.so" to ""
[161.206s] -- Installing: /root/ros_workspace/install/doom_interfaces/lib/libdoom_interfaces__rosidl_typesupport_introspection_cpp.so
[161.407s] -- Set non-toolchain portion of runtime path of "/root/ros_workspace/install/doom_interfaces/lib/libdoom_interfaces__rosidl_typesupport_introspection_cpp.so" to ""
[161.496s] -- Installing: /root/ros_workspace/install/doom_interfaces/lib/libdoom_interfaces__rosidl_typesupport_cpp.so
[161.694s] -- Set non-toolchain portion of runtime path of "/root/ros_workspace/install/doom_interfaces/lib/libdoom_interfaces__rosidl_typesupport_cpp.so" to ""
[164.839s] Listing '/root/ros_workspace/install/doom_interfaces/lib/python3.12/site-packages/doom_interfaces'...
[164.841s] Compiling '/root/ros_workspace/install/doom_interfaces/lib/python3.12/site-packages/doom_interfaces/__init__.py'...
[164.843s] Listing '/root/ros_workspace/install/doom_interfaces/lib/python3.12/site-packages/doom_interfaces/msg'...
[164.845s] Compiling '/root/ros_workspace/install/doom_interfaces/lib/python3.12/site-packages/doom_interfaces/msg/__init__.py'...
[164.848s] Compiling '/root/ros_workspace/install/doom_interfaces/lib/python3.12/site-packages/doom_interfaces/msg/_centroid_coords.py'...
[164.938s] -- Installing: /root/ros_workspace/install/doom_interfaces/lib/libdoom_interfaces__rosidl_generator_py.so
[165.154s] -- Set non-toolchain portion of runtime path of "/root/ros_workspace/install/doom_interfaces/lib/libdoom_interfaces__rosidl_generator_py.so" to ""
[165.244s] -- Installing: /root/ros_workspace/install/doom_interfaces/share/doom_interfaces/cmake/export_doom_interfaces__rosidl_generator_cExport.cmake
[165.427s] -- Installing: /root/ros_workspace/install/doom_interfaces/share/doom_interfaces/cmake/export_doom_interfaces__rosidl_generator_cExport-noconfig.cmake
[165.640s] -- Installing: /root/ros_workspace/install/doom_interfaces/share/doom_interfaces/cmake/export_doom_interfaces__rosidl_typesupport_fastrtps_cExport.cmake
[165.812s] -- Installing: /root/ros_workspace/install/doom_interfaces/share/doom_interfaces/cmake/export_doom_interfaces__rosidl_typesupport_fastrtps_cExport-noconfig.cmake
[166.038s] -- Installing: /root/ros_workspace/install/doom_interfaces/share/doom_interfaces/cmake/export_doom_interfaces__rosidl_generator_cppExport.cmake
[166.293s] -- Installing: /root/ros_workspace/install/doom_interfaces/share/doom_interfaces/cmake/export_doom_interfaces__rosidl_typesupport_fastrtps_cppExport.cmake
[166.505s] -- Installing: /root/ros_workspace/install/doom_interfaces/share/doom_interfaces/cmake/export_doom_interfaces__rosidl_typesupport_fastrtps_cppExport-noconfig.cmake
[166.736s] -- Installing: /root/ros_workspace/install/doom_interfaces/share/doom_interfaces/cmake/doom_interfaces__rosidl_typesupport_introspection_cExport.cmake
[166.913s] -- Installing: /root/ros_workspace/install/doom_interfaces/share/doom_interfaces/cmake/doom_interfaces__rosidl_typesupport_introspection_cExport-noconfig.cmake
[167.189s] -- Installing: /root/ros_workspace/install/doom_interfaces/share/doom_interfaces/cmake/doom_interfaces__rosidl_typesupport_cExport.cmake
[167.380s] -- Installing: /root/ros_workspace/install/doom_interfaces/share/doom_interfaces/cmake/doom_interfaces__rosidl_typesupport_cExport-noconfig.cmake
[167.610s] -- Installing: /root/ros_workspace/install/doom_interfaces/share/doom_interfaces/cmake/doom_interfaces__rosidl_typesupport_introspection_cppExport.cmake
[167.817s] -- Installing: /root/ros_workspace/install/doom_interfaces/share/doom_interfaces/cmake/doom_interfaces__rosidl_typesupport_introspection_cppExport-noconfig.cmake
[168.038s] -- Installing: /root/ros_workspace/install/doom_interfaces/share/doom_interfaces/cmake/doom_interfaces__rosidl_typesupport_cppExport.cmake
[168.277s] -- Installing: /root/ros_workspace/install/doom_interfaces/share/doom_interfaces/cmake/doom_interfaces__rosidl_typesupport_cppExport-noconfig.cmake
[168.471s] -- Installing: /root/ros_workspace/install/doom_interfaces/share/doom_interfaces/cmake/export_doom_interfaces__rosidl_generator_pyExport.cmake
[168.660s] -- Installing: /root/ros_workspace/install/doom_interfaces/share/doom_interfaces/cmake/export_doom_interfaces__rosidl_generator_pyExport-noconfig.cmake
[168.811s] Invoked command in '/root/ros_workspace/build/doom_interfaces' returned '0': CMAKE_PREFIX_PATH=${CMAKE_PREFIX_PATH}:/root/ros_workspace/install/turtlebot3_teleop:/root/ros_workspace/install/turtlebot3_example:/root/ros_workspace/install/doom_nodes:/opt/ros/jazzy /usr/bin/cmake --install /root/ros_workspace/build/doom_interfaces
