[0.000000] (-) TimerEvent: {}
[0.000634] (-) JobUnselected: {'identifier': 'doom_interfaces'}
[0.001394] (-) JobUnselected: {'identifier': 'dynamixel_sdk'}
[0.001728] (-) JobUnselected: {'identifier': 'dynamixel_sdk_custom_interfaces'}
[0.001989] (-) JobUnselected: {'identifier': 'dynamixel_sdk_examples'}
[0.002212] (-) JobUnselected: {'identifier': 'turtlebot3'}
[0.002582] (-) JobUnselected: {'identifier': 'turtlebot3_bringup'}
[0.002952] (-) JobUnselected: {'identifier': 'turtlebot3_cartographer'}
[0.003415] (-) JobUnselected: {'identifier': 'turtlebot3_description'}
[0.003861] (-) JobUnselected: {'identifier': 'turtlebot3_example'}
[0.004213] (-) JobUnselected: {'identifier': 'turtlebot3_fake_node'}
[0.004657] (-) JobUnselected: {'identifier': 'turtlebot3_gazebo'}
[0.005657] (-) JobUnselected: {'identifier': 'turtlebot3_msgs'}
[0.005900] (-) JobUnselected: {'identifier': 'turtlebot3_navigation2'}
[0.006121] (-) JobUnselected: {'identifier': 'turtlebot3_node'}
[0.006296] (-) JobUnselected: {'identifier': 'turtlebot3_simulations'}
[0.006496] (-) JobUnselected: {'identifier': 'turtlebot3_teleop'}
[0.006666] (doom_nodes) JobQueued: {'identifier': 'doom_nodes', 'dependencies': OrderedDict({'doom_interfaces': '/root/ros_workspace/install/doom_interfaces'})}
[0.006869] (doom_nodes) JobStarted: {'identifier': 'doom_nodes'}
[0.094977] (-) TimerEvent: {}
[0.146635] (doom_nodes) JobEnded: {'identifier': 'doom_nodes', 'rc': 1}
[0.157878] (-) EventReactorShutdown: {}
