[1.282s] Invoking command in '/root/ros_workspace/build/turtlebot3_gazebo': CMAKE_PREFIX_PATH=${CMAKE_PREFIX_PATH}:/root/ros_workspace/install/turtlebot3_teleop:/root/ros_workspace/install/turtlebot3_example:/root/ros_workspace/install/doom_nodes:/opt/ros/jazzy /usr/bin/cmake --build /root/ros_workspace/build/turtlebot3_gazebo -- -j8 -l8
[21.132s] -- Found ament_cmake: 2.5.4 (/opt/ros/jazzy/share/ament_cmake/cmake)
[21.136s] -- Override CMake install command with custom implementation using symlinks instead of copying resources
[21.142s] -- Found ros_gz_sim: 1.0.16 (/opt/ros/jazzy/share/ros_gz_sim/cmake)
[21.149s] -- Found rosidl_generator_c: 4.6.6 (/opt/ros/jazzy/share/rosidl_generator_c/cmake)
[21.155s] -- Found rosidl_generator_cpp: 4.6.6 (/opt/ros/jazzy/share/rosidl_generator_cpp/cmake)
[21.164s] -- Using all available rosidl_typesupport_c: rosidl_typesupport_fastrtps_c;rosidl_typesupport_introspection_c
[21.171s] -- Using all available rosidl_typesupport_cpp: rosidl_typesupport_fastrtps_cpp;rosidl_typesupport_introspection_cpp
[21.179s] -- Found rmw_implementation_cmake: 7.3.2 (/opt/ros/jazzy/share/rmw_implementation_cmake/cmake)
[21.185s] -- Found rmw_fastrtps_cpp: 8.4.3 (/opt/ros/jazzy/share/rmw_fastrtps_cpp/cmake)
[21.191s] -- Using RMW implementation 'rmw_fastrtps_cpp' as default
[21.200s] -- Found nav_msgs: 5.3.6 (/opt/ros/jazzy/share/nav_msgs/cmake)
[21.205s] -- Found sensor_msgs: 5.3.6 (/opt/ros/jazzy/share/sensor_msgs/cmake)
[21.210s] -- Found gz_math_vendor: 0.0.8 (/opt/ros/jazzy/share/gz_math_vendor/cmake)
[21.220s] -- Looking for gz-math7 -- found version 7.5.2
[21.226s] -- Searching for dependencies of gz-math7
[21.236s] -- Looking for gz-utils2 -- found version 2.2.1
[21.254s] -- Searching for dependencies of gz-utils2
[21.265s] -- Found gz_sim_vendor: 0.0.8 (/opt/ros/jazzy/share/gz_sim_vendor/cmake)
[21.269s] -- Looking for gz-sim8 -- found version 8.9.0
[21.284s] -- Searching for dependencies of gz-sim8
[21.296s] -- Looking for sdformat14 -- found version 14.8.0
[21.304s] -- Searching for dependencies of sdformat14
[21.313s] -- Checking for module 'tinyxml2'
[22.278s] --   Found tinyxml2, version 10.0.0
[24.327s] -- Looking for gz-math7 -- found version 7.5.2
[24.340s] -- Looking for gz-utils2 -- found version 2.2.1
[24.344s] -- Searching for dependencies of gz-utils2
[24.347s] -- Searching for <gz-utils2> component [cli]
[24.353s] -- Looking for gz-utils2-cli -- found version 2.2.1
[24.358s] -- Searching for dependencies of gz-utils2-cli
[24.374s] -- Looking for gz-plugin2 -- found version 2.0.4
[24.380s] -- Searching for dependencies of gz-plugin2
[24.396s] -- Looking for gz-utils2 -- found version 2.2.1
[24.403s] -- Searching for <gz-plugin2> component [loader]
[24.418s] -- Looking for gz-plugin2-loader -- found version 2.0.4
[24.423s] -- Searching for dependencies of gz-plugin2-loader
[24.426s] -- Searching for <gz-plugin2> component [register]
[24.437s] -- Looking for gz-plugin2-register -- found version 2.0.4
[24.442s] -- Searching for dependencies of gz-plugin2-register
[24.454s] -- Looking for gz-transport13 -- found version 13.4.1
[24.459s] -- Searching for dependencies of gz-transport13
[29.056s] -- Config-file not installed for ZeroMQ -- checking for pkg-config
[29.132s] -- Checking for module 'libzmq >= 4'
[30.764s] --   Found libzmq, version 4.3.5
[32.728s] -- Checking for module 'uuid'
[34.716s] --   Found uuid, version 2.39.3
[36.545s] -- Looking for gz-utils2 -- found version 2.2.1
[36.572s] -- Looking for gz-msgs10 -- found version 10.3.2
[36.577s] -- Searching for dependencies of gz-msgs10
[39.380s] -- Looking for gz-utils2 -- found version 2.2.1
[39.390s] -- Looking for gz-math7 -- found version 7.5.2
[39.509s] -- Searching for <gz-transport13> component [log]
[39.518s] -- Looking for gz-transport13-log -- found version 13.4.1
[39.522s] -- Searching for dependencies of gz-transport13-log
[39.526s] -- Searching for <gz-transport13> component [parameters]
[39.532s] -- Looking for gz-transport13-parameters -- found version 13.4.1
[39.534s] -- Searching for dependencies of gz-transport13-parameters
[39.544s] -- Looking for gz-msgs10 -- found version 10.3.2
[39.554s] -- Looking for gz-common5 -- found version 5.7.1
[39.559s] -- Searching for dependencies of gz-common5
[39.564s] -- Looking for gz-utils2 -- found version 2.2.1
[39.575s] -- Looking for dlfcn.h - found
[39.578s] -- Looking for libdl - found
[39.742s] -- Searching for <gz-common5> component [av]
[39.755s] -- Looking for gz-common5-av -- found version 5.7.1
[39.760s] -- Searching for dependencies of gz-common5-av
[39.887s] -- Checking for module 'libswscale'
[41.277s] --   Found libswscale, version 7.5.100
[42.850s] -- Checking for module 'libavdevice >= 56.4.100'
[44.230s] --   Found libavdevice, version 60.3.100
[45.642s] -- Checking for module 'libavformat'
[46.942s] --   Found libavformat, version 60.16.100
[48.581s] -- Checking for module 'libavcodec'
[49.766s] --   Found libavcodec, version 60.31.102
[51.054s] -- Checking for module 'libavutil'
[52.376s] --   Found libavutil, version 58.29.100
[53.730s] -- Searching for <gz-common5> component [events]
[53.738s] -- Looking for gz-common5-events -- found version 5.7.1
[53.741s] -- Searching for dependencies of gz-common5-events
[53.748s] -- Looking for gz-math7 -- found version 7.5.2
[53.751s] -- Searching for <gz-common5> component [graphics]
[53.759s] -- Looking for gz-common5-graphics -- found version 5.7.1
[53.763s] -- Searching for dependencies of gz-common5-graphics
[53.771s] -- Looking for gz-math7 -- found version 7.5.2
[53.801s] -- Searching for <gz-common5> component [io]
[53.810s] -- Looking for gz-common5-io -- found version 5.7.1
[53.814s] -- Searching for dependencies of gz-common5-io
[53.818s] -- Searching for <gz-common5> component [profiler]
[53.824s] -- Looking for gz-common5-profiler -- found version 5.7.1
[53.827s] -- Searching for dependencies of gz-common5-profiler
[53.841s] -- Looking for gz-fuel_tools9 -- found version 9.1.1
[53.844s] -- Searching for dependencies of gz-fuel_tools9
[57.031s] -- Checking for module 'jsoncpp'
[58.850s] --   Found jsoncpp, version 1.9.5
[61.652s] -- Checking for module 'yaml-0.1'
[62.843s] --   Found yaml-0.1, version 0.2.5
[64.145s] -- Checking for module 'libzip'
[65.317s] --   Found libzip, version 1.7.3
[66.778s] -- Looking for gz-utils2 -- found version 2.2.1
[66.785s] -- Looking for gz-common5 -- found version 5.7.1
[66.788s] -- Searching for dependencies of gz-common5
[66.793s] -- Looking for gz-utils2 -- found version 2.2.1
[66.800s] -- Looking for dlfcn.h - found
[66.803s] -- Looking for libdl - found
[66.934s] -- Searching for <gz-common5> component [testing]
[66.946s] -- Looking for gz-common5-testing -- found version 5.7.1
[66.948s] -- Searching for dependencies of gz-common5-testing
[66.960s] -- Looking for gz-math7 -- found version 7.5.2
[66.972s] -- Looking for gz-msgs10 -- found version 10.3.2
[66.984s] -- Looking for gz-gui8 -- found version 8.4.0
[66.987s] -- Searching for dependencies of gz-gui8
[68.967s] -- Looking for gz-utils2 -- found version 2.2.1
[68.982s] -- Looking for gz-math7 -- found version 7.5.2
[68.993s] -- Looking for gz-common5 -- found version 5.7.1
[69.008s] -- Looking for gz-plugin2 -- found version 2.0.4
[69.022s] -- Looking for gz-transport13 -- found version 13.4.1
[69.036s] -- Looking for gz-rendering8 -- found version 8.2.2
[69.041s] -- Searching for dependencies of gz-rendering8
[69.050s] -- Looking for gz-math7 -- found version 7.5.2
[69.057s] -- Searching for dependencies of gz-math7
[69.067s] -- Looking for gz-utils2 -- found version 2.2.1
[69.073s] -- Searching for <gz-math7> component [eigen3]
[69.085s] -- Looking for gz-math7-eigen3 -- found version 7.5.2
[69.089s] -- Searching for dependencies of gz-math7-eigen3
[69.123s] -- Looking for gz-common5 -- found version 5.7.1
[69.126s] -- Searching for dependencies of gz-common5
[69.132s] -- Looking for gz-utils2 -- found version 2.2.1
[69.139s] -- Looking for dlfcn.h - found
[69.142s] -- Looking for libdl - found
[69.274s] -- Searching for <gz-common5> component [graphics]
[69.278s] -- Searching for <gz-common5> component [events]
[69.281s] -- Searching for <gz-common5> component [geospatial]
[69.287s] -- Looking for gz-common5-geospatial -- found version 5.7.1
[69.290s] -- Searching for dependencies of gz-common5-geospatial
[69.295s] -- Looking for gz-math7 -- found version 7.5.2
[69.306s] -- Looking for gz-common5 -- found version 5.7.1
[69.323s] -- Looking for gz-plugin2 -- found version 2.0.4
[69.327s] -- Searching for dependencies of gz-plugin2
[69.337s] -- Looking for gz-utils2 -- found version 2.2.1
[69.341s] -- Searching for <gz-plugin2> component [all]
[69.352s] -- Looking for all libraries of gz-plugin2 -- found version 2.0.4
[69.366s] -- Looking for gz-plugin2 -- found version 2.0.4
[69.378s] -- Looking for gz-utils2 -- found version 2.2.1
[69.528s] -- Looking for gz-msgs10 -- found version 10.3.2
[70.219s] -- Looking for gz-physics7 -- found version 7.5.0
[70.223s] -- Searching for dependencies of gz-physics7
[70.229s] -- Looking for gz-common5 -- found version 5.7.1
[70.238s] -- Looking for gz-math7 -- found version 7.5.2
[70.247s] -- Looking for gz-plugin2 -- found version 2.0.4
[70.256s] -- Looking for gz-utils2 -- found version 2.2.1
[70.278s] -- Searching for <gz-physics7> component [heightmap]
[70.289s] -- Looking for gz-physics7-heightmap -- found version 7.5.0
[70.293s] -- Searching for dependencies of gz-physics7-heightmap
[70.298s] -- Looking for gz-common5 -- found version 5.7.1
[70.301s] -- Searching for <gz-physics7> component [mesh]
[70.309s] -- Looking for gz-physics7-mesh -- found version 7.5.0
[70.312s] -- Searching for dependencies of gz-physics7-mesh
[70.320s] -- Looking for gz-common5 -- found version 5.7.1
[70.323s] -- Searching for <gz-physics7> component [sdf]
[70.332s] -- Looking for gz-physics7-sdf -- found version 7.5.0
[70.335s] -- Searching for dependencies of gz-physics7-sdf
[70.341s] -- Looking for sdformat14 -- found version 14.8.0
[70.352s] -- Looking for gz-sensors8 -- found version 8.2.2
[70.355s] -- Searching for dependencies of gz-sensors8
[71.875s] -- Looking for gz-math7 -- found version 7.5.2
[71.886s] -- Looking for gz-common5 -- found version 5.7.1
[71.896s] -- Looking for gz-transport13 -- found version 13.4.1
[71.906s] -- Looking for gz-rendering8 -- found version 8.2.2
[71.916s] -- Looking for gz-msgs10 -- found version 10.3.2
[71.926s] -- Looking for sdformat14 -- found version 14.8.0
[71.930s] -- Searching for <gz-sensors8> component [air_pressure]
[71.940s] -- Looking for gz-sensors8-air_pressure -- found version 8.2.2
[71.943s] -- Searching for dependencies of gz-sensors8-air_pressure
[71.947s] -- Searching for <gz-sensors8> component [air_speed]
[71.954s] -- Looking for gz-sensors8-air_speed -- found version 8.2.2
[71.958s] -- Searching for dependencies of gz-sensors8-air_speed
[71.962s] -- Searching for <gz-sensors8> component [altimeter]
[71.969s] -- Looking for gz-sensors8-altimeter -- found version 8.2.2
[71.972s] -- Searching for dependencies of gz-sensors8-altimeter
[71.974s] -- Searching for <gz-sensors8> component [imu]
[71.983s] -- Looking for gz-sensors8-imu -- found version 8.2.2
[71.987s] -- Searching for dependencies of gz-sensors8-imu
[71.991s] -- Searching for <gz-sensors8> component [force_torque]
[71.999s] -- Looking for gz-sensors8-force_torque -- found version 8.2.2
[72.002s] -- Searching for dependencies of gz-sensors8-force_torque
[72.005s] -- Searching for <gz-sensors8> component [logical_camera]
[72.012s] -- Looking for gz-sensors8-logical_camera -- found version 8.2.2
[72.015s] -- Searching for dependencies of gz-sensors8-logical_camera
[72.017s] -- Searching for <gz-sensors8> component [magnetometer]
[72.024s] -- Looking for gz-sensors8-magnetometer -- found version 8.2.2
[72.027s] -- Searching for dependencies of gz-sensors8-magnetometer
[72.030s] -- Searching for <gz-sensors8> component [navsat]
[72.037s] -- Looking for gz-sensors8-navsat -- found version 8.2.2
[72.040s] -- Searching for dependencies of gz-sensors8-navsat
[72.043s] -- Searching for <gz-sensors8> component [dvl]
[72.052s] -- Looking for gz-sensors8-dvl -- found version 8.2.2
[72.054s] -- Searching for dependencies of gz-sensors8-dvl
[72.060s] -- Looking for gz-sensors8 -- found version 8.2.2
[72.063s] -- Searching for dependencies of gz-sensors8
[73.643s] -- Looking for gz-math7 -- found version 7.5.2
[73.654s] -- Looking for gz-common5 -- found version 5.7.1
[73.663s] -- Looking for gz-transport13 -- found version 13.4.1
[73.673s] -- Looking for gz-rendering8 -- found version 8.2.2
[73.686s] -- Looking for gz-msgs10 -- found version 10.3.2
[73.698s] -- Looking for sdformat14 -- found version 14.8.0
[73.702s] -- Searching for <gz-sensors8> component [rendering]
[73.714s] -- Looking for gz-sensors8-rendering -- found version 8.2.2
[73.719s] -- Searching for dependencies of gz-sensors8-rendering
[73.726s] -- Searching for <gz-sensors8> component [rendering]
[73.729s] -- Searching for <gz-sensors8> component [lidar]
[73.739s] -- Looking for gz-sensors8-lidar -- found version 8.2.2
[73.742s] -- Searching for dependencies of gz-sensors8-lidar
[73.751s] -- Looking for gz-sensors8 -- found version 8.2.2
[73.754s] -- Searching for <gz-sensors8> component [gpu_lidar]
[73.764s] -- Looking for gz-sensors8-gpu_lidar -- found version 8.2.2
[73.768s] -- Searching for dependencies of gz-sensors8-gpu_lidar
[73.777s] -- Looking for gz-sensors8 -- found version 8.2.2
[73.781s] -- Searching for <gz-sensors8> component [camera]
[73.791s] -- Looking for gz-sensors8-camera -- found version 8.2.2
[73.793s] -- Searching for dependencies of gz-sensors8-camera
[73.799s] -- Looking for gz-sensors8 -- found version 8.2.2
[73.803s] -- Searching for <gz-sensors8> component [boundingbox_camera]
[73.813s] -- Looking for gz-sensors8-boundingbox_camera -- found version 8.2.2
[73.816s] -- Searching for dependencies of gz-sensors8-boundingbox_camera
[73.821s] -- Searching for <gz-sensors8> component [segmentation_camera]
[73.829s] -- Looking for gz-sensors8-segmentation_camera -- found version 8.2.2
[73.832s] -- Searching for dependencies of gz-sensors8-segmentation_camera
[73.836s] -- Searching for <gz-sensors8> component [depth_camera]
[73.843s] -- Looking for gz-sensors8-depth_camera -- found version 8.2.2
[73.846s] -- Searching for dependencies of gz-sensors8-depth_camera
[73.851s] -- Looking for gz-sensors8 -- found version 8.2.2
[73.854s] -- Searching for <gz-sensors8> component [rgbd_camera]
[73.864s] -- Looking for gz-sensors8-rgbd_camera -- found version 8.2.2
[73.870s] -- Searching for dependencies of gz-sensors8-rgbd_camera
[73.874s] -- Looking for gz-sensors8 -- found version 8.2.2
[73.877s] -- Searching for <gz-sensors8> component [thermal_camera]
[73.885s] -- Looking for gz-sensors8-thermal_camera -- found version 8.2.2
[73.888s] -- Searching for dependencies of gz-sensors8-thermal_camera
[73.897s] -- Looking for gz-sensors8 -- found version 8.2.2
[73.903s] -- Searching for <gz-sensors8> component [wide_angle_camera]
[73.911s] -- Looking for gz-sensors8-wide_angle_camera -- found version 8.2.2
[73.917s] -- Searching for dependencies of gz-sensors8-wide_angle_camera
[73.926s] -- Looking for gz-rendering8 -- found version 8.2.2
[73.937s] -- Looking for gz-math7 -- found version 7.5.2
[73.945s] -- Looking for gz-utils2 -- found version 2.2.1
[75.712s] -- Looking for gz-plugin2 -- found version 2.0.4
[81.224s] -- Configuring done (78.1s)
[83.728s] -- Generating done (2.2s)
[84.587s] -- Build files have been written to: /root/ros_workspace/build/turtlebot3_gazebo
[88.178s] [ 25%] Built target obstacles
[88.642s] [ 50%] Built target turtlebot3_drive
[90.946s] [ 75%] Built target obstacle2
[93.125s] [100%] Built target obstacle1
[93.757s] Invoked command in '/root/ros_workspace/build/turtlebot3_gazebo' returned '0': CMAKE_PREFIX_PATH=${CMAKE_PREFIX_PATH}:/root/ros_workspace/install/turtlebot3_teleop:/root/ros_workspace/install/turtlebot3_example:/root/ros_workspace/install/doom_nodes:/opt/ros/jazzy /usr/bin/cmake --build /root/ros_workspace/build/turtlebot3_gazebo -- -j8 -l8
[93.805s] Invoking command in '/root/ros_workspace/build/turtlebot3_gazebo': CMAKE_PREFIX_PATH=${CMAKE_PREFIX_PATH}:/root/ros_workspace/install/turtlebot3_teleop:/root/ros_workspace/install/turtlebot3_example:/root/ros_workspace/install/doom_nodes:/opt/ros/jazzy /usr/bin/cmake --install /root/ros_workspace/build/turtlebot3_gazebo
[94.339s] -- Install configuration: ""
[94.362s] -- Execute custom install script
[94.405s] -- Up-to-date symlink: /root/ros_workspace/install/turtlebot3_gazebo/lib/turtlebot3_gazebo/turtlebot3_drive
[94.436s] -- Up-to-date symlink: /root/ros_workspace/install/turtlebot3_gazebo/lib/turtlebot3_gazebo/libobstacles.so
[94.466s] -- Up-to-date symlink: /root/ros_workspace/install/turtlebot3_gazebo/lib/turtlebot3_gazebo/libobstacle1.so
[94.507s] -- Up-to-date symlink: /root/ros_workspace/install/turtlebot3_gazebo/lib/turtlebot3_gazebo/libobstacle2.so
[94.723s] -- Up-to-date symlink: /root/ros_workspace/install/turtlebot3_gazebo/share/turtlebot3_gazebo//launch/empty_world.launch.py
[94.810s] -- Up-to-date symlink: /root/ros_workspace/install/turtlebot3_gazebo/share/turtlebot3_gazebo//launch/robot_state_publisher.launch.py
[94.898s] -- Up-to-date symlink: /root/ros_workspace/install/turtlebot3_gazebo/share/turtlebot3_gazebo//launch/spawn_turtlebot3.launch.py
[94.982s] -- Up-to-date symlink: /root/ros_workspace/install/turtlebot3_gazebo/share/turtlebot3_gazebo//launch/turtlebot3_dqn_stage1.launch.py
[95.051s] -- Up-to-date symlink: /root/ros_workspace/install/turtlebot3_gazebo/share/turtlebot3_gazebo//launch/turtlebot3_dqn_stage2.launch.py
[95.130s] -- Up-to-date symlink: /root/ros_workspace/install/turtlebot3_gazebo/share/turtlebot3_gazebo//launch/turtlebot3_dqn_stage3.launch.py
[95.267s] -- Up-to-date symlink: /root/ros_workspace/install/turtlebot3_gazebo/share/turtlebot3_gazebo//launch/turtlebot3_dqn_stage4.launch.py
[95.363s] -- Up-to-date symlink: /root/ros_workspace/install/turtlebot3_gazebo/share/turtlebot3_gazebo//launch/turtlebot3_house.launch.py
[95.477s] -- Up-to-date symlink: /root/ros_workspace/install/turtlebot3_gazebo/share/turtlebot3_gazebo//launch/turtlebot3_world.launch.py
[98.425s] -- Up-to-date symlink: /root/ros_workspace/install/turtlebot3_gazebo/share/turtlebot3_gazebo//models/turtlebot3_burger/model-1_4.sdf
[98.537s] -- Up-to-date symlink: /root/ros_workspace/install/turtlebot3_gazebo/share/turtlebot3_gazebo//models/turtlebot3_burger/model.config
[98.659s] -- Up-to-date symlink: /root/ros_workspace/install/turtlebot3_gazebo/share/turtlebot3_gazebo//models/turtlebot3_burger/model.sdf
[98.805s] -- Up-to-date symlink: /root/ros_workspace/install/turtlebot3_gazebo/share/turtlebot3_gazebo//models/turtlebot3_burger_cam/model-1_4.sdf
[98.994s] -- Up-to-date symlink: /root/ros_workspace/install/turtlebot3_gazebo/share/turtlebot3_gazebo//models/turtlebot3_burger_cam/model.config
[99.158s] -- Up-to-date symlink: /root/ros_workspace/install/turtlebot3_gazebo/share/turtlebot3_gazebo//models/turtlebot3_burger_cam/model.sdf
[99.333s] -- Up-to-date symlink: /root/ros_workspace/install/turtlebot3_gazebo/share/turtlebot3_gazebo//models/turtlebot3_common/meshes/bases/burger_base.stl
[99.499s] -- Up-to-date symlink: /root/ros_workspace/install/turtlebot3_gazebo/share/turtlebot3_gazebo//models/turtlebot3_common/meshes/bases/waffle_base.stl
[99.717s] -- Up-to-date symlink: /root/ros_workspace/install/turtlebot3_gazebo/share/turtlebot3_gazebo//models/turtlebot3_common/meshes/bases/waffle_pi_base.stl
[99.903s] -- Up-to-date symlink: /root/ros_workspace/install/turtlebot3_gazebo/share/turtlebot3_gazebo//models/turtlebot3_common/meshes/burger_base.dae
[100.084s] -- Up-to-date symlink: /root/ros_workspace/install/turtlebot3_gazebo/share/turtlebot3_gazebo//models/turtlebot3_common/meshes/lds.dae
[100.239s] -- Up-to-date symlink: /root/ros_workspace/install/turtlebot3_gazebo/share/turtlebot3_gazebo//models/turtlebot3_common/meshes/r200.dae
[100.411s] -- Up-to-date symlink: /root/ros_workspace/install/turtlebot3_gazebo/share/turtlebot3_gazebo//models/turtlebot3_common/meshes/sensors/astra.dae
[100.590s] -- Up-to-date symlink: /root/ros_workspace/install/turtlebot3_gazebo/share/turtlebot3_gazebo//models/turtlebot3_common/meshes/sensors/astra.jpg
[100.758s] -- Up-to-date symlink: /root/ros_workspace/install/turtlebot3_gazebo/share/turtlebot3_gazebo//models/turtlebot3_common/meshes/sensors/lds.stl
[100.919s] -- Up-to-date symlink: /root/ros_workspace/install/turtlebot3_gazebo/share/turtlebot3_gazebo//models/turtlebot3_common/meshes/sensors/r200.dae
[101.091s] -- Up-to-date symlink: /root/ros_workspace/install/turtlebot3_gazebo/share/turtlebot3_gazebo//models/turtlebot3_common/meshes/sensors/r200.jpg
[101.239s] -- Up-to-date symlink: /root/ros_workspace/install/turtlebot3_gazebo/share/turtlebot3_gazebo//models/turtlebot3_common/meshes/tire.dae
[101.373s] -- Up-to-date symlink: /root/ros_workspace/install/turtlebot3_gazebo/share/turtlebot3_gazebo//models/turtlebot3_common/meshes/waffle_base.dae
[101.518s] -- Up-to-date symlink: /root/ros_workspace/install/turtlebot3_gazebo/share/turtlebot3_gazebo//models/turtlebot3_common/meshes/waffle_pi_base.dae
[101.756s] -- Up-to-date symlink: /root/ros_workspace/install/turtlebot3_gazebo/share/turtlebot3_gazebo//models/turtlebot3_common/meshes/wheels/left_tire.stl
[101.948s] -- Up-to-date symlink: /root/ros_workspace/install/turtlebot3_gazebo/share/turtlebot3_gazebo//models/turtlebot3_common/meshes/wheels/right_tire.stl
[102.061s] -- Up-to-date symlink: /root/ros_workspace/install/turtlebot3_gazebo/share/turtlebot3_gazebo//models/turtlebot3_common/model.config
[102.236s] -- Up-to-date symlink: /root/ros_workspace/install/turtlebot3_gazebo/share/turtlebot3_gazebo//models/turtlebot3_dqn_world/goal_box/model.config
[102.421s] -- Up-to-date symlink: /root/ros_workspace/install/turtlebot3_gazebo/share/turtlebot3_gazebo//models/turtlebot3_dqn_world/goal_box/model.sdf
[102.583s] -- Up-to-date symlink: /root/ros_workspace/install/turtlebot3_gazebo/share/turtlebot3_gazebo//models/turtlebot3_dqn_world/inner_walls/model.config
[102.734s] -- Up-to-date symlink: /root/ros_workspace/install/turtlebot3_gazebo/share/turtlebot3_gazebo//models/turtlebot3_dqn_world/inner_walls/model.sdf
[102.910s] -- Up-to-date symlink: /root/ros_workspace/install/turtlebot3_gazebo/share/turtlebot3_gazebo//models/turtlebot3_dqn_world/inner_walls/textures/wood.png
[103.001s] -- Up-to-date symlink: /root/ros_workspace/install/turtlebot3_gazebo/share/turtlebot3_gazebo//models/turtlebot3_dqn_world/model.config
[103.090s] -- Up-to-date symlink: /root/ros_workspace/install/turtlebot3_gazebo/share/turtlebot3_gazebo//models/turtlebot3_dqn_world/model.sdf
[103.243s] -- Up-to-date symlink: /root/ros_workspace/install/turtlebot3_gazebo/share/turtlebot3_gazebo//models/turtlebot3_dqn_world/obstacle1/model.config
[103.401s] -- Up-to-date symlink: /root/ros_workspace/install/turtlebot3_gazebo/share/turtlebot3_gazebo//models/turtlebot3_dqn_world/obstacle1/model.sdf
[103.590s] -- Up-to-date symlink: /root/ros_workspace/install/turtlebot3_gazebo/share/turtlebot3_gazebo//models/turtlebot3_dqn_world/obstacle2/model.config
[103.815s] -- Up-to-date symlink: /root/ros_workspace/install/turtlebot3_gazebo/share/turtlebot3_gazebo//models/turtlebot3_dqn_world/obstacle2/model.sdf
[104.024s] -- Up-to-date symlink: /root/ros_workspace/install/turtlebot3_gazebo/share/turtlebot3_gazebo//models/turtlebot3_dqn_world/obstacles/model.config
[104.223s] -- Up-to-date symlink: /root/ros_workspace/install/turtlebot3_gazebo/share/turtlebot3_gazebo//models/turtlebot3_dqn_world/obstacles/model.sdf
[104.411s] -- Up-to-date symlink: /root/ros_workspace/install/turtlebot3_gazebo/share/turtlebot3_gazebo//models/turtlebot3_dqn_world/textures/wood.png
[104.698s] -- Up-to-date symlink: /root/ros_workspace/install/turtlebot3_gazebo/share/turtlebot3_gazebo//models/turtlebot3_house/cafe_table/materials/textures/Maple.jpg
[105.027s] -- Up-to-date symlink: /root/ros_workspace/install/turtlebot3_gazebo/share/turtlebot3_gazebo//models/turtlebot3_house/cafe_table/materials/textures/Wood_Floor_Dark.jpg
[105.367s] -- Up-to-date symlink: /root/ros_workspace/install/turtlebot3_gazebo/share/turtlebot3_gazebo//models/turtlebot3_house/cafe_table/meshes/cafe_table.dae
[105.635s] -- Up-to-date symlink: /root/ros_workspace/install/turtlebot3_gazebo/share/turtlebot3_gazebo//models/turtlebot3_house/cafe_table/model-1_4.sdf
[105.894s] -- Up-to-date symlink: /root/ros_workspace/install/turtlebot3_gazebo/share/turtlebot3_gazebo//models/turtlebot3_house/cafe_table/model.config
[106.200s] -- Up-to-date symlink: /root/ros_workspace/install/turtlebot3_gazebo/share/turtlebot3_gazebo//models/turtlebot3_house/cafe_table/model.sdf
[106.546s] -- Up-to-date symlink: /root/ros_workspace/install/turtlebot3_gazebo/share/turtlebot3_gazebo//models/turtlebot3_house/first_2015_trash_can/meshes/trash_can.dae
[106.806s] -- Up-to-date symlink: /root/ros_workspace/install/turtlebot3_gazebo/share/turtlebot3_gazebo//models/turtlebot3_house/first_2015_trash_can/model.config
[107.079s] -- Up-to-date symlink: /root/ros_workspace/install/turtlebot3_gazebo/share/turtlebot3_gazebo//models/turtlebot3_house/first_2015_trash_can/model.sdf
[107.526s] -- Up-to-date symlink: /root/ros_workspace/install/turtlebot3_gazebo/share/turtlebot3_gazebo//models/turtlebot3_house/mailbox/materials/scripts/mailbox.material
[107.986s] -- Up-to-date symlink: /root/ros_workspace/install/turtlebot3_gazebo/share/turtlebot3_gazebo//models/turtlebot3_house/mailbox/materials/textures/Mailbox_Diffuse.png
[108.406s] -- Up-to-date symlink: /root/ros_workspace/install/turtlebot3_gazebo/share/turtlebot3_gazebo//models/turtlebot3_house/mailbox/materials/textures/Mailbox_Diffuse.tga.orig
[108.812s] -- Up-to-date symlink: /root/ros_workspace/install/turtlebot3_gazebo/share/turtlebot3_gazebo//models/turtlebot3_house/mailbox/materials/textures/Mailbox_Spec.png
[109.142s] -- Up-to-date symlink: /root/ros_workspace/install/turtlebot3_gazebo/share/turtlebot3_gazebo//models/turtlebot3_house/mailbox/meshes/mailbox.dae
[109.440s] -- Up-to-date symlink: /root/ros_workspace/install/turtlebot3_gazebo/share/turtlebot3_gazebo//models/turtlebot3_house/mailbox/model-1_3.sdf
[109.684s] -- Up-to-date symlink: /root/ros_workspace/install/turtlebot3_gazebo/share/turtlebot3_gazebo//models/turtlebot3_house/mailbox/model-1_4.sdf
[109.891s] -- Up-to-date symlink: /root/ros_workspace/install/turtlebot3_gazebo/share/turtlebot3_gazebo//models/turtlebot3_house/mailbox/model.config
[110.078s] -- Up-to-date symlink: /root/ros_workspace/install/turtlebot3_gazebo/share/turtlebot3_gazebo//models/turtlebot3_house/mailbox/model.sdf
[110.258s] -- Up-to-date symlink: /root/ros_workspace/install/turtlebot3_gazebo/share/turtlebot3_gazebo//models/turtlebot3_house/model.config
[110.432s] -- Up-to-date symlink: /root/ros_workspace/install/turtlebot3_gazebo/share/turtlebot3_gazebo//models/turtlebot3_house/model.sdf
[110.675s] -- Up-to-date symlink: /root/ros_workspace/install/turtlebot3_gazebo/share/turtlebot3_gazebo//models/turtlebot3_house/table_marble/materials/scripts/table_lightmap.material
[110.860s] -- Up-to-date symlink: /root/ros_workspace/install/turtlebot3_gazebo/share/turtlebot3_gazebo//models/turtlebot3_house/table_marble/materials/textures/marble.png
[111.028s] -- Up-to-date symlink: /root/ros_workspace/install/turtlebot3_gazebo/share/turtlebot3_gazebo//models/turtlebot3_house/table_marble/materials/textures/table_lightmap.png
[111.156s] -- Up-to-date symlink: /root/ros_workspace/install/turtlebot3_gazebo/share/turtlebot3_gazebo//models/turtlebot3_house/table_marble/meshes/table_lightmap.dae
[111.266s] -- Up-to-date symlink: /root/ros_workspace/install/turtlebot3_gazebo/share/turtlebot3_gazebo//models/turtlebot3_house/table_marble/model-1_4.sdf
[111.374s] -- Up-to-date symlink: /root/ros_workspace/install/turtlebot3_gazebo/share/turtlebot3_gazebo//models/turtlebot3_house/table_marble/model.config
[111.523s] -- Up-to-date symlink: /root/ros_workspace/install/turtlebot3_gazebo/share/turtlebot3_gazebo//models/turtlebot3_house/table_marble/model.sdf
[111.632s] -- Up-to-date symlink: /root/ros_workspace/install/turtlebot3_gazebo/share/turtlebot3_gazebo//models/turtlebot3_house/textures/bricks.png
[111.740s] -- Up-to-date symlink: /root/ros_workspace/install/turtlebot3_gazebo/share/turtlebot3_gazebo//models/turtlebot3_house/textures/wood.png
[111.828s] -- Up-to-date symlink: /root/ros_workspace/install/turtlebot3_gazebo/share/turtlebot3_gazebo//models/turtlebot3_waffle/model-1_4.sdf
[111.922s] -- Up-to-date symlink: /root/ros_workspace/install/turtlebot3_gazebo/share/turtlebot3_gazebo//models/turtlebot3_waffle/model.config
[112.014s] -- Up-to-date symlink: /root/ros_workspace/install/turtlebot3_gazebo/share/turtlebot3_gazebo//models/turtlebot3_waffle/model.sdf
[112.102s] -- Up-to-date symlink: /root/ros_workspace/install/turtlebot3_gazebo/share/turtlebot3_gazebo//models/turtlebot3_waffle_pi/model-1_4_.sdf
[112.199s] -- Up-to-date symlink: /root/ros_workspace/install/turtlebot3_gazebo/share/turtlebot3_gazebo//models/turtlebot3_waffle_pi/model.config
[112.295s] -- Up-to-date symlink: /root/ros_workspace/install/turtlebot3_gazebo/share/turtlebot3_gazebo//models/turtlebot3_waffle_pi/model.sdf
[112.455s] -- Up-to-date symlink: /root/ros_workspace/install/turtlebot3_gazebo/share/turtlebot3_gazebo//models/turtlebot3_world/materials/textures/eyebrow001-unmodified.png
[112.594s] -- Up-to-date symlink: /root/ros_workspace/install/turtlebot3_gazebo/share/turtlebot3_gazebo//models/turtlebot3_world/materials/textures/eyebrow001.png
[112.717s] -- Up-to-date symlink: /root/ros_workspace/install/turtlebot3_gazebo/share/turtlebot3_gazebo//models/turtlebot3_world/materials/textures/green_eye.png
[112.851s] -- Up-to-date symlink: /root/ros_workspace/install/turtlebot3_gazebo/share/turtlebot3_gazebo//models/turtlebot3_world/materials/textures/jeans01_normals.png
[112.972s] -- Up-to-date symlink: /root/ros_workspace/install/turtlebot3_gazebo/share/turtlebot3_gazebo//models/turtlebot3_world/materials/textures/jeans_basic_diffuse.png
[113.105s] -- Up-to-date symlink: /root/ros_workspace/install/turtlebot3_gazebo/share/turtlebot3_gazebo//models/turtlebot3_world/materials/textures/male02_diffuse_black-unmodified.png
[113.256s] -- Up-to-date symlink: /root/ros_workspace/install/turtlebot3_gazebo/share/turtlebot3_gazebo//models/turtlebot3_world/materials/textures/male02_diffuse_black.png
[113.396s] -- Up-to-date symlink: /root/ros_workspace/install/turtlebot3_gazebo/share/turtlebot3_gazebo//models/turtlebot3_world/materials/textures/teeth.png
[113.541s] -- Up-to-date symlink: /root/ros_workspace/install/turtlebot3_gazebo/share/turtlebot3_gazebo//models/turtlebot3_world/materials/textures/tshirt02_normals.png
[113.686s] -- Up-to-date symlink: /root/ros_workspace/install/turtlebot3_gazebo/share/turtlebot3_gazebo//models/turtlebot3_world/materials/textures/tshirt02_texture.png
[113.853s] -- Up-to-date symlink: /root/ros_workspace/install/turtlebot3_gazebo/share/turtlebot3_gazebo//models/turtlebot3_world/materials/textures/young_lightskinned_male_diffuse.png
[113.981s] -- Up-to-date symlink: /root/ros_workspace/install/turtlebot3_gazebo/share/turtlebot3_gazebo//models/turtlebot3_world/meshes/hexagon.dae
[114.089s] -- Up-to-date symlink: /root/ros_workspace/install/turtlebot3_gazebo/share/turtlebot3_gazebo//models/turtlebot3_world/meshes/standing.dae
[114.200s] -- Up-to-date symlink: /root/ros_workspace/install/turtlebot3_gazebo/share/turtlebot3_gazebo//models/turtlebot3_world/meshes/wall.dae
[114.282s] -- Up-to-date symlink: /root/ros_workspace/install/turtlebot3_gazebo/share/turtlebot3_gazebo//models/turtlebot3_world/model-1_4.sdf
[114.400s] -- Up-to-date symlink: /root/ros_workspace/install/turtlebot3_gazebo/share/turtlebot3_gazebo//models/turtlebot3_world/model.config
[114.519s] -- Up-to-date symlink: /root/ros_workspace/install/turtlebot3_gazebo/share/turtlebot3_gazebo//models/turtlebot3_world/model.sdf
[114.658s] -- Up-to-date symlink: /root/ros_workspace/install/turtlebot3_gazebo/share/turtlebot3_gazebo//params/turtlebot3_burger_bridge.yaml
[114.726s] -- Up-to-date symlink: /root/ros_workspace/install/turtlebot3_gazebo/share/turtlebot3_gazebo//params/turtlebot3_burger_cam_bridge.yaml
[114.798s] -- Up-to-date symlink: /root/ros_workspace/install/turtlebot3_gazebo/share/turtlebot3_gazebo//params/turtlebot3_waffle_bridge.yaml
[114.869s] -- Up-to-date symlink: /root/ros_workspace/install/turtlebot3_gazebo/share/turtlebot3_gazebo//params/turtlebot3_waffle_pi_bridge.yaml
[114.961s] -- Up-to-date symlink: /root/ros_workspace/install/turtlebot3_gazebo/share/turtlebot3_gazebo//rviz/tb3_gazebo.rviz
[115.104s] -- Up-to-date symlink: /root/ros_workspace/install/turtlebot3_gazebo/share/turtlebot3_gazebo//urdf/common_properties.urdf
[115.187s] -- Up-to-date symlink: /root/ros_workspace/install/turtlebot3_gazebo/share/turtlebot3_gazebo//urdf/turtlebot3_burger.urdf
[115.260s] -- Up-to-date symlink: /root/ros_workspace/install/turtlebot3_gazebo/share/turtlebot3_gazebo//urdf/turtlebot3_burger_cam.urdf
[115.355s] -- Up-to-date symlink: /root/ros_workspace/install/turtlebot3_gazebo/share/turtlebot3_gazebo//urdf/turtlebot3_waffle.urdf
[115.459s] -- Up-to-date symlink: /root/ros_workspace/install/turtlebot3_gazebo/share/turtlebot3_gazebo//urdf/turtlebot3_waffle_pi.urdf
[115.695s] -- Up-to-date symlink: /root/ros_workspace/install/turtlebot3_gazebo/share/turtlebot3_gazebo//worlds/empty_world.world
[115.783s] -- Up-to-date symlink: /root/ros_workspace/install/turtlebot3_gazebo/share/turtlebot3_gazebo//worlds/turtlebot3_autorace_2020.world
[115.867s] -- Up-to-date symlink: /root/ros_workspace/install/turtlebot3_gazebo/share/turtlebot3_gazebo//worlds/turtlebot3_dqn_stage1.world
[115.950s] -- Up-to-date symlink: /root/ros_workspace/install/turtlebot3_gazebo/share/turtlebot3_gazebo//worlds/turtlebot3_dqn_stage2.world
[116.045s] -- Up-to-date symlink: /root/ros_workspace/install/turtlebot3_gazebo/share/turtlebot3_gazebo//worlds/turtlebot3_dqn_stage3.world
[116.125s] -- Up-to-date symlink: /root/ros_workspace/install/turtlebot3_gazebo/share/turtlebot3_gazebo//worlds/turtlebot3_dqn_stage4.world
[116.207s] -- Up-to-date symlink: /root/ros_workspace/install/turtlebot3_gazebo/share/turtlebot3_gazebo//worlds/turtlebot3_house.world
[116.282s] -- Up-to-date symlink: /root/ros_workspace/install/turtlebot3_gazebo/share/turtlebot3_gazebo//worlds/turtlebot3_world.world
[116.489s] -- Up-to-date symlink: /root/ros_workspace/install/turtlebot3_gazebo/include//turtlebot3_gazebo/obstacle1.hpp
[116.623s] -- Up-to-date symlink: /root/ros_workspace/install/turtlebot3_gazebo/include//turtlebot3_gazebo/obstacle2.hpp
[116.715s] -- Up-to-date symlink: /root/ros_workspace/install/turtlebot3_gazebo/include//turtlebot3_gazebo/obstacles.hpp
[116.802s] -- Up-to-date symlink: /root/ros_workspace/install/turtlebot3_gazebo/include//turtlebot3_gazebo/traffic_bar_plugin.hpp
[116.886s] -- Up-to-date symlink: /root/ros_workspace/install/turtlebot3_gazebo/include//turtlebot3_gazebo/traffic_light_plugin.hpp
[116.961s] -- Up-to-date symlink: /root/ros_workspace/install/turtlebot3_gazebo/include//turtlebot3_gazebo/turtlebot3_drive.hpp
[117.065s] -- Up-to-date symlink: /root/ros_workspace/install/turtlebot3_gazebo/share/ament_index/resource_index/package_run_dependencies/turtlebot3_gazebo
[117.166s] -- Up-to-date symlink: /root/ros_workspace/install/turtlebot3_gazebo/share/ament_index/resource_index/parent_prefix_path/turtlebot3_gazebo
[117.199s] -- Up-to-date symlink: /root/ros_workspace/install/turtlebot3_gazebo/share/turtlebot3_gazebo/environment/ament_prefix_path.sh
[117.244s] -- Up-to-date symlink: /root/ros_workspace/install/turtlebot3_gazebo/share/turtlebot3_gazebo/environment/ament_prefix_path.dsv
[117.279s] -- Up-to-date symlink: /root/ros_workspace/install/turtlebot3_gazebo/share/turtlebot3_gazebo/environment/path.sh
[117.322s] -- Up-to-date symlink: /root/ros_workspace/install/turtlebot3_gazebo/share/turtlebot3_gazebo/environment/path.dsv
[117.370s] -- Up-to-date symlink: /root/ros_workspace/install/turtlebot3_gazebo/share/turtlebot3_gazebo/local_setup.bash
[117.412s] -- Up-to-date symlink: /root/ros_workspace/install/turtlebot3_gazebo/share/turtlebot3_gazebo/local_setup.sh
[117.455s] -- Up-to-date symlink: /root/ros_workspace/install/turtlebot3_gazebo/share/turtlebot3_gazebo/local_setup.zsh
[117.497s] -- Up-to-date symlink: /root/ros_workspace/install/turtlebot3_gazebo/share/turtlebot3_gazebo/local_setup.dsv
[117.520s] -- Symlinking: /root/ros_workspace/install/turtlebot3_gazebo/share/turtlebot3_gazebo/package.dsv
[118.016s] -- Up-to-date symlink: /root/ros_workspace/install/turtlebot3_gazebo/share/ament_index/resource_index/packages/turtlebot3_gazebo
[118.067s] -- Up-to-date symlink: /root/ros_workspace/install/turtlebot3_gazebo/share/turtlebot3_gazebo/cmake/ament_cmake_export_include_directories-extras.cmake
[118.112s] -- Up-to-date symlink: /root/ros_workspace/install/turtlebot3_gazebo/share/turtlebot3_gazebo/cmake/ament_cmake_export_dependencies-extras.cmake
[118.163s] -- Up-to-date symlink: /root/ros_workspace/install/turtlebot3_gazebo/share/turtlebot3_gazebo/cmake/turtlebot3_gazeboConfig.cmake
[118.213s] -- Up-to-date symlink: /root/ros_workspace/install/turtlebot3_gazebo/share/turtlebot3_gazebo/cmake/turtlebot3_gazeboConfig-version.cmake
[118.284s] -- Up-to-date symlink: /root/ros_workspace/install/turtlebot3_gazebo/share/turtlebot3_gazebo/package.xml
[118.295s] Invoked command in '/root/ros_workspace/build/turtlebot3_gazebo' returned '0': CMAKE_PREFIX_PATH=${CMAKE_PREFIX_PATH}:/root/ros_workspace/install/turtlebot3_teleop:/root/ros_workspace/install/turtlebot3_example:/root/ros_workspace/install/doom_nodes:/opt/ros/jazzy /usr/bin/cmake --install /root/ros_workspace/build/turtlebot3_gazebo
